<?xml version="1.0" encoding="UTF-8"?>
<testsuite xmlns:xsi="http://www.w3.org/2001/XMLSchema-instance" xsi:noNamespaceSchemaLocation="https://maven.apache.org/surefire/maven-failsafe-plugin/xsd/failsafe-test-report-3.0.xsd" version="3.0" name="starter.CucumberTestSuite" time="11.458" tests="6" errors="0" skipped="0" failures="0">
  <properties>
[...]
</properties>
  <testcase name="As user i have be able to success login" classname="Login" time="1.496">
    <system-out><![CDATA[20:05:00.839 [main] DEBUG net.thucydides.core.guice.Injectors - Created injector for module net.thucydides.core.guice.ThucydidesModule
20:05:01.465 [main] INFO io.cucumber.core.plugin.SerenityReporter - Running feature from file:///C:/Users/User/IdeaProjects/untitled3/src/test/resources/features/Login.feature
20:05:01.787 [main] DEBUG net.thucydides.core.guice.Injectors - Created injector for module net.thucydides.core.guice.webdriver.WebDriverModule
20:05:01.809 [main] INFO  - 

-------------------------------------------------------------------------------------
     _______. _______ .______       _______ .__   __.  __  .___________.____    ____ 
    /       ||   ____||   _  \     |   ____||  \ |  | |  | |           |\   \  /   / 
   |   (----`|  |__   |  |_)  |    |  |__   |   \|  | |  | `---|  |----` \   \/   /  
    \   \    |   __|  |      /     |   __|  |  . `  | |  |     |  |       \_    _/   
.----)   |   |  |____ |  |\  \----.|  |____ |  |\   | |  |     |  |         |  |     
|_______/    |_______|| _| `._____||_______||__| \__| |__|     |__|         |__|    
                                                                                     
 News and tutorials at http://www.serenity-bdd.info                                  
 Documentation at https://wakaleo.gitbooks.io/the-serenity-book/content/             
 Join the Serenity Community on Gitter: https://gitter.im/serenity-bdd/serenity-core 
 Serenity BDD Support and Training at http://serenity-bdd.info/#/trainingandsupport  
-------------------------------------------------------------------------------------

20:05:01.812 [main] DEBUG net.thucydides.core.steps.StepEventBus - Test suite started for story net.thucydides.core.model.Story@23282f08
20:05:01.818 [main] INFO  - Test Suite Started: Login
20:05:01.887 [main] INFO io.cucumber.core.plugin.SerenityReporter - Running feature from file:///C:/Users/User/IdeaProjects/untitled3/src/test/resources/features/Logout.feature
20:05:01.893 [main] DEBUG net.thucydides.core.steps.StepEventBus - Test suite started for story net.thucydides.core.model.Story@6b54be12
20:05:01.894 [main] INFO  - Test Suite Started: Post
20:05:01.896 [main] INFO io.cucumber.core.plugin.SerenityReporter - Running feature from file:///C:/Users/User/IdeaProjects/untitled3/src/test/resources/features/Network.feature
20:05:01.902 [main] DEBUG net.thucydides.core.steps.StepEventBus - Test suite started for story net.thucydides.core.model.Story@33287aa8
20:05:01.903 [main] INFO  - Test Suite Started: Network
20:05:01.905 [main] INFO io.cucumber.core.plugin.SerenityReporter - Running feature from file:///C:/Users/User/IdeaProjects/untitled3/src/test/resources/features/Notif.feature
20:05:01.913 [main] DEBUG net.thucydides.core.steps.StepEventBus - Test suite started for story net.thucydides.core.model.Story@7ae66e8d
20:05:01.914 [main] INFO  - Test Suite Started: Notification
20:05:01.915 [main] INFO io.cucumber.core.plugin.SerenityReporter - Running feature from file:///C:/Users/User/IdeaProjects/untitled3/src/test/resources/features/Post.feature
20:05:01.921 [main] DEBUG net.thucydides.core.steps.StepEventBus - Test suite started for story net.thucydides.core.model.Story@59245328
20:05:01.922 [main] INFO  - Test Suite Started: Post
20:05:01.923 [main] INFO io.cucumber.core.plugin.SerenityReporter - Running feature from file:///C:/Users/User/IdeaProjects/untitled3/src/test/resources/features/Profile.feature
20:05:01.931 [main] DEBUG net.thucydides.core.steps.StepEventBus - Test suite started for story net.thucydides.core.model.Story@f910bf08
20:05:01.932 [main] INFO  - Test Suite Started: Profile
20:05:01.934 [main] INFO io.cucumber.core.plugin.SerenityReporter - Running feature from file:///C:/Users/User/IdeaProjects/untitled3/src/test/resources/features/Login.feature
20:05:01.939 [main] DEBUG net.thucydides.core.steps.StepEventBus - Test suite started for story net.thucydides.core.model.Story@23282f08
20:05:01.941 [main] INFO  - Test Suite Started: Login

Scenario: As user i have be able to success login # src/test/resources/features/Login.feature:6
20:05:02.163 [main] INFO io.cucumber.core.plugin.SerenityReporter - Running feature from file:///C:/Users/User/IdeaProjects/untitled3/src/test/resources/features/Login.feature
20:05:02.479 [main] INFO  - 
  _____   ___   ___   _____     ___   _____     _     ___   _____   ___   ___  
 |_   _| | __| / __| |_   _|   / __| |_   _|   /_\   | _ \ |_   _| | __| |   \ 
   | |   | _|  \__ \   | |     \__ \   | |    / _ \  |   /   | |   | _|  | |) |
   |_|   |___| |___/   |_|     |___/   |_|   /_/ \_\ |_|_\   |_|   |___| |___/ 

As user i have be able to success login(login;as-user-i-have-be-able-to-success-login)
--------------------------------------------------------------------------------
20:05:03.382 [main] DEBUG net.thucydides.core.steps.StepInterceptor - STARTING STEP: LoginSteps.onTheLoginPage - I am on the landing page
I am on the landing page
20:05:03.390 [main] DEBUG net.thucydides.core.steps.StepInterceptor - STEP DONE: I am on the landing page
  Given I am on the login page                    # starter.stepdefinition.LoginSteps.onTheLoginPage()
20:05:03.411 [main] DEBUG net.thucydides.core.steps.StepInterceptor - STARTING STEP: LoginSteps.enterUsernameAndPassword - I enter my username and password corectly
I enter my username and password correctly
20:05:03.411 [main] DEBUG net.thucydides.core.steps.StepInterceptor - STEP DONE: I enter my username and password corectly
  When I enter my username and password           # starter.stepdefinition.LoginSteps.enterUsernameAndPassword()
20:05:03.419 [main] DEBUG net.thucydides.core.steps.StepInterceptor - STARTING STEP: LoginSteps.clickLoginButton - I click login button
I click login button
20:05:03.420 [main] DEBUG net.thucydides.core.steps.StepInterceptor - STEP DONE: I click login button
  And I click login button                        # starter.stepdefinition.LoginSteps.clickLoginButton()
20:05:03.429 [main] DEBUG net.thucydides.core.steps.StepInterceptor - STARTING STEP: LoginSteps.onTheHomePage - I am on the home page
I am on the homepage
20:05:03.429 [main] DEBUG net.thucydides.core.steps.StepInterceptor - STEP DONE: I am on the home page
  Then I am on the home page                      # starter.stepdefinition.LoginSteps.onTheHomePage()
20:05:03.437 [main] INFO  - 
  _____   ___   ___   _____     ___     _     ___   ___   ___   ___  
 |_   _| | __| / __| |_   _|   | _ \   /_\   / __| / __| | __| |   \ 
   | |   | _|  \__ \   | |     |  _/  / _ \  \__ \ \__ \ | _|  | |) |
   |_|   |___| |___/   |_|     |_|   /_/ \_\ |___/ |___/ |___| |___/ 

As user i have be able to success login
----------------------------------------------------------------------
]]></system-out>
  </testcase>
  <testcase name="As user i have be able to logout" classname="Post #1" time="0.075">
    <system-out><![CDATA[20:05:03.450 [main] INFO io.cucumber.core.plugin.SerenityReporter - Running feature from file:///C:/Users/User/IdeaProjects/untitled3/src/test/resources/features/Logout.feature
20:05:03.478 [main] DEBUG net.thucydides.core.steps.StepEventBus - Test suite started for story net.thucydides.core.model.Story@6b54be12
20:05:03.480 [main] INFO  - Test Suite Started: Post

Scenario: As user i have be able to logout # src/test/resources/features/Logout.feature:6
20:05:03.538 [main] INFO io.cucumber.core.plugin.SerenityReporter - Running feature from file:///C:/Users/User/IdeaProjects/untitled3/src/test/resources/features/Logout.feature
20:05:03.543 [main] INFO  - 
  _____   ___   ___   _____     ___   _____     _     ___   _____   ___   ___  
 |_   _| | __| / __| |_   _|   / __| |_   _|   /_\   | _ \ |_   _| | __| |   \ 
   | |   | _|  \__ \   | |     \__ \   | |    / _ \  |   /   | |   | _|  | |) |
   |_|   |___| |___/   |_|     |___/   |_|   /_/ \_\ |_|_\   |_|   |___| |___/ 

As user i have be able to logout(post;as-user-i-have-be-able-to-logout)
--------------------------------------------------------------------------------
20:05:03.571 [main] DEBUG net.thucydides.core.steps.StepInterceptor - STARTING STEP: LogoutSteps.alredyLogin - I already login to my account
I already login to my account
20:05:03.571 [main] DEBUG net.thucydides.core.steps.StepInterceptor - STEP DONE: I already login to my account
  Given I already login to my account      # starter.stepdefinition.LogoutSteps.alredyLogin()
20:05:03.578 [main] DEBUG net.thucydides.core.steps.StepInterceptor - STARTING STEP: LogoutSteps.clickSignout - I click signout button
I click signout button
20:05:03.578 [main] DEBUG net.thucydides.core.steps.StepInterceptor - STEP DONE: I click signout button
  When I click signout button              # starter.stepdefinition.LogoutSteps.clickSignout()
20:05:03.584 [main] DEBUG net.thucydides.core.steps.StepInterceptor - STARTING STEP: LogoutSteps.logout - I can logout from my account
I can logout from my account
20:05:03.584 [main] DEBUG net.thucydides.core.steps.StepInterceptor - STEP DONE: I can logout from my account
  Then I can logout from my account        # starter.stepdefinition.LogoutSteps.logout()
20:05:03.587 [main] INFO  - 
  _____   ___   ___   _____     ___     _     ___   ___   ___   ___  
 |_   _| | __| / __| |_   _|   | _ \   /_\   / __| / __| | __| |   \ 
   | |   | _|  \__ \   | |     |  _/  / _ \  \__ \ \__ \ | _|  | |) |
   |_|   |___| |___/   |_|     |_|   /_/ \_\ |___/ |___/ |___| |___/ 

As user i have be able to logout
----------------------------------------------------------------------
]]></system-out>
  </testcase>
  <testcase name="As user i have be able to connect to other people" classname="Network" time="0.107">
    <system-out><![CDATA[20:05:03.590 [main] INFO io.cucumber.core.plugin.SerenityReporter - Running feature from file:///C:/Users/User/IdeaProjects/untitled3/src/test/resources/features/Network.feature
20:05:03.602 [main] DEBUG net.thucydides.core.steps.StepEventBus - Test suite started for story net.thucydides.core.model.Story@33287aa8
20:05:03.602 [main] INFO  - Test Suite Started: Network

Scenario: As user i have be able to connect to other people # src/test/resources/features/Network.feature:6
20:05:03.627 [main] INFO io.cucumber.core.plugin.SerenityReporter - Running feature from file:///C:/Users/User/IdeaProjects/untitled3/src/test/resources/features/Network.feature
20:05:03.631 [main] INFO  - 
  _____   ___   ___   _____     ___   _____     _     ___   _____   ___   ___  
 |_   _| | __| / __| |_   _|   / __| |_   _|   /_\   | _ \ |_   _| | __| |   \ 
   | |   | _|  \__ \   | |     \__ \   | |    / _ \  |   /   | |   | _|  | |) |
   |_|   |___| |___/   |_|     |___/   |_|   /_/ \_\ |_|_\   |_|   |___| |___/ 

As user i have be able to connect to other people(network;as-user-i-have-be-able-to-connect-to-other-people)
--------------------------------------------------------------------------------
20:05:03.677 [main] DEBUG net.thucydides.core.steps.StepInterceptor - STARTING STEP: NetworkSteps.onNetworkPage - I am on the network page
I am on the network page
20:05:03.678 [main] DEBUG net.thucydides.core.steps.StepInterceptor - STEP DONE: I am on the network page
  Given I am on the network page                            # starter.stepdefinition.NetworkSteps.onNetworkPage()
20:05:03.690 [main] DEBUG net.thucydides.core.steps.StepInterceptor - STARTING STEP: NetworkSteps.clickFollow - I click follow button on people account
I click follow button on people account
20:05:03.691 [main] DEBUG net.thucydides.core.steps.StepInterceptor - STEP DONE: I click follow button on people account
  When I click follow button on people account              # starter.stepdefinition.NetworkSteps.clickFollow()
20:05:03.698 [main] DEBUG net.thucydides.core.steps.StepInterceptor - STARTING STEP: NetworkSteps.acceptRequest - My request is accepted
My request is accepted
20:05:03.699 [main] DEBUG net.thucydides.core.steps.StepInterceptor - STEP DONE: My request is accepted
  And My request is accepted                                # starter.stepdefinition.NetworkSteps.acceptRequest()
20:05:03.707 [main] DEBUG net.thucydides.core.steps.StepInterceptor - STARTING STEP: NetworkSteps.seeActivity - II can see their activity
I can see their activity
20:05:03.709 [main] DEBUG net.thucydides.core.steps.StepInterceptor - STEP DONE: II can see their activity
  Then I can see their activity                             # starter.stepdefinition.NetworkSteps.seeActivity()
20:05:03.712 [main] INFO  - 
  _____   ___   ___   _____     ___     _     ___   ___   ___   ___  
 |_   _| | __| / __| |_   _|   | _ \   /_\   / __| / __| | __| |   \ 
   | |   | _|  \__ \   | |     |  _/  / _ \  \__ \ \__ \ | _|  | |) |
   |_|   |___| |___/   |_|     |_|   /_/ \_\ |___/ |___/ |___| |___/ 

As user i have be able to connect to other people
----------------------------------------------------------------------
]]></system-out>
  </testcase>
  <testcase name="As user i have be able to see my notification" classname="Notification" time="0.14">
    <system-out><![CDATA[20:05:03.714 [main] INFO io.cucumber.core.plugin.SerenityReporter - Running feature from file:///C:/Users/User/IdeaProjects/untitled3/src/test/resources/features/Notif.feature
20:05:03.719 [main] DEBUG net.thucydides.core.steps.StepEventBus - Test suite started for story net.thucydides.core.model.Story@7ae66e8d
20:05:03.720 [main] INFO  - Test Suite Started: Notification

Scenario: As user i have be able to see my notification # src/test/resources/features/Notif.feature:6
20:05:03.740 [main] INFO io.cucumber.core.plugin.SerenityReporter - Running feature from file:///C:/Users/User/IdeaProjects/untitled3/src/test/resources/features/Notif.feature
20:05:03.759 [main] INFO  - 
  _____   ___   ___   _____     ___   _____     _     ___   _____   ___   ___  
 |_   _| | __| / __| |_   _|   / __| |_   _|   /_\   | _ \ |_   _| | __| |   \ 
   | |   | _|  \__ \   | |     \__ \   | |    / _ \  |   /   | |   | _|  | |) |
   |_|   |___| |___/   |_|     |___/   |_|   /_/ \_\ |_|_\   |_|   |___| |___/ 

As user i have be able to see my notification(notification;as-user-i-have-be-able-to-see-my-notification)
--------------------------------------------------------------------------------
20:05:03.825 [main] DEBUG net.thucydides.core.steps.StepInterceptor - STARTING STEP: ProfileSteps.onTheDashboard - I am on the Linkdin Dashboard
I am on the Linkdin Dashboard
20:05:03.827 [main] DEBUG net.thucydides.core.steps.StepInterceptor - STEP DONE: I am on the Linkdin Dashboard
  Given I am on the Linkdin Dashboard                   # starter.stepdefinition.ProfileSteps.onTheDashboard()
20:05:03.851 [main] DEBUG net.thucydides.core.steps.StepInterceptor - STARTING STEP: NotifSteps.clickNotification - I click notification button
I click notification button
20:05:03.851 [main] DEBUG net.thucydides.core.steps.StepInterceptor - STEP DONE: I click notification button
  When I click notification button                      # starter.stepdefinition.NotifSteps.clickNotification()
20:05:03.857 [main] DEBUG net.thucydides.core.steps.StepInterceptor - STARTING STEP: NotifSteps.seeMyNotification - I can see my notification
I can see my notification
20:05:03.857 [main] DEBUG net.thucydides.core.steps.StepInterceptor - STEP DONE: I can see my notification
  Then I can see my notification                        # starter.stepdefinition.NotifSteps.seeMyNotification()
20:05:03.861 [main] INFO  - 
  _____   ___   ___   _____     ___     _     ___   ___   ___   ___  
 |_   _| | __| / __| |_   _|   | _ \   /_\   / __| / __| | __| |   \ 
   | |   | _|  \__ \   | |     |  _/  / _ \  \__ \ \__ \ | _|  | |) |
   |_|   |___| |___/   |_|     |_|   /_/ \_\ |___/ |___/ |___| |___/ 

As user i have be able to see my notification
----------------------------------------------------------------------
]]></system-out>
  </testcase>
  <testcase name="As user i have be able to post my activity" classname="Post #2" time="0.136">
    <system-out><![CDATA[20:05:03.864 [main] INFO io.cucumber.core.plugin.SerenityReporter - Running feature from file:///C:/Users/User/IdeaProjects/untitled3/src/test/resources/features/Post.feature
20:05:03.869 [main] DEBUG net.thucydides.core.steps.StepEventBus - Test suite started for story net.thucydides.core.model.Story@59245328
20:05:03.871 [main] INFO  - Test Suite Started: Post

Scenario: As user i have be able to post my activity # src/test/resources/features/Post.feature:6
20:05:03.894 [main] INFO io.cucumber.core.plugin.SerenityReporter - Running feature from file:///C:/Users/User/IdeaProjects/untitled3/src/test/resources/features/Post.feature
20:05:03.899 [main] INFO  - 
  _____   ___   ___   _____     ___   _____     _     ___   _____   ___   ___  
 |_   _| | __| / __| |_   _|   / __| |_   _|   /_\   | _ \ |_   _| | __| |   \ 
   | |   | _|  \__ \   | |     \__ \   | |    / _ \  |   /   | |   | _|  | |) |
   |_|   |___| |___/   |_|     |___/   |_|   /_/ \_\ |_|_\   |_|   |___| |___/ 

As user i have be able to post my activity(post;as-user-i-have-be-able-to-post-my-activity)
--------------------------------------------------------------------------------
20:05:03.979 [main] DEBUG net.thucydides.core.steps.StepInterceptor - STARTING STEP: PostSteps.onPostTab - I am on the post tab
I am on the post tab
20:05:03.980 [main] DEBUG net.thucydides.core.steps.StepInterceptor - STEP DONE: I am on the post tab
  Given I am on the post tab                         # starter.stepdefinition.PostSteps.onPostTab()
20:05:03.986 [main] DEBUG net.thucydides.core.steps.StepInterceptor - STARTING STEP: PostSteps.writeMyActivity - I write something about my activity
I write something about my activity
20:05:03.986 [main] DEBUG net.thucydides.core.steps.StepInterceptor - STEP DONE: I write something about my activity
  When I write something about my activity           # starter.stepdefinition.PostSteps.writeMyActivity()
20:05:03.994 [main] DEBUG net.thucydides.core.steps.StepInterceptor - STARTING STEP: PostSteps.clickPostButton - I click post button
I click post button
20:05:03.995 [main] DEBUG net.thucydides.core.steps.StepInterceptor - STEP DONE: I click post button
  And I click post button                            # starter.stepdefinition.PostSteps.clickPostButton()
20:05:04.002 [main] DEBUG net.thucydides.core.steps.StepInterceptor - STARTING STEP: PostSteps.seeMyActivity - My network can see my activity
My network can see my activity
20:05:04.003 [main] DEBUG net.thucydides.core.steps.StepInterceptor - STEP DONE: My network can see my activity
  Then My network can see my activity                # starter.stepdefinition.PostSteps.seeMyActivity()
20:05:04.010 [main] INFO  - 
  _____   ___   ___   _____     ___     _     ___   ___   ___   ___  
 |_   _| | __| / __| |_   _|   | _ \   /_\   / __| / __| | __| |   \ 
   | |   | _|  \__ \   | |     |  _/  / _ \  \__ \ \__ \ | _|  | |) |
   |_|   |___| |___/   |_|     |_|   /_/ \_\ |___/ |___/ |___| |___/ 

As user i have be able to post my activity
----------------------------------------------------------------------
]]></system-out>
  </testcase>
  <testcase name="As user i have be able to see my profile" classname="Profile" time="0.109">
    <system-out><![CDATA[20:05:04.013 [main] INFO io.cucumber.core.plugin.SerenityReporter - Running feature from file:///C:/Users/User/IdeaProjects/untitled3/src/test/resources/features/Profile.feature
20:05:04.023 [main] DEBUG net.thucydides.core.steps.StepEventBus - Test suite started for story net.thucydides.core.model.Story@f910bf08
20:05:04.024 [main] INFO  - Test Suite Started: Profile

Scenario: As user i have be able to see my profile # src/test/resources/features/Profile.feature:6
20:05:04.045 [main] INFO io.cucumber.core.plugin.SerenityReporter - Running feature from file:///C:/Users/User/IdeaProjects/untitled3/src/test/resources/features/Profile.feature
20:05:04.049 [main] INFO  - 
  _____   ___   ___   _____     ___   _____     _     ___   _____   ___   ___  
 |_   _| | __| / __| |_   _|   / __| |_   _|   /_\   | _ \ |_   _| | __| |   \ 
   | |   | _|  \__ \   | |     \__ \   | |    / _ \  |   /   | |   | _|  | |) |
   |_|   |___| |___/   |_|     |___/   |_|   /_/ \_\ |_|_\   |_|   |___| |___/ 

As user i have be able to see my profile(profile;as-user-i-have-be-able-to-see-my-profile)
--------------------------------------------------------------------------------
20:05:04.082 [main] DEBUG net.thucydides.core.steps.StepInterceptor - STARTING STEP: ProfileSteps.onTheDashboard - I am on the Linkdin Dashboard
I am on the Linkdin Dashboard
20:05:04.083 [main] DEBUG net.thucydides.core.steps.StepInterceptor - STEP DONE: I am on the Linkdin Dashboard
  Given I am on the Linkdin Dashboard              # starter.stepdefinition.ProfileSteps.onTheDashboard()
20:05:04.097 [main] DEBUG net.thucydides.core.steps.StepInterceptor - STARTING STEP: ProfileSteps.clickMyProfile - I click my profile
I click my profile
20:05:04.097 [main] DEBUG net.thucydides.core.steps.StepInterceptor - STEP DONE: I click my profile
  When I click my profile                          # starter.stepdefinition.ProfileSteps.clickMyProfile()
20:05:04.115 [main] DEBUG net.thucydides.core.steps.StepInterceptor - STARTING STEP: ProfileSteps.seeMyProfile - I can see my profile
I can see my profile
20:05:04.117 [main] DEBUG net.thucydides.core.steps.StepInterceptor - STEP DONE: I can see my profile
  Then I can see my profile                        # starter.stepdefinition.ProfileSteps.seeMyProfile()
20:05:04.130 [main] INFO  - 
  _____   ___   ___   _____     ___     _     ___   ___   ___   ___  
 |_   _| | __| / __| |_   _|   | _ \   /_\   / __| / __| | __| |   \ 
   | |   | _|  \__ \   | |     |  _/  / _ \  \__ \ \__ \ | _|  | |) |
   |_|   |___| |___/   |_|     |_|   /_/ \_\ |___/ |___/ |___| |___/ 

As user i have be able to see my profile
----------------------------------------------------------------------
]]></system-out>
  </testcase>
</testsuite>