<?xml version="1.0" encoding="UTF-8"?>
<testsuite xmlns:xsi="http://www.w3.org/2001/XMLSchema-instance" xsi:noNamespaceSchemaLocation="https://maven.apache.org/surefire/maven-failsafe-plugin/xsd/failsafe-test-report-3.0.xsd" version="3.0" name="starter.CucumberTestSuite" time="63.858" tests="51" errors="0" skipped="0" failures="0">
  <properties>
[...]
</properties>
  <testcase name="CART - GET detail data cart" classname="Cart" time="7.616">
    <system-out><![CDATA[21:59:53.583 [main] DEBUG net.thucydides.core.guice.Injectors - Created injector for module net.thucydides.core.guice.ThucydidesModule
21:59:54.100 [main] INFO io.cucumber.core.plugin.SerenityReporter - Running feature from file:///C:/Users/User/IdeaProjects/CodeCompetence2/src/test/resources/api/cart.feature
21:59:54.101 [main] WARN io.cucumber.core.plugin.SerenityReporter - Feature from file:///C:/Users/User/IdeaProjects/CodeCompetence2/src/test/resources/api/cart.feature is not under the 'features' directory. Requirements report will not be correctly generated!
21:59:54.414 [main] DEBUG net.thucydides.core.guice.Injectors - Created injector for module net.thucydides.core.guice.webdriver.WebDriverModule
21:59:54.451 [main] INFO  - 

-------------------------------------------------------------------------------------
     _______. _______ .______       _______ .__   __.  __  .___________.____    ____ 
    /       ||   ____||   _  \     |   ____||  \ |  | |  | |           |\   \  /   / 
   |   (----`|  |__   |  |_)  |    |  |__   |   \|  | |  | `---|  |----` \   \/   /  
    \   \    |   __|  |      /     |   __|  |  . `  | |  |     |  |       \_    _/   
.----)   |   |  |____ |  |\  \----.|  |____ |  |\   | |  |     |  |         |  |     
|_______/    |_______|| _| `._____||_______||__| \__| |__|     |__|         |__|    
                                                                                     
 News and tutorials at http://www.serenity-bdd.info                                  
 Documentation at https://wakaleo.gitbooks.io/the-serenity-book/content/             
 Join the Serenity Community on Gitter: https://gitter.im/serenity-bdd/serenity-core 
 Serenity BDD Support and Training at http://serenity-bdd.info/#/trainingandsupport  
-------------------------------------------------------------------------------------

21:59:54.454 [main] DEBUG net.thucydides.core.steps.StepEventBus - Test suite started for story net.thucydides.core.model.Story@4162f7de
21:59:54.459 [main] INFO  - Test Suite Started: Cart
21:59:54.482 [main] INFO io.cucumber.core.plugin.SerenityReporter - Running feature from file:///C:/Users/User/IdeaProjects/CodeCompetence2/src/test/resources/api/login.feature
21:59:54.482 [main] WARN io.cucumber.core.plugin.SerenityReporter - Feature from file:///C:/Users/User/IdeaProjects/CodeCompetence2/src/test/resources/api/login.feature is not under the 'features' directory. Requirements report will not be correctly generated!
21:59:54.490 [main] DEBUG net.thucydides.core.steps.StepEventBus - Test suite started for story net.thucydides.core.model.Story@bf0480f0
21:59:54.490 [main] INFO  - Test Suite Started: User
21:59:54.491 [main] INFO io.cucumber.core.plugin.SerenityReporter - Running feature from file:///C:/Users/User/IdeaProjects/CodeCompetence2/src/test/resources/api/product.feature
21:59:54.491 [main] WARN io.cucumber.core.plugin.SerenityReporter - Feature from file:///C:/Users/User/IdeaProjects/CodeCompetence2/src/test/resources/api/product.feature is not under the 'features' directory. Requirements report will not be correctly generated!
21:59:54.501 [main] DEBUG net.thucydides.core.steps.StepEventBus - Test suite started for story net.thucydides.core.model.Story@9521e952
21:59:54.502 [main] INFO  - Test Suite Started: Product
21:59:54.502 [main] INFO io.cucumber.core.plugin.SerenityReporter - Running feature from file:///C:/Users/User/IdeaProjects/CodeCompetence2/src/test/resources/api/user.feature
21:59:54.502 [main] WARN io.cucumber.core.plugin.SerenityReporter - Feature from file:///C:/Users/User/IdeaProjects/CodeCompetence2/src/test/resources/api/user.feature is not under the 'features' directory. Requirements report will not be correctly generated!
21:59:54.511 [main] DEBUG net.thucydides.core.steps.StepEventBus - Test suite started for story net.thucydides.core.model.Story@b4b7323e
21:59:54.512 [main] INFO  - Test Suite Started: User
21:59:54.513 [main] INFO io.cucumber.core.plugin.SerenityReporter - Running feature from file:///C:/Users/User/IdeaProjects/CodeCompetence2/src/test/resources/api/cart.feature
21:59:54.513 [main] WARN io.cucumber.core.plugin.SerenityReporter - Feature from file:///C:/Users/User/IdeaProjects/CodeCompetence2/src/test/resources/api/cart.feature is not under the 'features' directory. Requirements report will not be correctly generated!
21:59:54.520 [main] DEBUG net.thucydides.core.steps.StepEventBus - Test suite started for story net.thucydides.core.model.Story@4162f7de
21:59:54.521 [main] INFO  - Test Suite Started: Cart

Scenario: CART - GET detail data cart              &amp#27;[90m# src/test/resources/api/cart.feature:3&amp#27;[0m
21:59:54.721 [main] INFO io.cucumber.core.plugin.SerenityReporter - Running feature from file:///C:/Users/User/IdeaProjects/CodeCompetence2/src/test/resources/api/cart.feature
21:59:54.721 [main] WARN io.cucumber.core.plugin.SerenityReporter - Feature from file:///C:/Users/User/IdeaProjects/CodeCompetence2/src/test/resources/api/cart.feature is not under the 'features' directory. Requirements report will not be correctly generated!
21:59:54.915 [main] INFO  - 
  _____   ___   ___   _____     ___   _____     _     ___   _____   ___   ___  
 |_   _| | __| / __| |_   _|   / __| |_   _|   /_\   | _ \ |_   _| | __| |   \ 
   | |   | _|  \__ \   | |     \__ \   | |    / _ \  |   /   | |   | _|  | |) |
   |_|   |___| |___/   |_|     |___/   |_|   /_/ \_\ |_|_\   |_|   |___| |___/ 

CART - GET detail data cart(cart;cart---get-detail-data-cart)
--------------------------------------------------------------------------------
21:59:55.789 [main] DEBUG net.thucydides.core.steps.StepInterceptor - STARTING STEP: CartSteps.setGetChartEndpoint - I GET API cart endpoints
21:59:55.793 [main] DEBUG net.thucydides.core.steps.StepInterceptor - STEP DONE: I GET API cart endpoints
  &amp#27;[32mGiven &amp#27;[0m&amp#27;[32mI GET API cart endpoints&amp#27;[0m                   &amp#27;[90m# starter.stepdefinition.CartSteps.setGetChartEndpoint()&amp#27;[0m
21:59:55.810 [main] DEBUG net.thucydides.core.steps.StepInterceptor - STARTING STEP: CartSteps.getChartRequestUrl - I GET HTTP request cart data
21:59:58.445 [main] DEBUG net.thucydides.core.steps.StepInterceptor - STARTING STEP: Cart.getCartRequest - I GET API cart endpoints
21:59:58.446 [main] DEBUG net.thucydides.core.steps.StepInterceptor - STEP DONE: I GET API cart endpoints
21:59:59.692 [main] DEBUG org.apache.http.impl.conn.BasicClientConnectionManager - Get connection for route {s}->https://fakestoreapi.com:443
21:59:59.939 [main] DEBUG org.apache.http.impl.conn.DefaultClientConnectionOperator - Connecting to fakestoreapi.com:443
22:00:00.342 [main] DEBUG org.apache.http.client.protocol.RequestAddCookies - CookieSpec selected: ignoreCookies
22:00:00.343 [main] DEBUG org.apache.http.client.protocol.RequestAuthCache - Auth cache not set in the context
22:00:00.344 [main] DEBUG org.apache.http.client.protocol.RequestTargetAuthentication - Target auth state: UNCHALLENGED
22:00:00.344 [main] DEBUG org.apache.http.client.protocol.RequestProxyAuthentication - Proxy auth state: UNCHALLENGED
22:00:00.344 [main] DEBUG org.apache.http.impl.client.DefaultHttpClient - Attempt 1 to execute request
22:00:00.345 [main] DEBUG org.apache.http.impl.conn.DefaultClientConnection - Sending request: GET /carts/5 HTTP/1.1
22:00:00.345 [main] DEBUG org.apache.http.wire -  >> "GET /carts/5 HTTP/1.1[\r][\n]"
22:00:00.346 [main] DEBUG org.apache.http.wire -  >> "Accept: */*[\r][\n]"
22:00:00.346 [main] DEBUG org.apache.http.wire -  >> "Host: fakestoreapi.com[\r][\n]"
22:00:00.346 [main] DEBUG org.apache.http.wire -  >> "Connection: Keep-Alive[\r][\n]"
22:00:00.346 [main] DEBUG org.apache.http.wire -  >> "User-Agent: Apache-HttpClient/4.5.13 (Java/19.0.2)[\r][\n]"
22:00:00.346 [main] DEBUG org.apache.http.wire -  >> "Accept-Encoding: gzip,deflate[\r][\n]"
22:00:00.346 [main] DEBUG org.apache.http.wire -  >> "[\r][\n]"
22:00:00.346 [main] DEBUG org.apache.http.headers - >> GET /carts/5 HTTP/1.1
22:00:00.346 [main] DEBUG org.apache.http.headers - >> Accept: */*
22:00:00.346 [main] DEBUG org.apache.http.headers - >> Host: fakestoreapi.com
22:00:00.346 [main] DEBUG org.apache.http.headers - >> Connection: Keep-Alive
22:00:00.346 [main] DEBUG org.apache.http.headers - >> User-Agent: Apache-HttpClient/4.5.13 (Java/19.0.2)
22:00:00.346 [main] DEBUG org.apache.http.headers - >> Accept-Encoding: gzip,deflate
22:00:01.183 [main] DEBUG org.apache.http.wire -  << "HTTP/1.1 200 OK[\r][\n]"
22:00:01.185 [main] DEBUG org.apache.http.wire -  << "Date: Sat, 15 Apr 2023 15:00:01 GMT[\r][\n]"
22:00:01.185 [main] DEBUG org.apache.http.wire -  << "Content-Type: application/json; charset=utf-8[\r][\n]"
22:00:01.185 [main] DEBUG org.apache.http.wire -  << "Transfer-Encoding: chunked[\r][\n]"
22:00:01.185 [main] DEBUG org.apache.http.wire -  << "Connection: keep-alive[\r][\n]"
22:00:01.185 [main] DEBUG org.apache.http.wire -  << "Access-Control-Allow-Origin: *[\r][\n]"
22:00:01.185 [main] DEBUG org.apache.http.wire -  << "Etag: W/"84-gdIyDDM4F2vHdbWZQxEVv0T8aPA"[\r][\n]"
22:00:01.185 [main] DEBUG org.apache.http.wire -  << "X-Powered-By: Express[\r][\n]"
22:00:01.185 [main] DEBUG org.apache.http.wire -  << "CF-Cache-Status: DYNAMIC[\r][\n]"
22:00:01.185 [main] DEBUG org.apache.http.wire -  << "Report-To: {"endpoints":[{"url":"https:\/\/a.nel.cloudflare.com\/report\/v3?s=4HW4eelA%2B%2FRWRG5A%2F%2FNE9CLlfKYdsxRHy6m3QFNblonlXXVfWkqy2DsOLURijlVEFMvdFbK8bHHLTj0gD4wDZ13EL%2B35E1xoNF1rU5%2FJtpXcDueduQSynbmX48StnkrgDaY9"}],"group":"cf-nel","max_age":604800}[\r][\n]"
22:00:01.185 [main] DEBUG org.apache.http.wire -  << "NEL: {"success_fraction":0,"report_to":"cf-nel","max_age":604800}[\r][\n]"
22:00:01.185 [main] DEBUG org.apache.http.wire -  << "Server: cloudflare[\r][\n]"
22:00:01.186 [main] DEBUG org.apache.http.wire -  << "CF-RAY: 7b850e3d4d013e62-SIN[\r][\n]"
22:00:01.186 [main] DEBUG org.apache.http.wire -  << "Content-Encoding: gzip[\r][\n]"
22:00:01.186 [main] DEBUG org.apache.http.wire -  << "alt-svc: h3=":443"; ma=86400, h3-29=":443"; ma=86400[\r][\n]"
22:00:01.186 [main] DEBUG org.apache.http.wire -  << "[\r][\n]"
22:00:01.186 [main] DEBUG org.apache.http.impl.conn.DefaultClientConnection - Receiving response: HTTP/1.1 200 OK
22:00:01.186 [main] DEBUG org.apache.http.headers - << HTTP/1.1 200 OK
22:00:01.187 [main] DEBUG org.apache.http.headers - << Date: Sat, 15 Apr 2023 15:00:01 GMT
22:00:01.187 [main] DEBUG org.apache.http.headers - << Content-Type: application/json; charset=utf-8
22:00:01.187 [main] DEBUG org.apache.http.headers - << Transfer-Encoding: chunked
22:00:01.187 [main] DEBUG org.apache.http.headers - << Connection: keep-alive
22:00:01.187 [main] DEBUG org.apache.http.headers - << Access-Control-Allow-Origin: *
22:00:01.187 [main] DEBUG org.apache.http.headers - << Etag: W/"84-gdIyDDM4F2vHdbWZQxEVv0T8aPA"
22:00:01.187 [main] DEBUG org.apache.http.headers - << X-Powered-By: Express
22:00:01.187 [main] DEBUG org.apache.http.headers - << CF-Cache-Status: DYNAMIC
22:00:01.187 [main] DEBUG org.apache.http.headers - << Report-To: {"endpoints":[{"url":"https:\/\/a.nel.cloudflare.com\/report\/v3?s=4HW4eelA%2B%2FRWRG5A%2F%2FNE9CLlfKYdsxRHy6m3QFNblonlXXVfWkqy2DsOLURijlVEFMvdFbK8bHHLTj0gD4wDZ13EL%2B35E1xoNF1rU5%2FJtpXcDueduQSynbmX48StnkrgDaY9"}],"group":"cf-nel","max_age":604800}
22:00:01.187 [main] DEBUG org.apache.http.headers - << NEL: {"success_fraction":0,"report_to":"cf-nel","max_age":604800}
22:00:01.187 [main] DEBUG org.apache.http.headers - << Server: cloudflare
22:00:01.187 [main] DEBUG org.apache.http.headers - << CF-RAY: 7b850e3d4d013e62-SIN
22:00:01.187 [main] DEBUG org.apache.http.headers - << Content-Encoding: gzip
22:00:01.187 [main] DEBUG org.apache.http.headers - << alt-svc: h3=":443"; ma=86400, h3-29=":443"; ma=86400
22:00:01.196 [main] DEBUG org.apache.http.impl.client.DefaultHttpClient - Connection can be kept alive indefinitely
22:00:01.204 [main] DEBUG io.restassured.internal.RestAssuredHttpBuilder - Parsing response as: application/json; charset=utf-8
22:00:01.205 [main] DEBUG org.apache.http.wire -  << "78[\r][\n]"
22:00:01.205 [main] DEBUG org.apache.http.wire -  << "[0x1f][0x8b][0x8][0x0][0x0][0x0][0x0][0x0][0x0][0x3]T[0x8b][0xcd][\n]"
22:00:01.205 [main] DEBUG org.apache.http.wire -  << "@@[0x14]F[0xdf][0xe5][_[0xfa][0x98]D[0xf7][\r][0xec][0xad]H[0x92][0xb1][0xb0][0xf1];[0xa3]$[0xef].[0xca]B[0x9d][0xcd][0xe9]tN[0xc][0x16][0x9a][0x8][0xfc][0xd6][0xaf][0xb9][0x85][0x1a][0x81]m][0xf]E[0xcc][0x98][0x1]M[0xc0][0xa8] [0xf5]%$YB0[0xaf][0x93][0xf5][0x9d][0xdb][0xa0][0xd5][0xf9][0xc9]3[0xa7][0x82][0xc5][0xb7][0xa3][0x1b][0xdc][0x1][0x8d].[0xf9][0xc5][0xec][0x1f]kA[0xd3][0xec]P^7[0x0][0x0][0x0][0xff][0xff][0x3][0x0][0x1b][0xb4][0x9]}[0x84][0x0][0x0][0x0]"
22:00:01.205 [main] DEBUG org.apache.http.wire -  << "[\r][\n]"
22:00:01.205 [main] DEBUG org.apache.http.wire -  << "0[\r][\n]"
22:00:01.206 [main] DEBUG org.apache.http.wire -  << "[\r][\n]"
22:00:01.206 [main] DEBUG io.restassured.internal.RestAssuredHttpBuilder - Parsed data to instance of: class org.apache.http.conn.EofSensorInputStream
22:00:01.289 [main] DEBUG org.apache.http.impl.conn.BasicClientConnectionManager - Releasing connection org.apache.http.impl.conn.ManagedClientConnectionImpl@450d10cb
22:00:01.289 [main] DEBUG org.apache.http.impl.conn.BasicClientConnectionManager - Connection can be kept alive indefinitely
22:00:01.327 [main] DEBUG net.thucydides.core.steps.StepInterceptor - STEP DONE: I GET HTTP request cart data
  &amp#27;[32mWhen &amp#27;[0m&amp#27;[32mI GET HTTP request cart data&amp#27;[0m                &amp#27;[90m# starter.stepdefinition.CartSteps.getChartRequestUrl()&amp#27;[0m
22:00:01.333 [main] DEBUG net.thucydides.core.steps.StepInterceptor - STARTING STEP: CartSteps.validDataCart - I receive valid data for detail cart
22:00:02.090 [main] DEBUG net.thucydides.core.steps.StepInterceptor - STEP DONE: I receive valid data for detail cart
  &amp#27;[32mAnd &amp#27;[0m&amp#27;[32mI receive valid data for detail cart&amp#27;[0m         &amp#27;[90m# starter.stepdefinition.CartSteps.validDataCart()&amp#27;[0m
22:00:02.099 [main] DEBUG net.thucydides.core.steps.StepInterceptor - STARTING STEP: CartSteps.responseCartValid - I receive valid cart HTTP response code 200
22:00:02.127 [main] DEBUG net.thucydides.core.steps.StepInterceptor - STEP DONE: I receive valid cart HTTP response code 200
  &amp#27;[32mThen &amp#27;[0m&amp#27;[32mI receive valid cart HTTP response code 200&amp#27;[0m &amp#27;[90m# starter.stepdefinition.CartSteps.responseCartValid()&amp#27;[0m
22:00:02.134 [main] INFO  - 
  _____   ___   ___   _____     ___     _     ___   ___   ___   ___  
 |_   _| | __| / __| |_   _|   | _ \   /_\   / __| / __| | __| |   \ 
   | |   | _|  \__ \   | |     |  _/  / _ \  \__ \ \__ \ | _|  | |) |
   |_|   |___| |___/   |_|     |_|   /_/ \_\ |___/ |___/ |___| |___/ 

CART - GET detail data cart
----------------------------------------------------------------------
]]></system-out>
  </testcase>
  <testcase name="CART - GET a single cart with invalid url" classname="Cart" time="0.898">
    <system-out><![CDATA[
Scenario: CART - GET a single cart with invalid url         &amp#27;[90m# src/test/resources/api/cart.feature:9&amp#27;[0m
22:00:02.212 [main] INFO io.cucumber.core.plugin.SerenityReporter - Running feature from file:///C:/Users/User/IdeaProjects/CodeCompetence2/src/test/resources/api/cart.feature
22:00:02.212 [main] WARN io.cucumber.core.plugin.SerenityReporter - Feature from file:///C:/Users/User/IdeaProjects/CodeCompetence2/src/test/resources/api/cart.feature is not under the 'features' directory. Requirements report will not be correctly generated!
22:00:02.217 [main] INFO  - 
  _____   ___   ___   _____     ___   _____     _     ___   _____   ___   ___  
 |_   _| | __| / __| |_   _|   / __| |_   _|   /_\   | _ \ |_   _| | __| |   \ 
   | |   | _|  \__ \   | |     \__ \   | |    / _ \  |   /   | |   | _|  | |) |
   |_|   |___| |___/   |_|     |___/   |_|   /_/ \_\ |_|_\   |_|   |___| |___/ 

CART - GET a single cart with invalid url(cart;cart---get-a-single-cart-with-invalid-url)
--------------------------------------------------------------------------------
22:00:02.240 [main] DEBUG net.thucydides.core.steps.StepInterceptor - STARTING STEP: CartSteps.setGetWrongSingleCartEndpoint - I GET API single cart with invalid url
22:00:02.240 [main] DEBUG net.thucydides.core.steps.StepInterceptor - STEP DONE: I GET API single cart with invalid url
  &amp#27;[32mGiven &amp#27;[0m&amp#27;[32mI GET API single cart with invalid url&amp#27;[0m              &amp#27;[90m# starter.stepdefinition.CartSteps.setGetWrongSingleCartEndpoint()&amp#27;[0m
22:00:02.248 [main] DEBUG net.thucydides.core.steps.StepInterceptor - STARTING STEP: CartSteps.getWrongCartRequest - I GET HTTP request single cart data with invalid url
22:00:02.251 [main] DEBUG net.thucydides.core.steps.StepInterceptor - STARTING STEP: Cart.getWrongCartRequest - I GET API single cart with invalid url
22:00:02.251 [main] DEBUG net.thucydides.core.steps.StepInterceptor - STEP DONE: I GET API single cart with invalid url
22:00:02.285 [main] DEBUG org.apache.http.impl.conn.BasicClientConnectionManager - Get connection for route {s}->https://fakestoreapi.com:443
22:00:02.286 [main] DEBUG org.apache.http.impl.conn.DefaultClientConnectionOperator - Connecting to fakestoreapi.com:443
22:00:02.441 [main] DEBUG org.apache.http.client.protocol.RequestAddCookies - CookieSpec selected: ignoreCookies
22:00:02.441 [main] DEBUG org.apache.http.client.protocol.RequestAuthCache - Auth cache not set in the context
22:00:02.441 [main] DEBUG org.apache.http.client.protocol.RequestTargetAuthentication - Target auth state: UNCHALLENGED
22:00:02.441 [main] DEBUG org.apache.http.client.protocol.RequestProxyAuthentication - Proxy auth state: UNCHALLENGED
22:00:02.442 [main] DEBUG org.apache.http.impl.client.DefaultHttpClient - Attempt 1 to execute request
22:00:02.442 [main] DEBUG org.apache.http.impl.conn.DefaultClientConnection - Sending request: GET /cart/5 HTTP/1.1
22:00:02.442 [main] DEBUG org.apache.http.wire -  >> "GET /cart/5 HTTP/1.1[\r][\n]"
22:00:02.442 [main] DEBUG org.apache.http.wire -  >> "Accept: */*[\r][\n]"
22:00:02.442 [main] DEBUG org.apache.http.wire -  >> "Host: fakestoreapi.com[\r][\n]"
22:00:02.442 [main] DEBUG org.apache.http.wire -  >> "Connection: Keep-Alive[\r][\n]"
22:00:02.442 [main] DEBUG org.apache.http.wire -  >> "User-Agent: Apache-HttpClient/4.5.13 (Java/19.0.2)[\r][\n]"
22:00:02.442 [main] DEBUG org.apache.http.wire -  >> "Accept-Encoding: gzip,deflate[\r][\n]"
22:00:02.442 [main] DEBUG org.apache.http.wire -  >> "[\r][\n]"
22:00:02.443 [main] DEBUG org.apache.http.headers - >> GET /cart/5 HTTP/1.1
22:00:02.443 [main] DEBUG org.apache.http.headers - >> Accept: */*
22:00:02.443 [main] DEBUG org.apache.http.headers - >> Host: fakestoreapi.com
22:00:02.443 [main] DEBUG org.apache.http.headers - >> Connection: Keep-Alive
22:00:02.443 [main] DEBUG org.apache.http.headers - >> User-Agent: Apache-HttpClient/4.5.13 (Java/19.0.2)
22:00:02.443 [main] DEBUG org.apache.http.headers - >> Accept-Encoding: gzip,deflate
22:00:02.836 [main] DEBUG org.apache.http.wire -  << "HTTP/1.1 404 Not Found[\r][\n]"
22:00:02.836 [main] DEBUG org.apache.http.wire -  << "Date: Sat, 15 Apr 2023 15:00:02 GMT[\r][\n]"
22:00:02.836 [main] DEBUG org.apache.http.wire -  << "Content-Type: text/html; charset=utf-8[\r][\n]"
22:00:02.837 [main] DEBUG org.apache.http.wire -  << "Transfer-Encoding: chunked[\r][\n]"
22:00:02.837 [main] DEBUG org.apache.http.wire -  << "Connection: keep-alive[\r][\n]"
22:00:02.837 [main] DEBUG org.apache.http.wire -  << "Access-Control-Allow-Origin: *[\r][\n]"
22:00:02.837 [main] DEBUG org.apache.http.wire -  << "Content-Security-Policy: default-src 'none'[\r][\n]"
22:00:02.837 [main] DEBUG org.apache.http.wire -  << "X-Content-Type-Options: nosniff[\r][\n]"
22:00:02.837 [main] DEBUG org.apache.http.wire -  << "X-Powered-By: Express[\r][\n]"
22:00:02.837 [main] DEBUG org.apache.http.wire -  << "CF-Cache-Status: DYNAMIC[\r][\n]"
22:00:02.837 [main] DEBUG org.apache.http.wire -  << "Report-To: {"endpoints":[{"url":"https:\/\/a.nel.cloudflare.com\/report\/v3?s=FDdFn3%2Fs29TmUsFJe%2BNlfYAbNCNoGKKDghDerdB7wxeIb8liPuUYGfYoehfewuVwvFGHwAfsnc10eL%2BV%2FFjPFxWEz1E0aFAtmeR4rj39DDJRfgipoqr%2BbP7W6KI7gRovxvor"}],"group":"cf-nel","max_age":604800}[\r][\n]"
22:00:02.837 [main] DEBUG org.apache.http.wire -  << "NEL: {"success_fraction":0,"report_to":"cf-nel","max_age":604800}[\r][\n]"
22:00:02.837 [main] DEBUG org.apache.http.wire -  << "Server: cloudflare[\r][\n]"
22:00:02.837 [main] DEBUG org.apache.http.wire -  << "CF-RAY: 7b850e4a6a553e56-SIN[\r][\n]"
22:00:02.837 [main] DEBUG org.apache.http.wire -  << "Content-Encoding: gzip[\r][\n]"
22:00:02.837 [main] DEBUG org.apache.http.wire -  << "alt-svc: h3=":443"; ma=86400, h3-29=":443"; ma=86400[\r][\n]"
22:00:02.837 [main] DEBUG org.apache.http.wire -  << "[\r][\n]"
22:00:02.837 [main] DEBUG org.apache.http.impl.conn.DefaultClientConnection - Receiving response: HTTP/1.1 404 Not Found
22:00:02.837 [main] DEBUG org.apache.http.headers - << HTTP/1.1 404 Not Found
22:00:02.838 [main] DEBUG org.apache.http.headers - << Date: Sat, 15 Apr 2023 15:00:02 GMT
22:00:02.838 [main] DEBUG org.apache.http.headers - << Content-Type: text/html; charset=utf-8
22:00:02.838 [main] DEBUG org.apache.http.headers - << Transfer-Encoding: chunked
22:00:02.838 [main] DEBUG org.apache.http.headers - << Connection: keep-alive
22:00:02.838 [main] DEBUG org.apache.http.headers - << Access-Control-Allow-Origin: *
22:00:02.838 [main] DEBUG org.apache.http.headers - << Content-Security-Policy: default-src 'none'
22:00:02.838 [main] DEBUG org.apache.http.headers - << X-Content-Type-Options: nosniff
22:00:02.838 [main] DEBUG org.apache.http.headers - << X-Powered-By: Express
22:00:02.838 [main] DEBUG org.apache.http.headers - << CF-Cache-Status: DYNAMIC
22:00:02.838 [main] DEBUG org.apache.http.headers - << Report-To: {"endpoints":[{"url":"https:\/\/a.nel.cloudflare.com\/report\/v3?s=FDdFn3%2Fs29TmUsFJe%2BNlfYAbNCNoGKKDghDerdB7wxeIb8liPuUYGfYoehfewuVwvFGHwAfsnc10eL%2BV%2FFjPFxWEz1E0aFAtmeR4rj39DDJRfgipoqr%2BbP7W6KI7gRovxvor"}],"group":"cf-nel","max_age":604800}
22:00:02.838 [main] DEBUG org.apache.http.headers - << NEL: {"success_fraction":0,"report_to":"cf-nel","max_age":604800}
22:00:02.838 [main] DEBUG org.apache.http.headers - << Server: cloudflare
22:00:02.838 [main] DEBUG org.apache.http.headers - << CF-RAY: 7b850e4a6a553e56-SIN
22:00:02.838 [main] DEBUG org.apache.http.headers - << Content-Encoding: gzip
22:00:02.838 [main] DEBUG org.apache.http.headers - << alt-svc: h3=":443"; ma=86400, h3-29=":443"; ma=86400
22:00:02.838 [main] DEBUG org.apache.http.impl.client.DefaultHttpClient - Connection can be kept alive indefinitely
22:00:02.838 [main] DEBUG io.restassured.internal.RestAssuredHttpBuilder - Parsing response as: text/html; charset=utf-8
22:00:02.839 [main] DEBUG org.apache.http.wire -  << "8f[\r][\n]"
22:00:02.839 [main] DEBUG org.apache.http.wire -  << "[0x1f][0x8b][0x8][0x0][0x0][0x0][0x0][0x0][0x0][0x3],[0x8e][0xb1][0xe][0xc2]0[0xc]DwE[0xc8][0x8e]<!1[0xb8]^J[0xc4][0x8]C[0x17]F[0xd3][0x1a][0x8a][0x94]&[0xc8][0x98][0x81][0xbf]G[0x81]N[0xa7]{w'[0x1d]m[0xe][0xa7]~[0xb8][0x9c]S[0x98]}[0xc9][0xc][0xd4]$d)[0xf7].j[0x89][\r][0xa8]L[0xc][0xb4][0xa8]K[0x18]g[0xb1][0x97]z[0x17][0xdf]~[0xdb][0xee][[0xea][0xf][0xcf][0xca][0xc9][0xac][0x1a][0xe1][0xdf][0x0][0xe1][0xba][0xb9][0xd6][0xe9][0xc3]@OS[0xee][0xa5][0x94][0xea][0xe1][0x98][0x86][0x80][0xa3][0x98][0xe3][0x8e][0xb0]q \[[0xf8];[0xf0][0x5][0x0][0x0][0xff][0xff][0xe3][0x2][0x0][0xec][0xc7][0x1f][0xb5][0x91][0x0][0x0][0x0]"
22:00:02.839 [main] DEBUG org.apache.http.wire -  << "[\r][\n]"
22:00:02.839 [main] DEBUG org.apache.http.wire -  << "0[\r][\n]"
22:00:02.839 [main] DEBUG org.apache.http.wire -  << "[\r][\n]"
22:00:02.839 [main] DEBUG io.restassured.internal.RestAssuredHttpBuilder - Parsed data to instance of: class org.apache.http.conn.EofSensorInputStream
22:00:02.842 [main] DEBUG org.apache.http.impl.conn.BasicClientConnectionManager - Releasing connection org.apache.http.impl.conn.ManagedClientConnectionImpl@cea67b1
22:00:02.842 [main] DEBUG org.apache.http.impl.conn.BasicClientConnectionManager - Connection can be kept alive indefinitely
22:00:03.013 [main] DEBUG net.thucydides.core.steps.StepInterceptor - STEP DONE: I GET HTTP request single cart data with invalid url
  &amp#27;[32mWhen &amp#27;[0m&amp#27;[32mI GET HTTP request single cart data with invalid url&amp#27;[0m &amp#27;[90m# starter.stepdefinition.CartSteps.getWrongCartRequest()&amp#27;[0m
22:00:03.020 [main] DEBUG net.thucydides.core.steps.StepInterceptor - STARTING STEP: CartSteps.receiveInvalidDataForSingleUser - I receive invalid data for single cart
22:00:03.028 [main] DEBUG net.thucydides.core.steps.StepInterceptor - STEP DONE: I receive invalid data for single cart
  &amp#27;[32mAnd &amp#27;[0m&amp#27;[32mI receive invalid data for single cart&amp#27;[0m                &amp#27;[90m# starter.stepdefinition.CartSteps.receiveInvalidDataForSingleUser()&amp#27;[0m
22:00:03.034 [main] DEBUG net.thucydides.core.steps.StepInterceptor - STARTING STEP: CartSteps.responseUserCartValid404 - I receive invalid GET single cart response code 404
22:00:03.035 [main] DEBUG net.thucydides.core.steps.StepInterceptor - STEP DONE: I receive invalid GET single cart response code 404
  &amp#27;[32mThen &amp#27;[0m&amp#27;[32mI receive invalid GET single cart response code 404&amp#27;[0m  &amp#27;[90m# starter.stepdefinition.CartSteps.responseUserCartValid404()&amp#27;[0m
22:00:03.039 [main] INFO  - 
  _____   ___   ___   _____     ___     _     ___   ___   ___   ___  
 |_   _| | __| / __| |_   _|   | _ \   /_\   / __| / __| | __| |   \ 
   | |   | _|  \__ \   | |     |  _/  / _ \  \__ \ \__ \ | _|  | |) |
   |_|   |___| |___/   |_|     |_|   /_/ \_\ |___/ |___/ |___| |___/ 

CART - GET a single cart with invalid url
----------------------------------------------------------------------
]]></system-out>
  </testcase>
  <testcase name="CART - GET result in descending sort" classname="Cart" time="1.075">
    <system-out><![CDATA[
Scenario: CART - GET result in descending sort                      &amp#27;[90m# src/test/resources/api/cart.feature:15&amp#27;[0m
22:00:03.081 [main] INFO io.cucumber.core.plugin.SerenityReporter - Running feature from file:///C:/Users/User/IdeaProjects/CodeCompetence2/src/test/resources/api/cart.feature
22:00:03.081 [main] WARN io.cucumber.core.plugin.SerenityReporter - Feature from file:///C:/Users/User/IdeaProjects/CodeCompetence2/src/test/resources/api/cart.feature is not under the 'features' directory. Requirements report will not be correctly generated!
22:00:03.087 [main] INFO  - 
  _____   ___   ___   _____     ___   _____     _     ___   _____   ___   ___  
 |_   _| | __| / __| |_   _|   / __| |_   _|   /_\   | _ \ |_   _| | __| |   \ 
   | |   | _|  \__ \   | |     \__ \   | |    / _ \  |   /   | |   | _|  | |) |
   |_|   |___| |___/   |_|     |___/   |_|   /_/ \_\ |_|_\   |_|   |___| |___/ 

CART - GET result in descending sort(cart;cart---get-result-in-descending-sort)
--------------------------------------------------------------------------------
22:00:03.114 [main] DEBUG net.thucydides.core.steps.StepInterceptor - STARTING STEP: CartSteps.setGetWrongCartEndpoint - I GET wrong API cart endpoint
22:00:03.115 [main] DEBUG net.thucydides.core.steps.StepInterceptor - STEP DONE: I GET wrong API cart endpoint
  &amp#27;[32mGiven &amp#27;[0m&amp#27;[32mI GET wrong API cart endpoint&amp#27;[0m                               &amp#27;[90m# starter.stepdefinition.CartSteps.setGetWrongCartEndpoint()&amp#27;[0m
22:00:03.127 [main] DEBUG net.thucydides.core.steps.StepInterceptor - STARTING STEP: CartSteps.getWrongCartWithSort - I GET wrong HTTP request cart with decending sort
22:00:03.132 [main] DEBUG net.thucydides.core.steps.StepInterceptor - STARTING STEP: Cart.getWrongSortCartRequest - I GET wrong API cart endpoint
22:00:03.133 [main] DEBUG net.thucydides.core.steps.StepInterceptor - STEP DONE: I GET wrong API cart endpoint
22:00:03.180 [main] DEBUG org.apache.http.impl.conn.BasicClientConnectionManager - Get connection for route {s}->https://fakestoreapi.com:443
22:00:03.180 [main] DEBUG org.apache.http.impl.conn.DefaultClientConnectionOperator - Connecting to fakestoreapi.com:443
22:00:03.337 [main] DEBUG org.apache.http.client.protocol.RequestAddCookies - CookieSpec selected: ignoreCookies
22:00:03.337 [main] DEBUG org.apache.http.client.protocol.RequestAuthCache - Auth cache not set in the context
22:00:03.337 [main] DEBUG org.apache.http.client.protocol.RequestTargetAuthentication - Target auth state: UNCHALLENGED
22:00:03.337 [main] DEBUG org.apache.http.client.protocol.RequestProxyAuthentication - Proxy auth state: UNCHALLENGED
22:00:03.337 [main] DEBUG org.apache.http.impl.client.DefaultHttpClient - Attempt 1 to execute request
22:00:03.337 [main] DEBUG org.apache.http.impl.conn.DefaultClientConnection - Sending request: GET /keranjang?sort=desc HTTP/1.1
22:00:03.337 [main] DEBUG org.apache.http.wire -  >> "GET /keranjang?sort=desc HTTP/1.1[\r][\n]"
22:00:03.337 [main] DEBUG org.apache.http.wire -  >> "Accept: */*[\r][\n]"
22:00:03.338 [main] DEBUG org.apache.http.wire -  >> "Host: fakestoreapi.com[\r][\n]"
22:00:03.338 [main] DEBUG org.apache.http.wire -  >> "Connection: Keep-Alive[\r][\n]"
22:00:03.338 [main] DEBUG org.apache.http.wire -  >> "User-Agent: Apache-HttpClient/4.5.13 (Java/19.0.2)[\r][\n]"
22:00:03.338 [main] DEBUG org.apache.http.wire -  >> "Accept-Encoding: gzip,deflate[\r][\n]"
22:00:03.338 [main] DEBUG org.apache.http.wire -  >> "[\r][\n]"
22:00:03.338 [main] DEBUG org.apache.http.headers - >> GET /keranjang?sort=desc HTTP/1.1
22:00:03.338 [main] DEBUG org.apache.http.headers - >> Accept: */*
22:00:03.338 [main] DEBUG org.apache.http.headers - >> Host: fakestoreapi.com
22:00:03.338 [main] DEBUG org.apache.http.headers - >> Connection: Keep-Alive
22:00:03.338 [main] DEBUG org.apache.http.headers - >> User-Agent: Apache-HttpClient/4.5.13 (Java/19.0.2)
22:00:03.338 [main] DEBUG org.apache.http.headers - >> Accept-Encoding: gzip,deflate
22:00:04.095 [main] DEBUG org.apache.http.wire -  << "HTTP/1.1 404 Not Found[\r][\n]"
22:00:04.096 [main] DEBUG org.apache.http.wire -  << "Date: Sat, 15 Apr 2023 15:00:03 GMT[\r][\n]"
22:00:04.096 [main] DEBUG org.apache.http.wire -  << "Content-Type: text/html; charset=utf-8[\r][\n]"
22:00:04.096 [main] DEBUG org.apache.http.wire -  << "Transfer-Encoding: chunked[\r][\n]"
22:00:04.096 [main] DEBUG org.apache.http.wire -  << "Connection: keep-alive[\r][\n]"
22:00:04.096 [main] DEBUG org.apache.http.wire -  << "Access-Control-Allow-Origin: *[\r][\n]"
22:00:04.096 [main] DEBUG org.apache.http.wire -  << "Content-Security-Policy: default-src 'none'[\r][\n]"
22:00:04.096 [main] DEBUG org.apache.http.wire -  << "X-Content-Type-Options: nosniff[\r][\n]"
22:00:04.096 [main] DEBUG org.apache.http.wire -  << "X-Powered-By: Express[\r][\n]"
22:00:04.096 [main] DEBUG org.apache.http.wire -  << "CF-Cache-Status: DYNAMIC[\r][\n]"
22:00:04.096 [main] DEBUG org.apache.http.wire -  << "Report-To: {"endpoints":[{"url":"https:\/\/a.nel.cloudflare.com\/report\/v3?s=GHgU1D8tfKEAxOO31i408Gk1I%2FzGOLjRbYmMNGpoN1wsgApUmzm6IDqBcUqJUmsIjEwxpcP9Fh2Vu8ydsxw5b3pi4skQpGuqmVRNPYLW4qOU4ssMC1%2FYce7RCVjYUwNZyRet"}],"group":"cf-nel","max_age":604800}[\r][\n]"
22:00:04.096 [main] DEBUG org.apache.http.wire -  << "NEL: {"success_fraction":0,"report_to":"cf-nel","max_age":604800}[\r][\n]"
22:00:04.096 [main] DEBUG org.apache.http.wire -  << "Server: cloudflare[\r][\n]"
22:00:04.096 [main] DEBUG org.apache.http.wire -  << "CF-RAY: 7b850e501e38881a-SIN[\r][\n]"
22:00:04.096 [main] DEBUG org.apache.http.wire -  << "Content-Encoding: gzip[\r][\n]"
22:00:04.096 [main] DEBUG org.apache.http.wire -  << "alt-svc: h3=":443"; ma=86400, h3-29=":443"; ma=86400[\r][\n]"
22:00:04.096 [main] DEBUG org.apache.http.wire -  << "[\r][\n]"
22:00:04.097 [main] DEBUG org.apache.http.impl.conn.DefaultClientConnection - Receiving response: HTTP/1.1 404 Not Found
22:00:04.097 [main] DEBUG org.apache.http.headers - << HTTP/1.1 404 Not Found
22:00:04.097 [main] DEBUG org.apache.http.headers - << Date: Sat, 15 Apr 2023 15:00:03 GMT
22:00:04.097 [main] DEBUG org.apache.http.headers - << Content-Type: text/html; charset=utf-8
22:00:04.097 [main] DEBUG org.apache.http.headers - << Transfer-Encoding: chunked
22:00:04.097 [main] DEBUG org.apache.http.headers - << Connection: keep-alive
22:00:04.097 [main] DEBUG org.apache.http.headers - << Access-Control-Allow-Origin: *
22:00:04.097 [main] DEBUG org.apache.http.headers - << Content-Security-Policy: default-src 'none'
22:00:04.097 [main] DEBUG org.apache.http.headers - << X-Content-Type-Options: nosniff
22:00:04.097 [main] DEBUG org.apache.http.headers - << X-Powered-By: Express
22:00:04.097 [main] DEBUG org.apache.http.headers - << CF-Cache-Status: DYNAMIC
22:00:04.097 [main] DEBUG org.apache.http.headers - << Report-To: {"endpoints":[{"url":"https:\/\/a.nel.cloudflare.com\/report\/v3?s=GHgU1D8tfKEAxOO31i408Gk1I%2FzGOLjRbYmMNGpoN1wsgApUmzm6IDqBcUqJUmsIjEwxpcP9Fh2Vu8ydsxw5b3pi4skQpGuqmVRNPYLW4qOU4ssMC1%2FYce7RCVjYUwNZyRet"}],"group":"cf-nel","max_age":604800}
22:00:04.097 [main] DEBUG org.apache.http.headers - << NEL: {"success_fraction":0,"report_to":"cf-nel","max_age":604800}
22:00:04.097 [main] DEBUG org.apache.http.headers - << Server: cloudflare
22:00:04.097 [main] DEBUG org.apache.http.headers - << CF-RAY: 7b850e501e38881a-SIN
22:00:04.097 [main] DEBUG org.apache.http.headers - << Content-Encoding: gzip
22:00:04.097 [main] DEBUG org.apache.http.headers - << alt-svc: h3=":443"; ma=86400, h3-29=":443"; ma=86400
22:00:04.097 [main] DEBUG org.apache.http.impl.client.DefaultHttpClient - Connection can be kept alive indefinitely
22:00:04.098 [main] DEBUG io.restassured.internal.RestAssuredHttpBuilder - Parsing response as: text/html; charset=utf-8
22:00:04.098 [main] DEBUG org.apache.http.wire -  << "86[\r][\n]"
22:00:04.098 [main] DEBUG org.apache.http.wire -  << "[0x1f][0x8b][0x8][0x0][0x0][0x0][0x0][0x0][0x0][0x3],[0x8e][0xb1][0xe][0xc2]0[0xc]D[0xf7]|E[0xc8][0x8e][0xbc]2[0xb8]YJ[0xc4]H[0x87].[0x1d][\r]5-[0x90]:[0xc8][0xb8][0x3][0x8f][0x2][0x9d]Nw[0xef]N:[0xdc][0x1d][0xcf]m?t[0xc9][0xcf][0xb6][0xe4][0xe8][0xb0][0x8a][0xcf]$S[0x13]XB[\r][0x98][0xc6][0xe8]pa#[0x9d]I[0xdf]lMX[0xed][0xb6]?Tjw[0xcb][0x1c][0x93]jQ[0x84][0xbf]q[0x8][0xdb][0xe6]R[0xc6]Ot[0xf8]R[0x8e]-[0x89][0x14][0xf3][0xa7][0xd4]{x[0xb2][0x92]<H&[0x84][0x8a][0x1c][0xc2]V[0x84][0xdf][0x87]/[0x0][0x0][0x0][0xff][0xff]"
22:00:04.098 [main] DEBUG org.apache.http.wire -  << "[\r][\n]"
22:00:04.098 [main] DEBUG org.apache.http.wire -  << "b[\r][\n]"
22:00:04.098 [main] DEBUG org.apache.http.wire -  << "[0xe3][0x2][0x0][0xcf]t[0xd6]<[0x94][0x0][0x0][0x0]"
22:00:04.098 [main] DEBUG org.apache.http.wire -  << "[\r][\n]"
22:00:04.099 [main] DEBUG org.apache.http.wire -  << "0[\r][\n]"
22:00:04.099 [main] DEBUG org.apache.http.wire -  << "[\r][\n]"
22:00:04.099 [main] DEBUG io.restassured.internal.RestAssuredHttpBuilder - Parsed data to instance of: class org.apache.http.conn.EofSensorInputStream
22:00:04.101 [main] DEBUG org.apache.http.impl.conn.BasicClientConnectionManager - Releasing connection org.apache.http.impl.conn.ManagedClientConnectionImpl@5ca8c904
22:00:04.101 [main] DEBUG org.apache.http.impl.conn.BasicClientConnectionManager - Connection can be kept alive indefinitely
22:00:04.104 [main] DEBUG net.thucydides.core.steps.StepInterceptor - STEP DONE: I GET wrong HTTP request cart with decending sort
  &amp#27;[32mWhen &amp#27;[0m&amp#27;[32mI GET wrong HTTP request cart with decending sort&amp#27;[0m            &amp#27;[90m# starter.stepdefinition.CartSteps.getWrongCartWithSort()&amp#27;[0m
22:00:04.110 [main] DEBUG net.thucydides.core.steps.StepInterceptor - STARTING STEP: CartSteps.responseSortinvalid404 - I receive invalid get descending cart HTTP response code 404
22:00:04.111 [main] DEBUG net.thucydides.core.steps.StepInterceptor - STEP DONE: I receive invalid get descending cart HTTP response code 404
  &amp#27;[32mThen &amp#27;[0m&amp#27;[32mI receive invalid get descending cart HTTP response code 404&amp#27;[0m &amp#27;[90m# starter.stepdefinition.CartSteps.responseSortinvalid404()&amp#27;[0m
22:00:04.115 [main] INFO  - 
  _____   ___   ___   _____     ___     _     ___   ___   ___   ___  
 |_   _| | __| / __| |_   _|   | _ \   /_\   / __| / __| | __| |   \ 
   | |   | _|  \__ \   | |     |  _/  / _ \  \__ \ \__ \ | _|  | |) |
   |_|   |___| |___/   |_|     |_|   /_/ \_\ |___/ |___/ |___| |___/ 

CART - GET result in descending sort
----------------------------------------------------------------------
]]></system-out>
  </testcase>
  <testcase name="CART - GET ALL detail data cart" classname="Cart" time="1.187">
    <system-out><![CDATA[
Scenario: CART - GET ALL detail data cart                  &amp#27;[90m# src/test/resources/api/cart.feature:20&amp#27;[0m
22:00:04.150 [main] INFO io.cucumber.core.plugin.SerenityReporter - Running feature from file:///C:/Users/User/IdeaProjects/CodeCompetence2/src/test/resources/api/cart.feature
22:00:04.150 [main] WARN io.cucumber.core.plugin.SerenityReporter - Feature from file:///C:/Users/User/IdeaProjects/CodeCompetence2/src/test/resources/api/cart.feature is not under the 'features' directory. Requirements report will not be correctly generated!
22:00:04.155 [main] INFO  - 
  _____   ___   ___   _____     ___   _____     _     ___   _____   ___   ___  
 |_   _| | __| / __| |_   _|   / __| |_   _|   /_\   | _ \ |_   _| | __| |   \ 
   | |   | _|  \__ \   | |     \__ \   | |    / _ \  |   /   | |   | _|  | |) |
   |_|   |___| |___/   |_|     |___/   |_|   /_/ \_\ |_|_\   |_|   |___| |___/ 

CART - GET ALL detail data cart(cart;cart---get-all-detail-data-cart)
--------------------------------------------------------------------------------
22:00:04.191 [main] DEBUG net.thucydides.core.steps.StepInterceptor - STARTING STEP: CartSteps.setGetAllCartEndpoint - I GET API all cart endpoints
22:00:04.192 [main] DEBUG net.thucydides.core.steps.StepInterceptor - STEP DONE: I GET API all cart endpoints
  &amp#27;[32mGiven &amp#27;[0m&amp#27;[32mI GET API all cart endpoints&amp#27;[0m                       &amp#27;[90m# starter.stepdefinition.CartSteps.setGetAllCartEndpoint()&amp#27;[0m
22:00:04.200 [main] DEBUG net.thucydides.core.steps.StepInterceptor - STARTING STEP: CartSteps.getAllCartRequest - I GET HTTP request cart data
22:00:04.204 [main] DEBUG net.thucydides.core.steps.StepInterceptor - STARTING STEP: Cart.getAllCartRequest - I GET API all cart endpoints
22:00:04.204 [main] DEBUG net.thucydides.core.steps.StepInterceptor - STEP DONE: I GET API all cart endpoints
22:00:04.236 [main] DEBUG org.apache.http.impl.conn.BasicClientConnectionManager - Get connection for route {s}->https://fakestoreapi.com:443
22:00:04.237 [main] DEBUG org.apache.http.impl.conn.DefaultClientConnectionOperator - Connecting to fakestoreapi.com:443
22:00:04.674 [main] DEBUG org.apache.http.client.protocol.RequestAddCookies - CookieSpec selected: ignoreCookies
22:00:04.674 [main] DEBUG org.apache.http.client.protocol.RequestAuthCache - Auth cache not set in the context
22:00:04.675 [main] DEBUG org.apache.http.client.protocol.RequestTargetAuthentication - Target auth state: UNCHALLENGED
22:00:04.675 [main] DEBUG org.apache.http.client.protocol.RequestProxyAuthentication - Proxy auth state: UNCHALLENGED
22:00:04.675 [main] DEBUG org.apache.http.impl.client.DefaultHttpClient - Attempt 1 to execute request
22:00:04.675 [main] DEBUG org.apache.http.impl.conn.DefaultClientConnection - Sending request: GET /carts HTTP/1.1
22:00:04.675 [main] DEBUG org.apache.http.wire -  >> "GET /carts HTTP/1.1[\r][\n]"
22:00:04.675 [main] DEBUG org.apache.http.wire -  >> "Accept: */*[\r][\n]"
22:00:04.675 [main] DEBUG org.apache.http.wire -  >> "Host: fakestoreapi.com[\r][\n]"
22:00:04.675 [main] DEBUG org.apache.http.wire -  >> "Connection: Keep-Alive[\r][\n]"
22:00:04.675 [main] DEBUG org.apache.http.wire -  >> "User-Agent: Apache-HttpClient/4.5.13 (Java/19.0.2)[\r][\n]"
22:00:04.675 [main] DEBUG org.apache.http.wire -  >> "Accept-Encoding: gzip,deflate[\r][\n]"
22:00:04.675 [main] DEBUG org.apache.http.wire -  >> "[\r][\n]"
22:00:04.675 [main] DEBUG org.apache.http.headers - >> GET /carts HTTP/1.1
22:00:04.675 [main] DEBUG org.apache.http.headers - >> Accept: */*
22:00:04.675 [main] DEBUG org.apache.http.headers - >> Host: fakestoreapi.com
22:00:04.675 [main] DEBUG org.apache.http.headers - >> Connection: Keep-Alive
22:00:04.675 [main] DEBUG org.apache.http.headers - >> User-Agent: Apache-HttpClient/4.5.13 (Java/19.0.2)
22:00:04.675 [main] DEBUG org.apache.http.headers - >> Accept-Encoding: gzip,deflate
22:00:05.278 [main] DEBUG org.apache.http.wire -  << "HTTP/1.1 200 OK[\r][\n]"
22:00:05.278 [main] DEBUG org.apache.http.wire -  << "Date: Sat, 15 Apr 2023 15:00:05 GMT[\r][\n]"
22:00:05.278 [main] DEBUG org.apache.http.wire -  << "Content-Type: application/json; charset=utf-8[\r][\n]"
22:00:05.278 [main] DEBUG org.apache.http.wire -  << "Transfer-Encoding: chunked[\r][\n]"
22:00:05.278 [main] DEBUG org.apache.http.wire -  << "Connection: keep-alive[\r][\n]"
22:00:05.278 [main] DEBUG org.apache.http.wire -  << "Access-Control-Allow-Origin: *[\r][\n]"
22:00:05.278 [main] DEBUG org.apache.http.wire -  << "Etag: W/"3a8-j3C8983spvK8GpaSYa+SyYlAS2A"[\r][\n]"
22:00:05.278 [main] DEBUG org.apache.http.wire -  << "X-Powered-By: Express[\r][\n]"
22:00:05.278 [main] DEBUG org.apache.http.wire -  << "CF-Cache-Status: DYNAMIC[\r][\n]"
22:00:05.279 [main] DEBUG org.apache.http.wire -  << "Report-To: {"endpoints":[{"url":"https:\/\/a.nel.cloudflare.com\/report\/v3?s=iDqjP%2BUOmrOEvAIqEay36C5GoLsMSsBXn56PEAVro%2FJhvrZgJvQNiycQyb2LtpCWKSy3Tn0yAd%2FaEWHYn4F02bz4adBf8a61uW4Ctfm1vYduU6uXjfOXSTpoNl2VVekfh74Q"}],"group":"cf-nel","max_age":604800}[\r][\n]"
22:00:05.279 [main] DEBUG org.apache.http.wire -  << "NEL: {"success_fraction":0,"report_to":"cf-nel","max_age":604800}[\r][\n]"
22:00:05.279 [main] DEBUG org.apache.http.wire -  << "Server: cloudflare[\r][\n]"
22:00:05.279 [main] DEBUG org.apache.http.wire -  << "CF-RAY: 7b850e587bbe87cc-SIN[\r][\n]"
22:00:05.279 [main] DEBUG org.apache.http.wire -  << "Content-Encoding: gzip[\r][\n]"
22:00:05.279 [main] DEBUG org.apache.http.wire -  << "alt-svc: h3=":443"; ma=86400, h3-29=":443"; ma=86400[\r][\n]"
22:00:05.279 [main] DEBUG org.apache.http.wire -  << "[\r][\n]"
22:00:05.279 [main] DEBUG org.apache.http.impl.conn.DefaultClientConnection - Receiving response: HTTP/1.1 200 OK
22:00:05.279 [main] DEBUG org.apache.http.headers - << HTTP/1.1 200 OK
22:00:05.279 [main] DEBUG org.apache.http.headers - << Date: Sat, 15 Apr 2023 15:00:05 GMT
22:00:05.279 [main] DEBUG org.apache.http.headers - << Content-Type: application/json; charset=utf-8
22:00:05.280 [main] DEBUG org.apache.http.headers - << Transfer-Encoding: chunked
22:00:05.280 [main] DEBUG org.apache.http.headers - << Connection: keep-alive
22:00:05.280 [main] DEBUG org.apache.http.headers - << Access-Control-Allow-Origin: *
22:00:05.280 [main] DEBUG org.apache.http.headers - << Etag: W/"3a8-j3C8983spvK8GpaSYa+SyYlAS2A"
22:00:05.280 [main] DEBUG org.apache.http.headers - << X-Powered-By: Express
22:00:05.280 [main] DEBUG org.apache.http.headers - << CF-Cache-Status: DYNAMIC
22:00:05.280 [main] DEBUG org.apache.http.headers - << Report-To: {"endpoints":[{"url":"https:\/\/a.nel.cloudflare.com\/report\/v3?s=iDqjP%2BUOmrOEvAIqEay36C5GoLsMSsBXn56PEAVro%2FJhvrZgJvQNiycQyb2LtpCWKSy3Tn0yAd%2FaEWHYn4F02bz4adBf8a61uW4Ctfm1vYduU6uXjfOXSTpoNl2VVekfh74Q"}],"group":"cf-nel","max_age":604800}
22:00:05.280 [main] DEBUG org.apache.http.headers - << NEL: {"success_fraction":0,"report_to":"cf-nel","max_age":604800}
22:00:05.280 [main] DEBUG org.apache.http.headers - << Server: cloudflare
22:00:05.280 [main] DEBUG org.apache.http.headers - << CF-RAY: 7b850e587bbe87cc-SIN
22:00:05.280 [main] DEBUG org.apache.http.headers - << Content-Encoding: gzip
22:00:05.280 [main] DEBUG org.apache.http.headers - << alt-svc: h3=":443"; ma=86400, h3-29=":443"; ma=86400
22:00:05.280 [main] DEBUG org.apache.http.impl.client.DefaultHttpClient - Connection can be kept alive indefinitely
22:00:05.280 [main] DEBUG io.restassured.internal.RestAssuredHttpBuilder - Parsing response as: application/json; charset=utf-8
22:00:05.280 [main] DEBUG org.apache.http.wire -  << "da[\r][\n]"
22:00:05.280 [main] DEBUG org.apache.http.wire -  << "[0x1f][0x8b][0x8][0x0][0x0][0x0][0x0][0x0][0x0][0x3][0xa4][0x92][0xcb][\n]"
22:00:05.280 [main] DEBUG org.apache.http.wire -  << "[0x83]0[0x10]E[0xff]e[0xd6][0xb1]L&[0xbe][0x9a]?[0xe8][0xbe][0xab][0x8a][0x88]T[0x17]n[0xfa][0xd0]X([0xe2][0xbf][0x97][0xd6][0x96][0x98][0x4]-*d[0x91]p3[0xcc][0xb9]w&[0xe9][0xa0]*@r[0x6]mS[0xd6][0x87][0xe1]Z[0xe4][0xaa][0x4][0x9][0x84][0x84][0x1e][\n]"
22:00:05.280 [main] DEBUG org.apache.http.wire -  << "[0xf][0xe9][0x88](?g[0x87][0x88]'`p[0xab][0xaf]E{V[\r][0xc8][0xa4][0xfb]=[0xbe][0xc5][0xf7]6[0xbf][0xa8]J=A[0xfa]=3D[0x1a][0x8b][0xdc][0x12][0xc5]X[0xc][0xfb][0x94]A[0x96]=@[0xe2][0xfb][5[0x14]O[0x11][0xf2]%[0x84]4Gh[0xe0]s[0xb4][0xd4]`[0xac][0x92][0x8b](4"[0xb9]![0xf2]u![0x92][0x5][0xb1]7Ct |[\r]![0xdc][0x9c][0xf8][0xda]I:}[0x82][0xe9]>[0x8b][0xcc]FsK[0x11][0xff]1[0x1b]j[0x8]S[0xe2]8[0x17]97vF[0xb8][0x18][0x91][0xc6][0x88]7aL[0xfa]M_[0x0][0x0][0x0][0xff][0xff][0x3][0x0][0xa4]c}[0x94][0xa8][0x3][0x0][0x0]"
22:00:05.280 [main] DEBUG org.apache.http.wire -  << "[\r][\n]"
22:00:05.281 [main] DEBUG org.apache.http.wire -  << "0[\r][\n]"
22:00:05.281 [main] DEBUG org.apache.http.wire -  << "[\r][\n]"
22:00:05.281 [main] DEBUG io.restassured.internal.RestAssuredHttpBuilder - Parsed data to instance of: class org.apache.http.conn.EofSensorInputStream
22:00:05.283 [main] DEBUG org.apache.http.impl.conn.BasicClientConnectionManager - Releasing connection org.apache.http.impl.conn.ManagedClientConnectionImpl@285b491f
22:00:05.283 [main] DEBUG org.apache.http.impl.conn.BasicClientConnectionManager - Connection can be kept alive indefinitely
22:00:05.290 [main] DEBUG net.thucydides.core.steps.StepInterceptor - STEP DONE: I GET HTTP request cart data
  &amp#27;[32mWhen &amp#27;[0m&amp#27;[32mI GET HTTP request all cart data&amp#27;[0m                    &amp#27;[90m# starter.stepdefinition.CartSteps.getAllCartRequest()&amp#27;[0m
22:00:05.298 [main] DEBUG net.thucydides.core.steps.StepInterceptor - STARTING STEP: CartSteps.responseValid200 - I receive valid user HTTP response code 200
22:00:05.300 [main] DEBUG net.thucydides.core.steps.StepInterceptor - STEP DONE: I receive valid user HTTP response code 200
  &amp#27;[32mThen &amp#27;[0m&amp#27;[32mI receive valid get all cart HTTP response code 200&amp#27;[0m &amp#27;[90m# starter.stepdefinition.CartSteps.responseValid200()&amp#27;[0m
22:00:05.304 [main] INFO  - 
  _____   ___   ___   _____     ___     _     ___   ___   ___   ___  
 |_   _| | __| / __| |_   _|   | _ \   /_\   / __| / __| | __| |   \ 
   | |   | _|  \__ \   | |     |  _/  / _ \  \__ \ \__ \ | _|  | |) |
   |_|   |___| |___/   |_|     |_|   /_/ \_\ |___/ |___/ |___| |___/ 

CART - GET ALL detail data cart
----------------------------------------------------------------------
]]></system-out>
  </testcase>
  <testcase name="CART - GET limit result cart with valid param" classname="Cart" time="0.879">
    <system-out><![CDATA[
Scenario: CART - GET limit result cart with valid param        &amp#27;[90m# src/test/resources/api/cart.feature:25&amp#27;[0m
22:00:05.330 [main] INFO io.cucumber.core.plugin.SerenityReporter - Running feature from file:///C:/Users/User/IdeaProjects/CodeCompetence2/src/test/resources/api/cart.feature
22:00:05.330 [main] WARN io.cucumber.core.plugin.SerenityReporter - Feature from file:///C:/Users/User/IdeaProjects/CodeCompetence2/src/test/resources/api/cart.feature is not under the 'features' directory. Requirements report will not be correctly generated!
22:00:05.334 [main] INFO  - 
  _____   ___   ___   _____     ___   _____     _     ___   _____   ___   ___  
 |_   _| | __| / __| |_   _|   / __| |_   _|   /_\   | _ \ |_   _| | __| |   \ 
   | |   | _|  \__ \   | |     \__ \   | |    / _ \  |   /   | |   | _|  | |) |
   |_|   |___| |___/   |_|     |___/   |_|   /_/ \_\ |_|_\   |_|   |___| |___/ 

CART - GET limit result cart with valid param(cart;cart---get-limit-result-cart-with-valid-param)
--------------------------------------------------------------------------------
22:00:05.363 [main] DEBUG net.thucydides.core.steps.StepInterceptor - STARTING STEP: CartSteps.getLimitCartValidRequest - I GET user limit result cart with valid param
22:00:05.364 [main] DEBUG net.thucydides.core.steps.StepInterceptor - STEP DONE: I GET user limit result cart with valid param
  &amp#27;[32mGiven &amp#27;[0m&amp#27;[32mI GET user limit result cart with valid param&amp#27;[0m          &amp#27;[90m# starter.stepdefinition.CartSteps.getLimitCartValidRequest()&amp#27;[0m
22:00:05.376 [main] DEBUG net.thucydides.core.steps.StepInterceptor - STARTING STEP: CartSteps.getHTTPValidRequestWithLimitCartParam - I GET HTTP request limit result cart with valid param
22:00:05.381 [main] DEBUG net.thucydides.core.steps.StepInterceptor - STARTING STEP: Cart.getHTTPValidRequestWithLimitCartParam - I GET user limit result cart with valid param
22:00:05.381 [main] DEBUG net.thucydides.core.steps.StepInterceptor - STEP DONE: I GET user limit result cart with valid param
22:00:05.421 [main] DEBUG org.apache.http.impl.conn.BasicClientConnectionManager - Get connection for route {s}->https://fakestoreapi.com:443
22:00:05.421 [main] DEBUG org.apache.http.impl.conn.DefaultClientConnectionOperator - Connecting to fakestoreapi.com:443
22:00:05.514 [main] DEBUG org.apache.http.client.protocol.RequestAddCookies - CookieSpec selected: ignoreCookies
22:00:05.514 [main] DEBUG org.apache.http.client.protocol.RequestAuthCache - Auth cache not set in the context
22:00:05.514 [main] DEBUG org.apache.http.client.protocol.RequestTargetAuthentication - Target auth state: UNCHALLENGED
22:00:05.514 [main] DEBUG org.apache.http.client.protocol.RequestProxyAuthentication - Proxy auth state: UNCHALLENGED
22:00:05.514 [main] DEBUG org.apache.http.impl.client.DefaultHttpClient - Attempt 1 to execute request
22:00:05.514 [main] DEBUG org.apache.http.impl.conn.DefaultClientConnection - Sending request: GET /carts?limit=5 HTTP/1.1
22:00:05.514 [main] DEBUG org.apache.http.wire -  >> "GET /carts?limit=5 HTTP/1.1[\r][\n]"
22:00:05.514 [main] DEBUG org.apache.http.wire -  >> "Accept: */*[\r][\n]"
22:00:05.514 [main] DEBUG org.apache.http.wire -  >> "Host: fakestoreapi.com[\r][\n]"
22:00:05.514 [main] DEBUG org.apache.http.wire -  >> "Connection: Keep-Alive[\r][\n]"
22:00:05.514 [main] DEBUG org.apache.http.wire -  >> "User-Agent: Apache-HttpClient/4.5.13 (Java/19.0.2)[\r][\n]"
22:00:05.514 [main] DEBUG org.apache.http.wire -  >> "Accept-Encoding: gzip,deflate[\r][\n]"
22:00:05.514 [main] DEBUG org.apache.http.wire -  >> "[\r][\n]"
22:00:05.514 [main] DEBUG org.apache.http.headers - >> GET /carts?limit=5 HTTP/1.1
22:00:05.514 [main] DEBUG org.apache.http.headers - >> Accept: */*
22:00:05.515 [main] DEBUG org.apache.http.headers - >> Host: fakestoreapi.com
22:00:05.515 [main] DEBUG org.apache.http.headers - >> Connection: Keep-Alive
22:00:05.515 [main] DEBUG org.apache.http.headers - >> User-Agent: Apache-HttpClient/4.5.13 (Java/19.0.2)
22:00:05.515 [main] DEBUG org.apache.http.headers - >> Accept-Encoding: gzip,deflate
22:00:06.067 [main] DEBUG org.apache.http.wire -  << "HTTP/1.1 200 OK[\r][\n]"
22:00:06.067 [main] DEBUG org.apache.http.wire -  << "Date: Sat, 15 Apr 2023 15:00:05 GMT[\r][\n]"
22:00:06.067 [main] DEBUG org.apache.http.wire -  << "Content-Type: application/json; charset=utf-8[\r][\n]"
22:00:06.067 [main] DEBUG org.apache.http.wire -  << "Transfer-Encoding: chunked[\r][\n]"
22:00:06.067 [main] DEBUG org.apache.http.wire -  << "Connection: keep-alive[\r][\n]"
22:00:06.067 [main] DEBUG org.apache.http.wire -  << "Access-Control-Allow-Origin: *[\r][\n]"
22:00:06.067 [main] DEBUG org.apache.http.wire -  << "Etag: W/"2b8-bxJn825MWHOywV0kxdnZiZBgns8"[\r][\n]"
22:00:06.067 [main] DEBUG org.apache.http.wire -  << "X-Powered-By: Express[\r][\n]"
22:00:06.067 [main] DEBUG org.apache.http.wire -  << "CF-Cache-Status: DYNAMIC[\r][\n]"
22:00:06.067 [main] DEBUG org.apache.http.wire -  << "Report-To: {"endpoints":[{"url":"https:\/\/a.nel.cloudflare.com\/report\/v3?s=347vNsfzMN23LLk35IBtTjzhD49FlJJc767VLF6sMCWGQXftIwQpLQhAfY0eCXcvH60p5Koe%2Fd0csg%2F7wqBAfOEyJIccxVNkbeHUjIJjuxRgUrI50VVCS86Lsm4LZtcZXuQv"}],"group":"cf-nel","max_age":604800}[\r][\n]"
22:00:06.068 [main] DEBUG org.apache.http.wire -  << "NEL: {"success_fraction":0,"report_to":"cf-nel","max_age":604800}[\r][\n]"
22:00:06.068 [main] DEBUG org.apache.http.wire -  << "Server: cloudflare[\r][\n]"
22:00:06.068 [main] DEBUG org.apache.http.wire -  << "CF-RAY: 7b850e5db9c8a029-SIN[\r][\n]"
22:00:06.068 [main] DEBUG org.apache.http.wire -  << "Content-Encoding: gzip[\r][\n]"
22:00:06.068 [main] DEBUG org.apache.http.wire -  << "alt-svc: h3=":443"; ma=86400, h3-29=":443"; ma=86400[\r][\n]"
22:00:06.068 [main] DEBUG org.apache.http.wire -  << "[\r][\n]"
22:00:06.068 [main] DEBUG org.apache.http.impl.conn.DefaultClientConnection - Receiving response: HTTP/1.1 200 OK
22:00:06.068 [main] DEBUG org.apache.http.headers - << HTTP/1.1 200 OK
22:00:06.068 [main] DEBUG org.apache.http.headers - << Date: Sat, 15 Apr 2023 15:00:05 GMT
22:00:06.068 [main] DEBUG org.apache.http.headers - << Content-Type: application/json; charset=utf-8
22:00:06.068 [main] DEBUG org.apache.http.headers - << Transfer-Encoding: chunked
22:00:06.068 [main] DEBUG org.apache.http.headers - << Connection: keep-alive
22:00:06.068 [main] DEBUG org.apache.http.headers - << Access-Control-Allow-Origin: *
22:00:06.068 [main] DEBUG org.apache.http.headers - << Etag: W/"2b8-bxJn825MWHOywV0kxdnZiZBgns8"
22:00:06.068 [main] DEBUG org.apache.http.headers - << X-Powered-By: Express
22:00:06.068 [main] DEBUG org.apache.http.headers - << CF-Cache-Status: DYNAMIC
22:00:06.068 [main] DEBUG org.apache.http.headers - << Report-To: {"endpoints":[{"url":"https:\/\/a.nel.cloudflare.com\/report\/v3?s=347vNsfzMN23LLk35IBtTjzhD49FlJJc767VLF6sMCWGQXftIwQpLQhAfY0eCXcvH60p5Koe%2Fd0csg%2F7wqBAfOEyJIccxVNkbeHUjIJjuxRgUrI50VVCS86Lsm4LZtcZXuQv"}],"group":"cf-nel","max_age":604800}
22:00:06.068 [main] DEBUG org.apache.http.headers - << NEL: {"success_fraction":0,"report_to":"cf-nel","max_age":604800}
22:00:06.068 [main] DEBUG org.apache.http.headers - << Server: cloudflare
22:00:06.068 [main] DEBUG org.apache.http.headers - << CF-RAY: 7b850e5db9c8a029-SIN
22:00:06.068 [main] DEBUG org.apache.http.headers - << Content-Encoding: gzip
22:00:06.068 [main] DEBUG org.apache.http.headers - << alt-svc: h3=":443"; ma=86400, h3-29=":443"; ma=86400
22:00:06.069 [main] DEBUG org.apache.http.impl.client.DefaultHttpClient - Connection can be kept alive indefinitely
22:00:06.069 [main] DEBUG io.restassured.internal.RestAssuredHttpBuilder - Parsing response as: application/json; charset=utf-8
22:00:06.069 [main] DEBUG org.apache.http.wire -  << "c3[\r][\n]"
22:00:06.069 [main] DEBUG org.apache.http.wire -  << "[0x1f][0x8b][0x8][0x0][0x0][0x0][0x0][0x0][0x0][0x3][0x9c][0x92][0xcb][\n]"
22:00:06.069 [main] DEBUG org.apache.http.wire -  << "[0x83]0[0x10]E[0xff]e[0xd6][0xb1]L&[0xda]G[0xfe][0xa0][0xfb][0xae]*"[0xd2][0xb8]p[0xd3][0x87]&[0x85]"[0xfe]{im1[0xf]"(d[0x91]p2[0xcc][0x99][0x9b][0xe4]=4[\n]"
22:00:06.069 [main] DEBUG org.apache.http.wire -  << "$g`[0xba][0xba]=[0x8e][U[0xe9][0x1a]$[0x10][0x12]&([0x12][0xa4][0x13][0xa2][0xfc][0xae][\r]"[0x9e][0x81][0xc1][0xbd][0xbd])s[0xd1][0x1d][0xc8][0xbc][0xff][0x1f]~[0xc5][0xf]S]u[0xa3]_ [0xd3][0x81]9[0x90]l[0xc8]=(l[0xb8][0x1d][\n]"
22:00:06.070 [main] DEBUG org.apache.http.wire -  << "[0x6]e[0xf9][0x4][0x89][0x9f]k[0xcd]X[0x1c]3[0xe4]K[0xc]i[0xce][0xd0][0xd1][0xe7][0xe8][0xd1][0xcc][0xa6][0x14]*[0x8a]I[0x91][0xc2][0x10][0xf9][0xba][0x10][0xc9][0x93]8[0xb8]![0x6][0x12][0xe9]$![0xc2][0x9c][0xf8][0xda][0x97][0xc][0xfa]d[0xf1]>[0x8b][0x86][0xdd][0xcd]}[0x8a]}l[0xd8][0xe2][\r][0x0][0x0][0xff][0xff][0x3][0x0][0xf3][0x8][0xc4][0xf9][0xb8][0x2][0x0][0x0]"
22:00:06.070 [main] DEBUG org.apache.http.wire -  << "[\r][\n]"
22:00:06.070 [main] DEBUG org.apache.http.wire -  << "0[\r][\n]"
22:00:06.070 [main] DEBUG org.apache.http.wire -  << "[\r][\n]"
22:00:06.070 [main] DEBUG io.restassured.internal.RestAssuredHttpBuilder - Parsed data to instance of: class org.apache.http.conn.EofSensorInputStream
22:00:06.073 [main] DEBUG org.apache.http.impl.conn.BasicClientConnectionManager - Releasing connection org.apache.http.impl.conn.ManagedClientConnectionImpl@5c459194
22:00:06.073 [main] DEBUG org.apache.http.impl.conn.BasicClientConnectionManager - Connection can be kept alive indefinitely
22:00:06.078 [main] DEBUG net.thucydides.core.steps.StepInterceptor - STEP DONE: I GET HTTP request limit result cart with valid param
  &amp#27;[32mWhen &amp#27;[0m&amp#27;[32mI GET HTTP request limit result cart with valid param&amp#27;[0m   &amp#27;[90m# starter.stepdefinition.CartSteps.getHTTPValidRequestWithLimitCartParam()&amp#27;[0m
22:00:06.084 [main] DEBUG net.thucydides.core.steps.StepInterceptor - STARTING STEP: CartSteps.receiveLimitCartWithValidRequestParam - I receive limit result cart with request param
22:00:06.142 [main] DEBUG net.thucydides.core.steps.StepInterceptor - STEP DONE: I receive limit result cart with request param
  &amp#27;[32mAnd &amp#27;[0m&amp#27;[32mI receive limit result cart with request param&amp#27;[0m           &amp#27;[90m# starter.stepdefinition.CartSteps.receiveLimitCartWithValidRequestParam()&amp#27;[0m
22:00:06.150 [main] DEBUG net.thucydides.core.steps.StepInterceptor - STARTING STEP: CartSteps.receiveValidLimitCartResponseCode200 - I receive valid GET limit result cart response code 200
22:00:06.152 [main] DEBUG net.thucydides.core.steps.StepInterceptor - STEP DONE: I receive valid GET limit result cart response code 200
  &amp#27;[32mThen &amp#27;[0m&amp#27;[32mI receive valid GET limit result cart response code 200&amp#27;[0m &amp#27;[90m# starter.stepdefinition.CartSteps.receiveValidLimitCartResponseCode200()&amp#27;[0m
22:00:06.156 [main] INFO  - 
  _____   ___   ___   _____     ___     _     ___   ___   ___   ___  
 |_   _| | __| / __| |_   _|   | _ \   /_\   / __| / __| | __| |   \ 
   | |   | _|  \__ \   | |     |  _/  / _ \  \__ \ \__ \ | _|  | |) |
   |_|   |___| |___/   |_|     |_|   /_/ \_\ |___/ |___/ |___| |___/ 

CART - GET limit result cart with valid param
----------------------------------------------------------------------
]]></system-out>
  </testcase>
  <testcase name="CART - GET limit result cart with invalid param" classname="Cart" time="1.1">
    <system-out><![CDATA[22:00:06.186 [Finalizer] DEBUG org.apache.http.impl.conn.DefaultClientConnection - Connection 0.0.0.0:57055<->172.67.130.225:443 closed
22:00:06.187 [Finalizer] DEBUG org.apache.http.impl.conn.DefaultClientConnection - Connection 0.0.0.0:57054<->172.67.130.225:443 closed
22:00:06.194 [Finalizer] DEBUG org.apache.http.impl.conn.DefaultClientConnection - Connection 0.0.0.0:57057<->172.67.130.225:443 closed

Scenario: CART - GET limit result cart with invalid param        &amp#27;[90m# src/test/resources/api/cart.feature:31&amp#27;[0m
22:00:06.221 [main] INFO io.cucumber.core.plugin.SerenityReporter - Running feature from file:///C:/Users/User/IdeaProjects/CodeCompetence2/src/test/resources/api/cart.feature
22:00:06.221 [main] WARN io.cucumber.core.plugin.SerenityReporter - Feature from file:///C:/Users/User/IdeaProjects/CodeCompetence2/src/test/resources/api/cart.feature is not under the 'features' directory. Requirements report will not be correctly generated!
22:00:06.226 [main] INFO  - 
  _____   ___   ___   _____     ___   _____     _     ___   _____   ___   ___  
 |_   _| | __| / __| |_   _|   / __| |_   _|   /_\   | _ \ |_   _| | __| |   \ 
   | |   | _|  \__ \   | |     \__ \   | |    / _ \  |   /   | |   | _|  | |) |
   |_|   |___| |___/   |_|     |___/   |_|   /_/ \_\ |_|_\   |_|   |___| |___/ 

CART - GET limit result cart with invalid param(cart;cart---get-limit-result-cart-with-invalid-param)
--------------------------------------------------------------------------------
22:00:06.303 [main] DEBUG net.thucydides.core.steps.StepInterceptor - STARTING STEP: CartSteps.getLimitCartInvalidRequest - I GET user limit result cart with invalid param
22:00:06.304 [main] DEBUG net.thucydides.core.steps.StepInterceptor - STEP DONE: I GET user limit result cart with invalid param
  &amp#27;[32mGiven &amp#27;[0m&amp#27;[32mI GET user limit result cart with invalid param&amp#27;[0m          &amp#27;[90m# starter.stepdefinition.CartSteps.getLimitCartInvalidRequest()&amp#27;[0m
22:00:06.318 [main] DEBUG net.thucydides.core.steps.StepInterceptor - STARTING STEP: CartSteps.getHTTPInvalidRequestWithLimitCartParam - I GET HTTP request limit result cart with invalid param
22:00:06.321 [main] DEBUG net.thucydides.core.steps.StepInterceptor - STARTING STEP: Cart.getHTTPInvalidRequestWithLimitCartParam - I GET user limit result cart with invalid param
22:00:06.322 [main] DEBUG net.thucydides.core.steps.StepInterceptor - STEP DONE: I GET user limit result cart with invalid param
22:00:06.377 [main] DEBUG org.apache.http.impl.conn.BasicClientConnectionManager - Get connection for route {s}->https://fakestoreapi.com:443
22:00:06.378 [main] DEBUG org.apache.http.impl.conn.DefaultClientConnectionOperator - Connecting to fakestoreapi.com:443
22:00:06.527 [main] DEBUG org.apache.http.client.protocol.RequestAddCookies - CookieSpec selected: ignoreCookies
22:00:06.527 [main] DEBUG org.apache.http.client.protocol.RequestAuthCache - Auth cache not set in the context
22:00:06.527 [main] DEBUG org.apache.http.client.protocol.RequestTargetAuthentication - Target auth state: UNCHALLENGED
22:00:06.527 [main] DEBUG org.apache.http.client.protocol.RequestProxyAuthentication - Proxy auth state: UNCHALLENGED
22:00:06.527 [main] DEBUG org.apache.http.impl.client.DefaultHttpClient - Attempt 1 to execute request
22:00:06.527 [main] DEBUG org.apache.http.impl.conn.DefaultClientConnection - Sending request: GET /cart?limit=5 HTTP/1.1
22:00:06.527 [main] DEBUG org.apache.http.wire -  >> "GET /cart?limit=5 HTTP/1.1[\r][\n]"
22:00:06.528 [main] DEBUG org.apache.http.wire -  >> "Accept: */*[\r][\n]"
22:00:06.528 [main] DEBUG org.apache.http.wire -  >> "Host: fakestoreapi.com[\r][\n]"
22:00:06.528 [main] DEBUG org.apache.http.wire -  >> "Connection: Keep-Alive[\r][\n]"
22:00:06.528 [main] DEBUG org.apache.http.wire -  >> "User-Agent: Apache-HttpClient/4.5.13 (Java/19.0.2)[\r][\n]"
22:00:06.528 [main] DEBUG org.apache.http.wire -  >> "Accept-Encoding: gzip,deflate[\r][\n]"
22:00:06.528 [main] DEBUG org.apache.http.wire -  >> "[\r][\n]"
22:00:06.528 [main] DEBUG org.apache.http.headers - >> GET /cart?limit=5 HTTP/1.1
22:00:06.528 [main] DEBUG org.apache.http.headers - >> Accept: */*
22:00:06.528 [main] DEBUG org.apache.http.headers - >> Host: fakestoreapi.com
22:00:06.528 [main] DEBUG org.apache.http.headers - >> Connection: Keep-Alive
22:00:06.528 [main] DEBUG org.apache.http.headers - >> User-Agent: Apache-HttpClient/4.5.13 (Java/19.0.2)
22:00:06.528 [main] DEBUG org.apache.http.headers - >> Accept-Encoding: gzip,deflate
22:00:07.263 [main] DEBUG org.apache.http.wire -  << "HTTP/1.1 404 Not Found[\r][\n]"
22:00:07.263 [main] DEBUG org.apache.http.wire -  << "Date: Sat, 15 Apr 2023 15:00:07 GMT[\r][\n]"
22:00:07.263 [main] DEBUG org.apache.http.wire -  << "Content-Type: text/html; charset=utf-8[\r][\n]"
22:00:07.263 [main] DEBUG org.apache.http.wire -  << "Transfer-Encoding: chunked[\r][\n]"
22:00:07.263 [main] DEBUG org.apache.http.wire -  << "Connection: keep-alive[\r][\n]"
22:00:07.263 [main] DEBUG org.apache.http.wire -  << "Access-Control-Allow-Origin: *[\r][\n]"
22:00:07.263 [main] DEBUG org.apache.http.wire -  << "Content-Security-Policy: default-src 'none'[\r][\n]"
22:00:07.263 [main] DEBUG org.apache.http.wire -  << "X-Content-Type-Options: nosniff[\r][\n]"
22:00:07.263 [main] DEBUG org.apache.http.wire -  << "X-Powered-By: Express[\r][\n]"
22:00:07.263 [main] DEBUG org.apache.http.wire -  << "CF-Cache-Status: DYNAMIC[\r][\n]"
22:00:07.263 [main] DEBUG org.apache.http.wire -  << "Report-To: {"endpoints":[{"url":"https:\/\/a.nel.cloudflare.com\/report\/v3?s=ctWuDB7lBDRh5nlriJoKoDfzBNu4UUUC3OkDAoBL7CoLlrGa0fuZWLpiTWUplpyXouNvcBnCjOki%2Bd96gWgLzyFysI8pSCQ4Xrwa%2B29%2B%2FRaujITZq%2Boz4SwwsUYk%2BBxJyjoa"}],"group":"cf-nel","max_age":604800}[\r][\n]"
22:00:07.263 [main] DEBUG org.apache.http.wire -  << "NEL: {"success_fraction":0,"report_to":"cf-nel","max_age":604800}[\r][\n]"
22:00:07.263 [main] DEBUG org.apache.http.wire -  << "Server: cloudflare[\r][\n]"
22:00:07.263 [main] DEBUG org.apache.http.wire -  << "CF-RAY: 7b850e640c0518f4-SIN[\r][\n]"
22:00:07.263 [main] DEBUG org.apache.http.wire -  << "Content-Encoding: gzip[\r][\n]"
22:00:07.263 [main] DEBUG org.apache.http.wire -  << "alt-svc: h3=":443"; ma=86400, h3-29=":443"; ma=86400[\r][\n]"
22:00:07.263 [main] DEBUG org.apache.http.wire -  << "[\r][\n]"
22:00:07.263 [main] DEBUG org.apache.http.impl.conn.DefaultClientConnection - Receiving response: HTTP/1.1 404 Not Found
22:00:07.264 [main] DEBUG org.apache.http.headers - << HTTP/1.1 404 Not Found
22:00:07.264 [main] DEBUG org.apache.http.headers - << Date: Sat, 15 Apr 2023 15:00:07 GMT
22:00:07.264 [main] DEBUG org.apache.http.headers - << Content-Type: text/html; charset=utf-8
22:00:07.264 [main] DEBUG org.apache.http.headers - << Transfer-Encoding: chunked
22:00:07.264 [main] DEBUG org.apache.http.headers - << Connection: keep-alive
22:00:07.264 [main] DEBUG org.apache.http.headers - << Access-Control-Allow-Origin: *
22:00:07.264 [main] DEBUG org.apache.http.headers - << Content-Security-Policy: default-src 'none'
22:00:07.264 [main] DEBUG org.apache.http.headers - << X-Content-Type-Options: nosniff
22:00:07.264 [main] DEBUG org.apache.http.headers - << X-Powered-By: Express
22:00:07.264 [main] DEBUG org.apache.http.headers - << CF-Cache-Status: DYNAMIC
22:00:07.264 [main] DEBUG org.apache.http.headers - << Report-To: {"endpoints":[{"url":"https:\/\/a.nel.cloudflare.com\/report\/v3?s=ctWuDB7lBDRh5nlriJoKoDfzBNu4UUUC3OkDAoBL7CoLlrGa0fuZWLpiTWUplpyXouNvcBnCjOki%2Bd96gWgLzyFysI8pSCQ4Xrwa%2B29%2B%2FRaujITZq%2Boz4SwwsUYk%2BBxJyjoa"}],"group":"cf-nel","max_age":604800}
22:00:07.264 [main] DEBUG org.apache.http.headers - << NEL: {"success_fraction":0,"report_to":"cf-nel","max_age":604800}
22:00:07.264 [main] DEBUG org.apache.http.headers - << Server: cloudflare
22:00:07.264 [main] DEBUG org.apache.http.headers - << CF-RAY: 7b850e640c0518f4-SIN
22:00:07.264 [main] DEBUG org.apache.http.headers - << Content-Encoding: gzip
22:00:07.264 [main] DEBUG org.apache.http.headers - << alt-svc: h3=":443"; ma=86400, h3-29=":443"; ma=86400
22:00:07.264 [main] DEBUG org.apache.http.impl.client.DefaultHttpClient - Connection can be kept alive indefinitely
22:00:07.265 [main] DEBUG io.restassured.internal.RestAssuredHttpBuilder - Parsing response as: text/html; charset=utf-8
22:00:07.265 [main] DEBUG org.apache.http.wire -  << "8c[\r][\n]"
22:00:07.265 [main] DEBUG org.apache.http.wire -  << "[0x1f][0x8b][0x8][0x0][0x0][0x0][0x0][0x0][0x0][0x3],[0x8d][0xb1][0xe][0xc2]0[0xc]D[0xf7]|[0x85][0xc9][0x8e][0xbc]2[0xb8]^J[0xc4][0x8]C[0x17]F[0xd3][0x1a][0x8a][0x94]&[0x95]1[0x3][0x8f][0x2][0x9d]N[0xf7][0xee]NG[0xbb][0xe3][0xb9][0x1f][0xae][0x97][0x4][0xb3]/[0x99][0x3]5[0x81],[0xe5][0xd1]E-[0xb1][0x1][0x95][0x89][0x3]-[0xea][0x2][0xe3],[0xf6]R[0xef][0xe2][0xdb][0xef][0xfb]CK[0xfd][0xe9]Y9[0x99]U#[0xfc][0x9b]@[0xb8]mnu[0xfa]p[0xa0][0xd5][0x94]{)[0xa5]:[0x9c][0xd2][0x0]8[0x8a]9a[0xa3][0x81]p[0xeb][0xe0][0xef][0xfe][0xb][0x0][0x0][0xff][0xff][0xe3][0x2][0x0]0E[0xcf][0xb4][0x8f][0x0][0x0][0x0]"
22:00:07.265 [main] DEBUG org.apache.http.wire -  << "[\r][\n]"
22:00:07.266 [main] DEBUG org.apache.http.wire -  << "0[\r][\n]"
22:00:07.266 [main] DEBUG org.apache.http.wire -  << "[\r][\n]"
22:00:07.266 [main] DEBUG io.restassured.internal.RestAssuredHttpBuilder - Parsed data to instance of: class org.apache.http.conn.EofSensorInputStream
22:00:07.268 [main] DEBUG org.apache.http.impl.conn.BasicClientConnectionManager - Releasing connection org.apache.http.impl.conn.ManagedClientConnectionImpl@4b360a82
22:00:07.268 [main] DEBUG org.apache.http.impl.conn.BasicClientConnectionManager - Connection can be kept alive indefinitely
22:00:07.271 [main] DEBUG net.thucydides.core.steps.StepInterceptor - STEP DONE: I GET HTTP request limit result cart with invalid param
  &amp#27;[32mWhen &amp#27;[0m&amp#27;[32mI GET HTTP request limit result cart with invalid param&amp#27;[0m   &amp#27;[90m# starter.stepdefinition.CartSteps.getHTTPInvalidRequestWithLimitCartParam()&amp#27;[0m
22:00:07.276 [main] DEBUG net.thucydides.core.steps.StepInterceptor - STARTING STEP: CartSteps.receiveLimitCartWitInvalidhRequestParam - I receive limit result cart with invalid request param
22:00:07.278 [main] DEBUG net.thucydides.core.steps.StepInterceptor - STEP DONE: I receive limit result cart with invalid request param
  &amp#27;[32mAnd &amp#27;[0m&amp#27;[32mI receive limit result cart with invalid request param&amp#27;[0m     &amp#27;[90m# starter.stepdefinition.CartSteps.receiveLimitCartWitInvalidhRequestParam()&amp#27;[0m
22:00:07.292 [main] DEBUG net.thucydides.core.steps.StepInterceptor - STARTING STEP: CartSteps.receiveInvalidLimitCartResponseCode404 - I receive invalid GET limit result cart response code 404
22:00:07.293 [main] DEBUG net.thucydides.core.steps.StepInterceptor - STEP DONE: I receive invalid GET limit result cart response code 404
  &amp#27;[32mThen &amp#27;[0m&amp#27;[32mI receive invalid GET limit result cart response code 404&amp#27;[0m &amp#27;[90m# starter.stepdefinition.CartSteps.receiveInvalidLimitCartResponseCode404()&amp#27;[0m
22:00:07.297 [main] INFO  - 
  _____   ___   ___   _____     ___     _     ___   ___   ___   ___  
 |_   _| | __| / __| |_   _|   | _ \   /_\   / __| / __| | __| |   \ 
   | |   | _|  \__ \   | |     |  _/  / _ \  \__ \ \__ \ | _|  | |) |
   |_|   |___| |___/   |_|     |_|   /_/ \_\ |___/ |___/ |___| |___/ 

CART - GET limit result cart with invalid param
----------------------------------------------------------------------
]]></system-out>
  </testcase>
  <testcase name="CART - GET result cart in descending sort" classname="Cart" time="1.217">
    <system-out><![CDATA[
Scenario: CART - GET result cart in descending sort               &amp#27;[90m# src/test/resources/api/cart.feature:37&amp#27;[0m
22:00:07.325 [main] INFO io.cucumber.core.plugin.SerenityReporter - Running feature from file:///C:/Users/User/IdeaProjects/CodeCompetence2/src/test/resources/api/cart.feature
22:00:07.325 [main] WARN io.cucumber.core.plugin.SerenityReporter - Feature from file:///C:/Users/User/IdeaProjects/CodeCompetence2/src/test/resources/api/cart.feature is not under the 'features' directory. Requirements report will not be correctly generated!
22:00:07.347 [main] INFO  - 
  _____   ___   ___   _____     ___   _____     _     ___   _____   ___   ___  
 |_   _| | __| / __| |_   _|   / __| |_   _|   /_\   | _ \ |_   _| | __| |   \ 
   | |   | _|  \__ \   | |     \__ \   | |    / _ \  |   /   | |   | _|  | |) |
   |_|   |___| |___/   |_|     |___/   |_|   /_/ \_\ |_|_\   |_|   |___| |___/ 

CART - GET result cart in descending sort(cart;cart---get-result-cart-in-descending-sort)
--------------------------------------------------------------------------------
22:00:07.382 [main] DEBUG net.thucydides.core.steps.StepInterceptor - STARTING STEP: CartSteps.setGetCartEndpoint - I GET API cart endpoint
22:00:07.383 [main] DEBUG net.thucydides.core.steps.StepInterceptor - STEP DONE: I GET API cart endpoint
  &amp#27;[32mGiven &amp#27;[0m&amp#27;[32mI GET API cart endpoint&amp#27;[0m                                   &amp#27;[90m# starter.stepdefinition.CartSteps.setGetCartEndpoint()&amp#27;[0m
22:00:07.392 [main] DEBUG net.thucydides.core.steps.StepInterceptor - STARTING STEP: CartSteps.getProductWithSort - I GET HTTP request cart with decending sort
22:00:07.396 [main] DEBUG net.thucydides.core.steps.StepInterceptor - STARTING STEP: Cart.getSortCartRequest - I GET API cart endpoint
22:00:07.397 [main] DEBUG net.thucydides.core.steps.StepInterceptor - STEP DONE: I GET API cart endpoint
22:00:07.452 [main] DEBUG org.apache.http.impl.conn.BasicClientConnectionManager - Get connection for route {s}->https://fakestoreapi.com:443
22:00:07.452 [main] DEBUG org.apache.http.impl.conn.DefaultClientConnectionOperator - Connecting to fakestoreapi.com:443
22:00:07.614 [main] DEBUG org.apache.http.client.protocol.RequestAddCookies - CookieSpec selected: ignoreCookies
22:00:07.614 [main] DEBUG org.apache.http.client.protocol.RequestAuthCache - Auth cache not set in the context
22:00:07.614 [main] DEBUG org.apache.http.client.protocol.RequestTargetAuthentication - Target auth state: UNCHALLENGED
22:00:07.614 [main] DEBUG org.apache.http.client.protocol.RequestProxyAuthentication - Proxy auth state: UNCHALLENGED
22:00:07.614 [main] DEBUG org.apache.http.impl.client.DefaultHttpClient - Attempt 1 to execute request
22:00:07.614 [main] DEBUG org.apache.http.impl.conn.DefaultClientConnection - Sending request: GET /carts?sort=desc HTTP/1.1
22:00:07.614 [main] DEBUG org.apache.http.wire -  >> "GET /carts?sort=desc HTTP/1.1[\r][\n]"
22:00:07.614 [main] DEBUG org.apache.http.wire -  >> "Accept: */*[\r][\n]"
22:00:07.614 [main] DEBUG org.apache.http.wire -  >> "Host: fakestoreapi.com[\r][\n]"
22:00:07.614 [main] DEBUG org.apache.http.wire -  >> "Connection: Keep-Alive[\r][\n]"
22:00:07.614 [main] DEBUG org.apache.http.wire -  >> "User-Agent: Apache-HttpClient/4.5.13 (Java/19.0.2)[\r][\n]"
22:00:07.614 [main] DEBUG org.apache.http.wire -  >> "Accept-Encoding: gzip,deflate[\r][\n]"
22:00:07.614 [main] DEBUG org.apache.http.wire -  >> "[\r][\n]"
22:00:07.614 [main] DEBUG org.apache.http.headers - >> GET /carts?sort=desc HTTP/1.1
22:00:07.615 [main] DEBUG org.apache.http.headers - >> Accept: */*
22:00:07.615 [main] DEBUG org.apache.http.headers - >> Host: fakestoreapi.com
22:00:07.615 [main] DEBUG org.apache.http.headers - >> Connection: Keep-Alive
22:00:07.615 [main] DEBUG org.apache.http.headers - >> User-Agent: Apache-HttpClient/4.5.13 (Java/19.0.2)
22:00:07.615 [main] DEBUG org.apache.http.headers - >> Accept-Encoding: gzip,deflate
22:00:08.497 [main] DEBUG org.apache.http.wire -  << "HTTP/1.1 200 OK[\r][\n]"
22:00:08.497 [main] DEBUG org.apache.http.wire -  << "Date: Sat, 15 Apr 2023 15:00:08 GMT[\r][\n]"
22:00:08.497 [main] DEBUG org.apache.http.wire -  << "Content-Type: application/json; charset=utf-8[\r][\n]"
22:00:08.497 [main] DEBUG org.apache.http.wire -  << "Transfer-Encoding: chunked[\r][\n]"
22:00:08.497 [main] DEBUG org.apache.http.wire -  << "Connection: keep-alive[\r][\n]"
22:00:08.497 [main] DEBUG org.apache.http.wire -  << "Access-Control-Allow-Origin: *[\r][\n]"
22:00:08.498 [main] DEBUG org.apache.http.wire -  << "Etag: W/"3a8-nb02RQT3OuKfcepxTeTynGjWm8Q"[\r][\n]"
22:00:08.498 [main] DEBUG org.apache.http.wire -  << "X-Powered-By: Express[\r][\n]"
22:00:08.498 [main] DEBUG org.apache.http.wire -  << "CF-Cache-Status: DYNAMIC[\r][\n]"
22:00:08.498 [main] DEBUG org.apache.http.wire -  << "Report-To: {"endpoints":[{"url":"https:\/\/a.nel.cloudflare.com\/report\/v3?s=mR59zA5dhW%2FWK9Isip95OAfyyxOGuDtOJWQjTZgwf4Ph4cmFbIJpCO%2FIAzNfLE2JcXFAYQOwAXnf0Tni16adISZZnns7bsVPkoUuFjpfoLLxjBiPqIKPMRY9UIPnB7J7UeKY"}],"group":"cf-nel","max_age":604800}[\r][\n]"
22:00:08.498 [main] DEBUG org.apache.http.wire -  << "NEL: {"success_fraction":0,"report_to":"cf-nel","max_age":604800}[\r][\n]"
22:00:08.498 [main] DEBUG org.apache.http.wire -  << "Server: cloudflare[\r][\n]"
22:00:08.498 [main] DEBUG org.apache.http.wire -  << "CF-RAY: 7b850e6adc229e38-SIN[\r][\n]"
22:00:08.498 [main] DEBUG org.apache.http.wire -  << "Content-Encoding: gzip[\r][\n]"
22:00:08.498 [main] DEBUG org.apache.http.wire -  << "alt-svc: h3=":443"; ma=86400, h3-29=":443"; ma=86400[\r][\n]"
22:00:08.498 [main] DEBUG org.apache.http.wire -  << "[\r][\n]"
22:00:08.498 [main] DEBUG org.apache.http.impl.conn.DefaultClientConnection - Receiving response: HTTP/1.1 200 OK
22:00:08.498 [main] DEBUG org.apache.http.headers - << HTTP/1.1 200 OK
22:00:08.498 [main] DEBUG org.apache.http.headers - << Date: Sat, 15 Apr 2023 15:00:08 GMT
22:00:08.498 [main] DEBUG org.apache.http.headers - << Content-Type: application/json; charset=utf-8
22:00:08.498 [main] DEBUG org.apache.http.headers - << Transfer-Encoding: chunked
22:00:08.498 [main] DEBUG org.apache.http.headers - << Connection: keep-alive
22:00:08.498 [main] DEBUG org.apache.http.headers - << Access-Control-Allow-Origin: *
22:00:08.498 [main] DEBUG org.apache.http.headers - << Etag: W/"3a8-nb02RQT3OuKfcepxTeTynGjWm8Q"
22:00:08.498 [main] DEBUG org.apache.http.headers - << X-Powered-By: Express
22:00:08.498 [main] DEBUG org.apache.http.headers - << CF-Cache-Status: DYNAMIC
22:00:08.498 [main] DEBUG org.apache.http.headers - << Report-To: {"endpoints":[{"url":"https:\/\/a.nel.cloudflare.com\/report\/v3?s=mR59zA5dhW%2FWK9Isip95OAfyyxOGuDtOJWQjTZgwf4Ph4cmFbIJpCO%2FIAzNfLE2JcXFAYQOwAXnf0Tni16adISZZnns7bsVPkoUuFjpfoLLxjBiPqIKPMRY9UIPnB7J7UeKY"}],"group":"cf-nel","max_age":604800}
22:00:08.498 [main] DEBUG org.apache.http.headers - << NEL: {"success_fraction":0,"report_to":"cf-nel","max_age":604800}
22:00:08.498 [main] DEBUG org.apache.http.headers - << Server: cloudflare
22:00:08.498 [main] DEBUG org.apache.http.headers - << CF-RAY: 7b850e6adc229e38-SIN
22:00:08.498 [main] DEBUG org.apache.http.headers - << Content-Encoding: gzip
22:00:08.498 [main] DEBUG org.apache.http.headers - << alt-svc: h3=":443"; ma=86400, h3-29=":443"; ma=86400
22:00:08.499 [main] DEBUG org.apache.http.impl.client.DefaultHttpClient - Connection can be kept alive indefinitely
22:00:08.499 [main] DEBUG io.restassured.internal.RestAssuredHttpBuilder - Parsing response as: application/json; charset=utf-8
22:00:08.499 [main] DEBUG org.apache.http.wire -  << "db[\r][\n]"
22:00:08.499 [main] DEBUG org.apache.http.wire -  << "[0x1f][0x8b][0x8][0x0][0x0][0x0][0x0][0x0][0x0][0x3][0xa4][0x92][0xcb][\n]"
22:00:08.499 [main] DEBUG org.apache.http.wire -  << "[0x83]0[0x10]E[0xff]e[0xd6][0xb1]L&[0xbe][0x9a]?[0xe8][0xbe][0xab][0x8a][0x88]4.[0xdc][0xf4][0xa1][0xb1]P[0xc4]/[0xb6][0x94]$[\r]jE[0xc8]F.[0xf1][0x9c]{I[0xd6]C[0xad]@&[0xc][0xba][0xb6]j[0xe][\n]"
[...]
22:00:46.946 [main] DEBUG net.thucydides.core.steps.StepInterceptor - STARTING STEP: UserSteps.deleteUserWithNewId - I GET HTTP request user data
22:00:46.947 [main] DEBUG net.thucydides.core.steps.StepInterceptor - STARTING STEP: User.deleteUserRequest - I GET API user endpoints
22:00:46.947 [main] DEBUG net.thucydides.core.steps.StepInterceptor - STEP DONE: I GET API user endpoints
22:00:46.954 [main] DEBUG org.apache.http.impl.conn.BasicClientConnectionManager - Get connection for route {s}->https://fakestoreapi.com:443
22:00:46.954 [main] DEBUG org.apache.http.impl.conn.DefaultClientConnectionOperator - Connecting to fakestoreapi.com:443
22:00:47.046 [main] DEBUG org.apache.http.client.protocol.RequestAddCookies - CookieSpec selected: ignoreCookies
22:00:47.046 [main] DEBUG org.apache.http.client.protocol.RequestAuthCache - Auth cache not set in the context
22:00:47.046 [main] DEBUG org.apache.http.client.protocol.RequestTargetAuthentication - Target auth state: UNCHALLENGED
22:00:47.047 [main] DEBUG org.apache.http.client.protocol.RequestProxyAuthentication - Proxy auth state: UNCHALLENGED
22:00:47.047 [main] DEBUG org.apache.http.impl.client.DefaultHttpClient - Attempt 1 to execute request
22:00:47.047 [main] DEBUG org.apache.http.impl.conn.DefaultClientConnection - Sending request: DELETE /users/6 HTTP/1.1
22:00:47.047 [main] DEBUG org.apache.http.wire -  >> "DELETE /users/6 HTTP/1.1[\r][\n]"
22:00:47.047 [main] DEBUG org.apache.http.wire -  >> "Accept: */*[\r][\n]"
22:00:47.047 [main] DEBUG org.apache.http.wire -  >> "Host: fakestoreapi.com[\r][\n]"
22:00:47.047 [main] DEBUG org.apache.http.wire -  >> "Connection: Keep-Alive[\r][\n]"
22:00:47.047 [main] DEBUG org.apache.http.wire -  >> "User-Agent: Apache-HttpClient/4.5.13 (Java/19.0.2)[\r][\n]"
22:00:47.047 [main] DEBUG org.apache.http.wire -  >> "Accept-Encoding: gzip,deflate[\r][\n]"
22:00:47.047 [main] DEBUG org.apache.http.wire -  >> "[\r][\n]"
22:00:47.047 [main] DEBUG org.apache.http.headers - >> DELETE /users/6 HTTP/1.1
22:00:47.047 [main] DEBUG org.apache.http.headers - >> Accept: */*
22:00:47.047 [main] DEBUG org.apache.http.headers - >> Host: fakestoreapi.com
22:00:47.047 [main] DEBUG org.apache.http.headers - >> Connection: Keep-Alive
22:00:47.047 [main] DEBUG org.apache.http.headers - >> User-Agent: Apache-HttpClient/4.5.13 (Java/19.0.2)
22:00:47.047 [main] DEBUG org.apache.http.headers - >> Accept-Encoding: gzip,deflate
22:00:47.875 [main] DEBUG org.apache.http.wire -  << "HTTP/1.1 200 OK[\r][\n]"
22:00:47.875 [main] DEBUG org.apache.http.wire -  << "Date: Sat, 15 Apr 2023 15:00:47 GMT[\r][\n]"
22:00:47.875 [main] DEBUG org.apache.http.wire -  << "Content-Type: application/json; charset=utf-8[\r][\n]"
22:00:47.875 [main] DEBUG org.apache.http.wire -  << "Transfer-Encoding: chunked[\r][\n]"
22:00:47.875 [main] DEBUG org.apache.http.wire -  << "Connection: keep-alive[\r][\n]"
22:00:47.875 [main] DEBUG org.apache.http.wire -  << "Access-Control-Allow-Origin: *[\r][\n]"
22:00:47.875 [main] DEBUG org.apache.http.wire -  << "Etag: W/"12c-qh6raI/EWS3a5DDlu8tTdvjmcN0"[\r][\n]"
22:00:47.875 [main] DEBUG org.apache.http.wire -  << "X-Powered-By: Express[\r][\n]"
22:00:47.875 [main] DEBUG org.apache.http.wire -  << "CF-Cache-Status: DYNAMIC[\r][\n]"
22:00:47.875 [main] DEBUG org.apache.http.wire -  << "Report-To: {"endpoints":[{"url":"https:\/\/a.nel.cloudflare.com\/report\/v3?s=vhDPHiR1OIDo%2ByPOUsyu1oP%2FJP3QF6ERoaXgWFZPpmnixPM0pimq2OQCRXZ24c%2BogKJ9UGeEOSSUQNOAuTUyVbsi%2FS%2Febjh2CWdK%2BScIXlR4oardpz4Zy96usqVZjDxTfSes"}],"group":"cf-nel","max_age":604800}[\r][\n]"
22:00:47.875 [main] DEBUG org.apache.http.wire -  << "NEL: {"success_fraction":0,"report_to":"cf-nel","max_age":604800}[\r][\n]"
22:00:47.875 [main] DEBUG org.apache.http.wire -  << "Server: cloudflare[\r][\n]"
22:00:47.875 [main] DEBUG org.apache.http.wire -  << "CF-RAY: 7b850f611fd4899b-SIN[\r][\n]"
22:00:47.875 [main] DEBUG org.apache.http.wire -  << "Content-Encoding: gzip[\r][\n]"
22:00:47.875 [main] DEBUG org.apache.http.wire -  << "alt-svc: h3=":443"; ma=86400, h3-29=":443"; ma=86400[\r][\n]"
22:00:47.875 [main] DEBUG org.apache.http.wire -  << "[\r][\n]"
22:00:47.875 [main] DEBUG org.apache.http.impl.conn.DefaultClientConnection - Receiving response: HTTP/1.1 200 OK
22:00:47.875 [main] DEBUG org.apache.http.headers - << HTTP/1.1 200 OK
22:00:47.875 [main] DEBUG org.apache.http.headers - << Date: Sat, 15 Apr 2023 15:00:47 GMT
22:00:47.875 [main] DEBUG org.apache.http.headers - << Content-Type: application/json; charset=utf-8
22:00:47.875 [main] DEBUG org.apache.http.headers - << Transfer-Encoding: chunked
22:00:47.875 [main] DEBUG org.apache.http.headers - << Connection: keep-alive
22:00:47.875 [main] DEBUG org.apache.http.headers - << Access-Control-Allow-Origin: *
22:00:47.875 [main] DEBUG org.apache.http.headers - << Etag: W/"12c-qh6raI/EWS3a5DDlu8tTdvjmcN0"
22:00:47.875 [main] DEBUG org.apache.http.headers - << X-Powered-By: Express
22:00:47.875 [main] DEBUG org.apache.http.headers - << CF-Cache-Status: DYNAMIC
22:00:47.875 [main] DEBUG org.apache.http.headers - << Report-To: {"endpoints":[{"url":"https:\/\/a.nel.cloudflare.com\/report\/v3?s=vhDPHiR1OIDo%2ByPOUsyu1oP%2FJP3QF6ERoaXgWFZPpmnixPM0pimq2OQCRXZ24c%2BogKJ9UGeEOSSUQNOAuTUyVbsi%2FS%2Febjh2CWdK%2BScIXlR4oardpz4Zy96usqVZjDxTfSes"}],"group":"cf-nel","max_age":604800}
22:00:47.875 [main] DEBUG org.apache.http.headers - << NEL: {"success_fraction":0,"report_to":"cf-nel","max_age":604800}
22:00:47.875 [main] DEBUG org.apache.http.headers - << Server: cloudflare
22:00:47.875 [main] DEBUG org.apache.http.headers - << CF-RAY: 7b850f611fd4899b-SIN
22:00:47.875 [main] DEBUG org.apache.http.headers - << Content-Encoding: gzip
22:00:47.875 [main] DEBUG org.apache.http.headers - << alt-svc: h3=":443"; ma=86400, h3-29=":443"; ma=86400
22:00:47.876 [main] DEBUG org.apache.http.impl.client.DefaultHttpClient - Connection can be kept alive indefinitely
22:00:47.876 [main] DEBUG io.restassured.internal.RestAssuredHttpBuilder - Parsing response as: application/json; charset=utf-8
22:00:47.876 [main] DEBUG org.apache.http.wire -  << "e9[\r][\n]"
22:00:47.876 [main] DEBUG org.apache.http.wire -  << "[0x1f][0x8b][0x8][0x0][0x0][0x0][0x0][0x0][0x0][0x3]L[0x8f][0xcd]n[0xc4] [0xc][0x84]_e5[0xbd]U$[0xca][0xf]!YN[0xfb]&[0x11][\r]n[0x8a]D[0x2][0xc2]d[0xab]6[0xda]w[0xaf][0xd8]C[0xdb][0xe3][0x8c][0xe7][0xf3][0xd8]'[0x8c][0xb5][0x89][0x98][0xa1]O[0xac][0x14]|XLva/[0xd2][0x9b][0xc][0x8d][0xae][0xa9][5[0x8e][0x10][0xf0]a_[0xa1]Q[0xb5]M[0xad][0xc6][0xe9][0x8a][0x87][0xc0][0xe2][0xf2][0x17]4[0xc8]_[0xa2][0xe1][0x0][0x1][0xce][0x89][0xa8]`1[0x5][0x8e][0xb4][0xe4][0xb]g[0x8][0xec][0xc7][0xf6]F[0x9][0xba][0xed][0xa4][0xc0][0xb7][0x8b]K[0xb0][0x4][0x8d][0xb6][0xeb][0xa5][0xaa][0x1a]9[0xa8][0xb2][0xcc]Yh%@[0x9b]q[0x1e][0x1a][0xd6][0xdc][0x9d][0x9d][0xd3]m-[0xba]^[0xc2][0x6][0x81][0x83])[0xed]f[0xa3][0xbf]1[0x4][0xa2]a[0xfe][0xc][0xc9]B[0xa3][0x97][0xe3][0xf4][0xfa]2[0xc8]R[0xf9][0x8c][0x9d]xw[0x89][0xf3][0xa6]|b~[0xad]t0[0x93][0xf7][0xa5]?~[0x84][0xfd]yU[0xa5][0xc6][0xa9][0xea][0xe5]P][0xa7]AA`[0x9e][0xef][0xd0][0xcd][0xe3][0x7][0x0][0x0][0xff][0xff][0x3][0x0]I/*[0x8c],[0x1][0x0][0x0]"
22:00:47.876 [main] DEBUG org.apache.http.wire -  << "[\r][\n]"
22:00:47.876 [main] DEBUG org.apache.http.wire -  << "0[\r][\n]"
22:00:47.876 [main] DEBUG org.apache.http.wire -  << "[\r][\n]"
22:00:47.876 [main] DEBUG io.restassured.internal.RestAssuredHttpBuilder - Parsed data to instance of: class org.apache.http.conn.EofSensorInputStream
22:00:47.877 [main] DEBUG org.apache.http.impl.conn.BasicClientConnectionManager - Releasing connection org.apache.http.impl.conn.ManagedClientConnectionImpl@4dcdc172
22:00:47.877 [main] DEBUG org.apache.http.impl.conn.BasicClientConnectionManager - Connection can be kept alive indefinitely
22:00:47.877 [main] DEBUG net.thucydides.core.steps.StepInterceptor - STEP DONE: I GET HTTP request user data
  &amp#27;[32mWhen &amp#27;[0m&amp#27;[32mI DELETE user HTTP request with valid id&amp#27;[0m     &amp#27;[90m# starter.stepdefinition.UserSteps.deleteUserWithNewId()&amp#27;[0m
22:00:47.880 [main] DEBUG net.thucydides.core.steps.StepInterceptor - STARTING STEP: UserSteps.responseUserCartInvalid - I receive valid cart HTTP response code 200
22:00:47.881 [main] DEBUG net.thucydides.core.steps.StepInterceptor - STEP DONE: I receive valid cart HTTP response code 200
  &amp#27;[32mAnd &amp#27;[0m&amp#27;[32mI receive valid DELETE user response code 200&amp#27;[0m &amp#27;[90m# starter.stepdefinition.UserSteps.responseUserCartInvalid()&amp#27;[0m
22:00:47.882 [main] INFO  - 
  _____   ___   ___   _____     ___     _     ___   ___   ___   ___  
 |_   _| | __| / __| |_   _|   | _ \   /_\   / __| / __| | __| |   \ 
   | |   | _|  \__ \   | |     |  _/  / _ \  \__ \ \__ \ | _|  | |) |
   |_|   |___| |___/   |_|     |_|   /_/ \_\ |___/ |___/ |___| |___/ 

USER - DELETE existing user with valid id
----------------------------------------------------------------------
]]></system-out>
  </testcase>
  <testcase name="USER - DELETE existing user with invalid id" classname="User #2" time="0.5">
    <system-out><![CDATA[
Scenario: USER - DELETE existing user with invalid id &amp#27;[90m# src/test/resources/api/user.feature:76&amp#27;[0m
22:00:47.897 [main] INFO io.cucumber.core.plugin.SerenityReporter - Running feature from file:///C:/Users/User/IdeaProjects/CodeCompetence2/src/test/resources/api/user.feature
22:00:47.897 [main] WARN io.cucumber.core.plugin.SerenityReporter - Feature from file:///C:/Users/User/IdeaProjects/CodeCompetence2/src/test/resources/api/user.feature is not under the 'features' directory. Requirements report will not be correctly generated!
22:00:47.900 [main] INFO  - 
  _____   ___   ___   _____     ___   _____     _     ___   _____   ___   ___  
 |_   _| | __| / __| |_   _|   / __| |_   _|   /_\   | _ \ |_   _| | __| |   \ 
   | |   | _|  \__ \   | |     \__ \   | |    / _ \  |   /   | |   | _|  | |) |
   |_|   |___| |___/   |_|     |___/   |_|   /_/ \_\ |_|_\   |_|   |___| |___/ 

USER - DELETE existing user with invalid id(user;user---delete-existing-user-with-invalid-id)
--------------------------------------------------------------------------------
22:00:47.911 [main] DEBUG net.thucydides.core.steps.StepInterceptor - STARTING STEP: UserSteps.setDeleteUserInvalidEndpoint - I DELETE API user with invalid id endpoints
22:00:47.911 [main] DEBUG net.thucydides.core.steps.StepInterceptor - STEP DONE: I DELETE API user with invalid id endpoints
  &amp#27;[32mGiven &amp#27;[0m&amp#27;[32mI DELETE API user with invalid id endpoints&amp#27;[0m   &amp#27;[90m# starter.stepdefinition.UserSteps.setDeleteUserInvalidEndpoint()&amp#27;[0m
22:00:47.914 [main] DEBUG net.thucydides.core.steps.StepInterceptor - STARTING STEP: UserSteps.deleteUserInvalidRequest - I DELETE user HTTP request with invalid id
22:00:47.917 [main] DEBUG net.thucydides.core.steps.StepInterceptor - STARTING STEP: User.deleteUserInvalidRequest - I DELETE API user with invalid id endpoints
22:00:47.917 [main] DEBUG net.thucydides.core.steps.StepInterceptor - STEP DONE: I DELETE API user with invalid id endpoints
22:00:47.923 [main] DEBUG org.apache.http.impl.conn.BasicClientConnectionManager - Get connection for route {s}->https://fakestoreapi.com:443
22:00:47.924 [main] DEBUG org.apache.http.impl.conn.DefaultClientConnectionOperator - Connecting to fakestoreapi.com:443
22:00:48.003 [main] DEBUG org.apache.http.client.protocol.RequestAddCookies - CookieSpec selected: ignoreCookies
22:00:48.003 [main] DEBUG org.apache.http.client.protocol.RequestAuthCache - Auth cache not set in the context
22:00:48.003 [main] DEBUG org.apache.http.client.protocol.RequestTargetAuthentication - Target auth state: UNCHALLENGED
22:00:48.003 [main] DEBUG org.apache.http.client.protocol.RequestProxyAuthentication - Proxy auth state: UNCHALLENGED
22:00:48.003 [main] DEBUG org.apache.http.impl.client.DefaultHttpClient - Attempt 1 to execute request
22:00:48.003 [main] DEBUG org.apache.http.impl.conn.DefaultClientConnection - Sending request: DELETE /user/11 HTTP/1.1
22:00:48.003 [main] DEBUG org.apache.http.wire -  >> "DELETE /user/11 HTTP/1.1[\r][\n]"
22:00:48.003 [main] DEBUG org.apache.http.wire -  >> "Accept: */*[\r][\n]"
22:00:48.003 [main] DEBUG org.apache.http.wire -  >> "Host: fakestoreapi.com[\r][\n]"
22:00:48.003 [main] DEBUG org.apache.http.wire -  >> "Connection: Keep-Alive[\r][\n]"
22:00:48.003 [main] DEBUG org.apache.http.wire -  >> "User-Agent: Apache-HttpClient/4.5.13 (Java/19.0.2)[\r][\n]"
22:00:48.003 [main] DEBUG org.apache.http.wire -  >> "Accept-Encoding: gzip,deflate[\r][\n]"
22:00:48.003 [main] DEBUG org.apache.http.wire -  >> "[\r][\n]"
22:00:48.003 [main] DEBUG org.apache.http.headers - >> DELETE /user/11 HTTP/1.1
22:00:48.003 [main] DEBUG org.apache.http.headers - >> Accept: */*
22:00:48.003 [main] DEBUG org.apache.http.headers - >> Host: fakestoreapi.com
22:00:48.003 [main] DEBUG org.apache.http.headers - >> Connection: Keep-Alive
22:00:48.003 [main] DEBUG org.apache.http.headers - >> User-Agent: Apache-HttpClient/4.5.13 (Java/19.0.2)
22:00:48.003 [main] DEBUG org.apache.http.headers - >> Accept-Encoding: gzip,deflate
22:00:48.360 [main] DEBUG org.apache.http.wire -  << "HTTP/1.1 404 Not Found[\r][\n]"
22:00:48.360 [main] DEBUG org.apache.http.wire -  << "Date: Sat, 15 Apr 2023 15:00:48 GMT[\r][\n]"
22:00:48.360 [main] DEBUG org.apache.http.wire -  << "Content-Type: text/html; charset=utf-8[\r][\n]"
22:00:48.360 [main] DEBUG org.apache.http.wire -  << "Transfer-Encoding: chunked[\r][\n]"
22:00:48.360 [main] DEBUG org.apache.http.wire -  << "Connection: keep-alive[\r][\n]"
22:00:48.360 [main] DEBUG org.apache.http.wire -  << "Access-Control-Allow-Origin: *[\r][\n]"
22:00:48.360 [main] DEBUG org.apache.http.wire -  << "Content-Security-Policy: default-src 'none'[\r][\n]"
22:00:48.360 [main] DEBUG org.apache.http.wire -  << "X-Content-Type-Options: nosniff[\r][\n]"
22:00:48.360 [main] DEBUG org.apache.http.wire -  << "X-Powered-By: Express[\r][\n]"
22:00:48.360 [main] DEBUG org.apache.http.wire -  << "CF-Cache-Status: DYNAMIC[\r][\n]"
22:00:48.360 [main] DEBUG org.apache.http.wire -  << "Report-To: {"endpoints":[{"url":"https:\/\/a.nel.cloudflare.com\/report\/v3?s=CvIwurPRqNExBtzyjYKrBWtNmK60HdvRQ5cQ1X8xbJ0ZyZjOnFyvXlVyGGZ6ZyQQ6qD0KL9mn%2FBvo4UTYLKyijop7cbY4gFw8hk%2BJKq%2FLKFQlL2hMoR5Ic%2BOi871wUeSe%2FgW"}],"group":"cf-nel","max_age":604800}[\r][\n]"
22:00:48.360 [main] DEBUG org.apache.http.wire -  << "NEL: {"success_fraction":0,"report_to":"cf-nel","max_age":604800}[\r][\n]"
22:00:48.360 [main] DEBUG org.apache.http.wire -  << "Server: cloudflare[\r][\n]"
22:00:48.360 [main] DEBUG org.apache.http.wire -  << "CF-RAY: 7b850f671f694c9b-SIN[\r][\n]"
22:00:48.360 [main] DEBUG org.apache.http.wire -  << "Content-Encoding: gzip[\r][\n]"
22:00:48.360 [main] DEBUG org.apache.http.wire -  << "alt-svc: h3=":443"; ma=86400, h3-29=":443"; ma=86400[\r][\n]"
22:00:48.360 [main] DEBUG org.apache.http.wire -  << "[\r][\n]"
22:00:48.360 [main] DEBUG org.apache.http.impl.conn.DefaultClientConnection - Receiving response: HTTP/1.1 404 Not Found
22:00:48.360 [main] DEBUG org.apache.http.headers - << HTTP/1.1 404 Not Found
22:00:48.360 [main] DEBUG org.apache.http.headers - << Date: Sat, 15 Apr 2023 15:00:48 GMT
22:00:48.360 [main] DEBUG org.apache.http.headers - << Content-Type: text/html; charset=utf-8
22:00:48.361 [main] DEBUG org.apache.http.headers - << Transfer-Encoding: chunked
22:00:48.361 [main] DEBUG org.apache.http.headers - << Connection: keep-alive
22:00:48.361 [main] DEBUG org.apache.http.headers - << Access-Control-Allow-Origin: *
22:00:48.361 [main] DEBUG org.apache.http.headers - << Content-Security-Policy: default-src 'none'
22:00:48.361 [main] DEBUG org.apache.http.headers - << X-Content-Type-Options: nosniff
22:00:48.361 [main] DEBUG org.apache.http.headers - << X-Powered-By: Express
22:00:48.361 [main] DEBUG org.apache.http.headers - << CF-Cache-Status: DYNAMIC
22:00:48.361 [main] DEBUG org.apache.http.headers - << Report-To: {"endpoints":[{"url":"https:\/\/a.nel.cloudflare.com\/report\/v3?s=CvIwurPRqNExBtzyjYKrBWtNmK60HdvRQ5cQ1X8xbJ0ZyZjOnFyvXlVyGGZ6ZyQQ6qD0KL9mn%2FBvo4UTYLKyijop7cbY4gFw8hk%2BJKq%2FLKFQlL2hMoR5Ic%2BOi871wUeSe%2FgW"}],"group":"cf-nel","max_age":604800}
22:00:48.361 [main] DEBUG org.apache.http.headers - << NEL: {"success_fraction":0,"report_to":"cf-nel","max_age":604800}
22:00:48.361 [main] DEBUG org.apache.http.headers - << Server: cloudflare
22:00:48.361 [main] DEBUG org.apache.http.headers - << CF-RAY: 7b850f671f694c9b-SIN
22:00:48.361 [main] DEBUG org.apache.http.headers - << Content-Encoding: gzip
22:00:48.361 [main] DEBUG org.apache.http.headers - << alt-svc: h3=":443"; ma=86400, h3-29=":443"; ma=86400
22:00:48.361 [main] DEBUG org.apache.http.impl.client.DefaultHttpClient - Connection can be kept alive indefinitely
22:00:48.361 [main] DEBUG io.restassured.internal.RestAssuredHttpBuilder - Parsing response as: text/html; charset=utf-8
22:00:48.361 [main] DEBUG org.apache.http.wire -  << "88[\r][\n]"
22:00:48.361 [main] DEBUG org.apache.http.wire -  << "[0x1f][0x8b][0x8][0x0][0x0][0x0][0x0][0x0][0x0][0x3],[0x8e][0xb1][0xe][0xc2]0[0xc]D[0xf7]|[0x85][0xc9][0x8e][0xac]n[0xc]n[0x96]6[0x1b][0x12][0xc]][0x18][\r]5[0x14])M*[0xd7][0x1d][0xf8]{[0x14][0xe8]t[0xba]{w[0xd2][0xd1][0xa1][0xbf]t[0xc3][0xed][0x1a]a[0xb2]9[0x5]GU q~[0xb5]^[0xb2][0xaf][0x81][0xf0][0x18][0x1c][0xcd]b[0xc][0x8f][0x89]u[0x15]k[0xfd]f[0xcf][0xe3][0xa9]R{[[0x92][0x10]U[0x8b][0x12][0xfe][0x8d]#[0xdc]7[0xf7]2~[0x82][0xa3]E%t[0x9c]s1[0xe8][0xe3]9[0xe][0x11]p[E[0xb1]i[0x8]+s[0x84]{[0x13]'[0xbe][0x0][0x0][0x0][0xff][0xff]"
22:00:48.361 [main] DEBUG org.apache.http.wire -  << "[\r][\n]"
22:00:48.361 [main] DEBUG org.apache.http.wire -  << "b[\r][\n]"
22:00:48.361 [main] DEBUG org.apache.http.wire -  << "[0xe3][0x2][0x0][0x91]s[0x1b]~[0x95][0x0][0x0][0x0]"
22:00:48.361 [main] DEBUG org.apache.http.wire -  << "[\r][\n]"
22:00:48.361 [main] DEBUG org.apache.http.wire -  << "0[\r][\n]"
22:00:48.361 [main] DEBUG org.apache.http.wire -  << "[\r][\n]"
22:00:48.361 [main] DEBUG io.restassured.internal.RestAssuredHttpBuilder - Parsed data to instance of: class org.apache.http.conn.EofSensorInputStream
22:00:48.362 [main] DEBUG org.apache.http.impl.conn.BasicClientConnectionManager - Releasing connection org.apache.http.impl.conn.ManagedClientConnectionImpl@57cc7d9e
22:00:48.362 [main] DEBUG org.apache.http.impl.conn.BasicClientConnectionManager - Connection can be kept alive indefinitely
22:00:48.363 [main] DEBUG net.thucydides.core.steps.StepInterceptor - STEP DONE: I DELETE user HTTP request with invalid id
  &amp#27;[32mWhen &amp#27;[0m&amp#27;[32mI DELETE user HTTP request with invalid id&amp#27;[0m     &amp#27;[90m# starter.stepdefinition.UserSteps.deleteUserInvalidRequest()&amp#27;[0m
22:00:48.380 [main] DEBUG net.thucydides.core.steps.StepInterceptor - STARTING STEP: UserSteps.receiveInvalidDELETEresponseCode404 - I receive invalid DELETE user response code 404
22:00:48.381 [main] DEBUG net.thucydides.core.steps.StepInterceptor - STEP DONE: I receive invalid DELETE user response code 404
  &amp#27;[32mAnd &amp#27;[0m&amp#27;[32mI receive invalid DELETE user response code 404&amp#27;[0m &amp#27;[90m# starter.stepdefinition.UserSteps.receiveInvalidDELETEresponseCode404()&amp#27;[0m
22:00:48.383 [main] INFO  - 
  _____   ___   ___   _____     ___     _     ___   ___   ___   ___  
 |_   _| | __| / __| |_   _|   | _ \   /_\   / __| / __| | __| |   \ 
   | |   | _|  \__ \   | |     |  _/  / _ \  \__ \ \__ \ | _|  | |) |
   |_|   |___| |___/   |_|     |_|   /_/ \_\ |___/ |___/ |___| |___/ 

USER - DELETE existing user with invalid id
----------------------------------------------------------------------
]]></system-out>
  </testcase>
</testsuite>