<?xml version="1.0" encoding="UTF-8"?>
<testsuite xmlns:xsi="http://www.w3.org/2001/XMLSchema-instance" xsi:noNamespaceSchemaLocation="https://maven.apache.org/surefire/maven-failsafe-plugin/xsd/failsafe-test-report-3.0.xsd" version="3.0" name="starter.CucumberTestSuite" time="9.673" tests="3" errors="0" skipped="0" failures="0">
  <properties>
[...]
</properties>
  <testcase name="As user i have be able to success login" classname="Login" time="1.453">
    <system-out><![CDATA[20:41:03.252 [main] DEBUG net.thucydides.core.guice.Injectors - Created injector for module net.thucydides.core.guice.ThucydidesModule
20:41:04.023 [main] INFO io.cucumber.core.plugin.SerenityReporter - Running feature from file:///C:/Users/User/IdeaProjects/Taskk/src/test/resources/features/Login.feature
20:41:04.290 [main] DEBUG net.thucydides.core.guice.Injectors - Created injector for module net.thucydides.core.guice.webdriver.WebDriverModule
20:41:04.311 [main] INFO  - 

-------------------------------------------------------------------------------------
     _______. _______ .______       _______ .__   __.  __  .___________.____    ____ 
    /       ||   ____||   _  \     |   ____||  \ |  | |  | |           |\   \  /   / 
   |   (----`|  |__   |  |_)  |    |  |__   |   \|  | |  | `---|  |----` \   \/   /  
    \   \    |   __|  |      /     |   __|  |  . `  | |  |     |  |       \_    _/   
.----)   |   |  |____ |  |\  \----.|  |____ |  |\   | |  |     |  |         |  |     
|_______/    |_______|| _| `._____||_______||__| \__| |__|     |__|         |__|    
                                                                                     
 News and tutorials at http://www.serenity-bdd.info                                  
 Documentation at https://wakaleo.gitbooks.io/the-serenity-book/content/             
 Join the Serenity Community on Gitter: https://gitter.im/serenity-bdd/serenity-core 
 Serenity BDD Support and Training at http://serenity-bdd.info/#/trainingandsupport  
-------------------------------------------------------------------------------------

20:41:04.316 [main] DEBUG net.thucydides.core.steps.StepEventBus - Test suite started for story net.thucydides.core.model.Story@23282f08
20:41:04.323 [main] INFO  - Test Suite Started: Login
20:41:04.399 [main] INFO io.cucumber.core.plugin.SerenityReporter - Running feature from file:///C:/Users/User/IdeaProjects/Taskk/src/test/resources/features/Payment.feature
20:41:04.407 [main] DEBUG net.thucydides.core.steps.StepEventBus - Test suite started for story net.thucydides.core.model.Story@537a1da8
20:41:04.408 [main] INFO  - Test Suite Started: Payment
20:41:04.410 [main] INFO io.cucumber.core.plugin.SerenityReporter - Running feature from file:///C:/Users/User/IdeaProjects/Taskk/src/test/resources/features/Product.feature
20:41:04.417 [main] DEBUG net.thucydides.core.steps.StepEventBus - Test suite started for story net.thucydides.core.model.Story@944478be
20:41:04.417 [main] INFO  - Test Suite Started: Choose Product
20:41:04.419 [main] INFO io.cucumber.core.plugin.SerenityReporter - Running feature from file:///C:/Users/User/IdeaProjects/Taskk/src/test/resources/features/Login.feature
20:41:04.425 [main] DEBUG net.thucydides.core.steps.StepEventBus - Test suite started for story net.thucydides.core.model.Story@23282f08
20:41:04.426 [main] INFO  - Test Suite Started: Login

Scenario: As user i have be able to success login # src/test/resources/features/Login.feature:6
20:41:04.611 [main] INFO io.cucumber.core.plugin.SerenityReporter - Running feature from file:///C:/Users/User/IdeaProjects/Taskk/src/test/resources/features/Login.feature
20:41:04.858 [main] INFO  - 
  _____   ___   ___   _____     ___   _____     _     ___   _____   ___   ___  
 |_   _| | __| / __| |_   _|   / __| |_   _|   /_\   | _ \ |_   _| | __| |   \ 
   | |   | _|  \__ \   | |     \__ \   | |    / _ \  |   /   | |   | _|  | |) |
   |_|   |___| |___/   |_|     |___/   |_|   /_/ \_\ |_|_\   |_|   |___| |___/ 

As user i have be able to success login(login;as-user-i-have-be-able-to-success-login)
--------------------------------------------------------------------------------
20:41:05.802 [main] DEBUG net.thucydides.core.steps.StepInterceptor - STARTING STEP: LoginSteps.onTheLoginPage - I am on the login page
I am on the login page
20:41:05.806 [main] DEBUG net.thucydides.core.steps.StepInterceptor - STEP DONE: I am on the login page
  Given I am on the login page                    # starter.stepdefinition.LoginSteps.onTheLoginPage()
20:41:05.821 [main] DEBUG net.thucydides.core.steps.StepInterceptor - STARTING STEP: LoginSteps.enterUsernameAndPassword - I enter my username and password
I enter my username and password
20:41:05.822 [main] DEBUG net.thucydides.core.steps.StepInterceptor - STEP DONE: I enter my username and password
  When I enter my username and password           # starter.stepdefinition.LoginSteps.enterUsernameAndPassword()
20:41:05.832 [main] DEBUG net.thucydides.core.steps.StepInterceptor - STARTING STEP: LoginSteps.clickLoginButton - I click login button
I click login button
20:41:05.832 [main] DEBUG net.thucydides.core.steps.StepInterceptor - STEP DONE: I click login button
  And I click login button                        # starter.stepdefinition.LoginSteps.clickLoginButton()
20:41:05.841 [main] DEBUG net.thucydides.core.steps.StepInterceptor - STARTING STEP: LoginSteps.onTheHomePage - I am on the home page
I am on the homepage
20:41:05.841 [main] DEBUG net.thucydides.core.steps.StepInterceptor - STEP DONE: I am on the home page
  Then I am on the home page                      # starter.stepdefinition.LoginSteps.onTheHomePage()
20:41:05.871 [main] INFO  - 
  _____   ___   ___   _____     ___     _     ___   ___   ___   ___  
 |_   _| | __| / __| |_   _|   | _ \   /_\   / __| / __| | __| |   \ 
   | |   | _|  \__ \   | |     |  _/  / _ \  \__ \ \__ \ | _|  | |) |
   |_|   |___| |___/   |_|     |_|   /_/ \_\ |___/ |___/ |___| |___/ 

As user i have be able to success login
----------------------------------------------------------------------
]]></system-out>
  </testcase>
  <testcase name="As user i have be success on my transaction" classname="Payment" time="0.115">
    <system-out><![CDATA[20:41:05.888 [main] INFO io.cucumber.core.plugin.SerenityReporter - Running feature from file:///C:/Users/User/IdeaProjects/Taskk/src/test/resources/features/Payment.feature
20:41:05.895 [main] DEBUG net.thucydides.core.steps.StepEventBus - Test suite started for story net.thucydides.core.model.Story@537a1da8
20:41:05.896 [main] INFO  - Test Suite Started: Payment

Scenario: As user i have be success on my transaction # src/test/resources/features/Payment.feature:6
20:41:05.923 [main] INFO io.cucumber.core.plugin.SerenityReporter - Running feature from file:///C:/Users/User/IdeaProjects/Taskk/src/test/resources/features/Payment.feature
20:41:05.929 [main] INFO  - 
  _____   ___   ___   _____     ___   _____     _     ___   _____   ___   ___  
 |_   _| | __| / __| |_   _|   / __| |_   _|   /_\   | _ \ |_   _| | __| |   \ 
   | |   | _|  \__ \   | |     \__ \   | |    / _ \  |   /   | |   | _|  | |) |
   |_|   |___| |___/   |_|     |___/   |_|   /_/ \_\ |_|_\   |_|   |___| |___/ 

As user i have be success on my transaction(payment;as-user-i-have-be-success-on-my-transaction)
--------------------------------------------------------------------------------
20:41:05.981 [main] DEBUG net.thucydides.core.steps.StepInterceptor - STARTING STEP: PaymentSteps.onThePaymentPage - I am on the payment page
I am on the payment page
20:41:05.982 [main] DEBUG net.thucydides.core.steps.StepInterceptor - STEP DONE: I am on the payment page
  Given I am on the payment page                      # starter.stepdefinition.PaymentSteps.onThePaymentPage()
20:41:05.991 [main] DEBUG net.thucydides.core.steps.StepInterceptor - STARTING STEP: PaymentSteps.choosePaymentMethod - I choose payment method example Dana
I choose payment method example Dana
20:41:05.991 [main] DEBUG net.thucydides.core.steps.StepInterceptor - STEP DONE: I choose payment method example Dana
  When I choose payment method example Dana           # starter.stepdefinition.PaymentSteps.choosePaymentMethod()
20:41:05.999 [main] DEBUG net.thucydides.core.steps.StepInterceptor - STARTING STEP: PaymentSteps.clickPayButton - I click pay button
I click pay button
20:41:05.999 [main] DEBUG net.thucydides.core.steps.StepInterceptor - STEP DONE: I click pay button
  And I click pay button                              # starter.stepdefinition.PaymentSteps.clickPayButton()
20:41:06.007 [main] DEBUG net.thucydides.core.steps.StepInterceptor - STARTING STEP: PaymentSteps.redirectToDanaApp - Redirected to Dana application
Redirected to Dana application
20:41:06.008 [main] DEBUG net.thucydides.core.steps.StepInterceptor - STEP DONE: Redirected to Dana application
  Then Redirected to Dana application                 # starter.stepdefinition.PaymentSteps.redirectToDanaApp()
20:41:06.013 [main] INFO  - 
  _____   ___   ___   _____     ___     _     ___   ___   ___   ___  
 |_   _| | __| / __| |_   _|   | _ \   /_\   / __| / __| | __| |   \ 
   | |   | _|  \__ \   | |     |  _/  / _ \  \__ \ \__ \ | _|  | |) |
   |_|   |___| |___/   |_|     |_|   /_/ \_\ |___/ |___/ |___| |___/ 

As user i have be success on my transaction
----------------------------------------------------------------------
]]></system-out>
  </testcase>
  <testcase name="As user i have be able to choose product" classname="Choose Product" time="0.11">
    <system-out><![CDATA[20:41:06.015 [main] INFO io.cucumber.core.plugin.SerenityReporter - Running feature from file:///C:/Users/User/IdeaProjects/Taskk/src/test/resources/features/Product.feature
20:41:06.025 [main] DEBUG net.thucydides.core.steps.StepEventBus - Test suite started for story net.thucydides.core.model.Story@944478be
20:41:06.026 [main] INFO  - Test Suite Started: Choose Product

Scenario: As user i have be able to choose product # src/test/resources/features/Product.feature:6
20:41:06.044 [main] INFO io.cucumber.core.plugin.SerenityReporter - Running feature from file:///C:/Users/User/IdeaProjects/Taskk/src/test/resources/features/Product.feature
20:41:06.048 [main] INFO  - 
  _____   ___   ___   _____     ___   _____     _     ___   _____   ___   ___  
 |_   _| | __| / __| |_   _|   / __| |_   _|   /_\   | _ \ |_   _| | __| |   \ 
   | |   | _|  \__ \   | |     \__ \   | |    / _ \  |   /   | |   | _|  | |) |
   |_|   |___| |___/   |_|     |___/   |_|   /_/ \_\ |_|_\   |_|   |___| |___/ 

As user i have be able to choose product(choose-product;as-user-i-have-be-able-to-choose-product)
--------------------------------------------------------------------------------
20:41:06.091 [main] DEBUG net.thucydides.core.steps.StepInterceptor - STARTING STEP: ProductSteps.onTheProductPage - I am on the product page example pulsa
I am on the product page example pulsa
20:41:06.092 [main] DEBUG net.thucydides.core.steps.StepInterceptor - STEP DONE: I am on the product page example pulsa
  Given I am on the product page example pulsa     # starter.stepdefinition.ProductSteps.onTheProductPage()
20:41:06.100 [main] DEBUG net.thucydides.core.steps.StepInterceptor - STARTING STEP: ProductSteps.enterNumber - I enter my number
I enter my number
20:41:06.100 [main] DEBUG net.thucydides.core.steps.StepInterceptor - STEP DONE: I enter my number
  When I enter my number                           # starter.stepdefinition.ProductSteps.enterNumber()
20:41:06.110 [main] DEBUG net.thucydides.core.steps.StepInterceptor - STARTING STEP: ProductSteps.productList - Product list is displayed
Product list is displayed
20:41:06.111 [main] DEBUG net.thucydides.core.steps.StepInterceptor - STEP DONE: Product list is displayed
  And Product list is displayed                    # starter.stepdefinition.ProductSteps.productList()
20:41:06.122 [main] DEBUG net.thucydides.core.steps.StepInterceptor - STARTING STEP: ProductSteps.clickProduct - I click the product i want
I click the product i want
20:41:06.122 [main] DEBUG net.thucydides.core.steps.StepInterceptor - STEP DONE: I click the product i want
  Then I click the product i want                  # starter.stepdefinition.ProductSteps.clickProduct()
20:41:06.132 [main] DEBUG net.thucydides.core.steps.StepInterceptor - STARTING STEP: ProductSteps.redirectToPaymentPage - Redirected to the payment page
Redirected to the payment page
20:41:06.133 [main] DEBUG net.thucydides.core.steps.StepInterceptor - STEP DONE: Redirected to the payment page
  And Redirected to the payment page               # starter.stepdefinition.ProductSteps.redirectToPaymentPage()
20:41:06.138 [main] INFO  - 
  _____   ___   ___   _____     ___     _     ___   ___   ___   ___  
 |_   _| | __| / __| |_   _|   | _ \   /_\   / __| / __| | __| |   \ 
   | |   | _|  \__ \   | |     |  _/  / _ \  \__ \ \__ \ | _|  | |) |
   |_|   |___| |___/   |_|     |_|   /_/ \_\ |___/ |___/ |___| |___/ 

As user i have be able to choose product
----------------------------------------------------------------------
]]></system-out>
  </testcase>
</testsuite>