<?xml version="1.0" encoding="UTF-8" standalone="no"?><testsuite errors="0" failures="0" name="User" skipped="0" tests="10" time="20.83" timestamp="2023-04-01 08:45:59"><testcase name="GET ALL - As admin I have be able to get all user"/><testcase name="GET - As admin I have be able to get user data by ID"/><testcase name="POST - As admin I have be able to add new data"/><testcase name="PUT - As admin I have be able to add new data"/><testcase name="DELETE - As admin I have be able to add new data"/><testcase name="GET ALL - As admin I have be able to get all user"/><testcase name="GET - As admin I have be able to get user data by ID"/><testcase name="POST - As admin I have to be able to add new data"/><testcase name="PUT - As admin I have to be able to update data"/><testcase name="DELETE - As admin I have be able to delete user data"/></testsuite>