<?xml version="1.0" encoding="UTF-8"?>
<testsuite xmlns:xsi="http://www.w3.org/2001/XMLSchema-instance" xsi:noNamespaceSchemaLocation="https://maven.apache.org/surefire/maven-failsafe-plugin/xsd/failsafe-test-report-3.0.xsd" version="3.0" name="starter.CucumberTestSuite" time="30.256" tests="10" errors="0" skipped="0" failures="0">
  <properties>
[...]
</properties>
  <testcase name="GET ALL - As admin I have be able to get all user" classname="User #1" time="8.125">
    <system-out><![CDATA[20:45:58.683 [main] DEBUG net.thucydides.core.guice.Injectors - Created injector for module net.thucydides.core.guice.ThucydidesModule
20:45:59.159 [main] INFO io.cucumber.core.plugin.SerenityReporter - Running feature from file:///C:/Users/User/IdeaProjects/Alterraaa/src/test/resources/api/Negative.feature
20:45:59.160 [main] WARN io.cucumber.core.plugin.SerenityReporter - Feature from file:///C:/Users/User/IdeaProjects/Alterraaa/src/test/resources/api/Negative.feature is not under the 'features' directory. Requirements report will not be correctly generated!
20:45:59.422 [main] DEBUG net.thucydides.core.guice.Injectors - Created injector for module net.thucydides.core.guice.webdriver.WebDriverModule
20:45:59.450 [main] INFO  - 

-------------------------------------------------------------------------------------
     _______. _______ .______       _______ .__   __.  __  .___________.____    ____ 
    /       ||   ____||   _  \     |   ____||  \ |  | |  | |           |\   \  /   / 
   |   (----`|  |__   |  |_)  |    |  |__   |   \|  | |  | `---|  |----` \   \/   /  
    \   \    |   __|  |      /     |   __|  |  . `  | |  |     |  |       \_    _/   
.----)   |   |  |____ |  |\  \----.|  |____ |  |\   | |  |     |  |         |  |     
|_______/    |_______|| _| `._____||_______||__| \__| |__|     |__|         |__|    
                                                                                     
 News and tutorials at http://www.serenity-bdd.info                                  
 Documentation at https://wakaleo.gitbooks.io/the-serenity-book/content/             
 Join the Serenity Community on Gitter: https://gitter.im/serenity-bdd/serenity-core 
 Serenity BDD Support and Training at http://serenity-bdd.info/#/trainingandsupport  
-------------------------------------------------------------------------------------

20:45:59.454 [main] DEBUG net.thucydides.core.steps.StepEventBus - Test suite started for story net.thucydides.core.model.Story@aee42111
20:45:59.460 [main] INFO  - Test Suite Started: User
20:45:59.480 [main] INFO io.cucumber.core.plugin.SerenityReporter - Running feature from file:///C:/Users/User/IdeaProjects/Alterraaa/src/test/resources/api/User.feature
20:45:59.480 [main] WARN io.cucumber.core.plugin.SerenityReporter - Feature from file:///C:/Users/User/IdeaProjects/Alterraaa/src/test/resources/api/User.feature is not under the 'features' directory. Requirements report will not be correctly generated!
20:45:59.500 [main] DEBUG net.thucydides.core.steps.StepEventBus - Test suite started for story net.thucydides.core.model.Story@d3f68227
20:45:59.502 [main] INFO  - Test Suite Started: User
20:45:59.503 [main] INFO io.cucumber.core.plugin.SerenityReporter - Running feature from file:///C:/Users/User/IdeaProjects/Alterraaa/src/test/resources/api/Negative.feature
20:45:59.503 [main] WARN io.cucumber.core.plugin.SerenityReporter - Feature from file:///C:/Users/User/IdeaProjects/Alterraaa/src/test/resources/api/Negative.feature is not under the 'features' directory. Requirements report will not be correctly generated!
20:45:59.509 [main] DEBUG net.thucydides.core.steps.StepEventBus - Test suite started for story net.thucydides.core.model.Story@aee42111
20:45:59.510 [main] INFO  - Test Suite Started: User

Scenario: GET ALL - As admin I have be able to get all user &amp#27;[90m# src/test/resources/api/Negative.feature:6&amp#27;[0m
20:45:59.682 [main] INFO io.cucumber.core.plugin.SerenityReporter - Running feature from file:///C:/Users/User/IdeaProjects/Alterraaa/src/test/resources/api/Negative.feature
20:45:59.682 [main] WARN io.cucumber.core.plugin.SerenityReporter - Feature from file:///C:/Users/User/IdeaProjects/Alterraaa/src/test/resources/api/Negative.feature is not under the 'features' directory. Requirements report will not be correctly generated!
20:45:59.866 [main] INFO  - 
  _____   ___   ___   _____     ___   _____     _     ___   _____   ___   ___  
 |_   _| | __| / __| |_   _|   / __| |_   _|   /_\   | _ \ |_   _| | __| |   \ 
   | |   | _|  \__ \   | |     \__ \   | |    / _ \  |   /   | |   | _|  | |) |
   |_|   |___| |___/   |_|     |___/   |_|   /_/ \_\ |_|_\   |_|   |___| |___/ 

GET ALL - As admin I have be able to get all user(user;get-all---as-admin-i-have-be-able-to-get-all-user)
--------------------------------------------------------------------------------
20:46:00.834 [main] DEBUG net.thucydides.core.steps.StepInterceptor - STARTING STEP: UserSteps.setWrongGetEndpointsUrl - I set wrong GET endpoints url
20:46:00.838 [main] DEBUG net.thucydides.core.steps.StepInterceptor - STEP DONE: I set wrong GET endpoints url
  &amp#27;[32mGiven &amp#27;[0m&amp#27;[32mI set wrong GET endpoints url&amp#27;[0m                       &amp#27;[90m# starter.stepdefinition.UserSteps.setWrongGetEndpointsUrl()&amp#27;[0m
20:46:00.857 [main] DEBUG net.thucydides.core.steps.StepInterceptor - STARTING STEP: UserSteps.wrongGetHTTPrequestUrl - I send wrong get HTTP request url
20:46:03.584 [main] DEBUG net.thucydides.core.steps.StepInterceptor - STARTING STEP: GetAllNeg.wrongGetHTTPrequestUrl - I set wrong GET endpoints url
20:46:03.585 [main] DEBUG net.thucydides.core.steps.StepInterceptor - STEP DONE: I set wrong GET endpoints url
20:46:04.842 [main] DEBUG org.apache.http.impl.conn.BasicClientConnectionManager - Get connection for route {s}->https://jsonplaceholder.typicode.com:443
20:46:05.379 [main] DEBUG org.apache.http.impl.conn.DefaultClientConnectionOperator - Connecting to jsonplaceholder.typicode.com:443
20:46:06.518 [main] DEBUG org.apache.http.client.protocol.RequestAddCookies - CookieSpec selected: ignoreCookies
20:46:06.520 [main] DEBUG org.apache.http.client.protocol.RequestAuthCache - Auth cache not set in the context
20:46:06.520 [main] DEBUG org.apache.http.client.protocol.RequestTargetAuthentication - Target auth state: UNCHALLENGED
20:46:06.521 [main] DEBUG org.apache.http.client.protocol.RequestProxyAuthentication - Proxy auth state: UNCHALLENGED
20:46:06.521 [main] DEBUG org.apache.http.impl.client.DefaultHttpClient - Attempt 1 to execute request
20:46:06.521 [main] DEBUG org.apache.http.impl.conn.DefaultClientConnection - Sending request: GET /psts HTTP/1.1
20:46:06.521 [main] DEBUG org.apache.http.wire -  >> "GET /psts HTTP/1.1[\r][\n]"
20:46:06.522 [main] DEBUG org.apache.http.wire -  >> "Accept: */*[\r][\n]"
20:46:06.522 [main] DEBUG org.apache.http.wire -  >> "Host: jsonplaceholder.typicode.com[\r][\n]"
20:46:06.522 [main] DEBUG org.apache.http.wire -  >> "Connection: Keep-Alive[\r][\n]"
20:46:06.522 [main] DEBUG org.apache.http.wire -  >> "User-Agent: Apache-HttpClient/4.5.13 (Java/19.0.2)[\r][\n]"
20:46:06.523 [main] DEBUG org.apache.http.wire -  >> "Accept-Encoding: gzip,deflate[\r][\n]"
20:46:06.523 [main] DEBUG org.apache.http.wire -  >> "[\r][\n]"
20:46:06.523 [main] DEBUG org.apache.http.headers - >> GET /psts HTTP/1.1
20:46:06.523 [main] DEBUG org.apache.http.headers - >> Accept: */*
20:46:06.523 [main] DEBUG org.apache.http.headers - >> Host: jsonplaceholder.typicode.com
20:46:06.523 [main] DEBUG org.apache.http.headers - >> Connection: Keep-Alive
20:46:06.523 [main] DEBUG org.apache.http.headers - >> User-Agent: Apache-HttpClient/4.5.13 (Java/19.0.2)
20:46:06.523 [main] DEBUG org.apache.http.headers - >> Accept-Encoding: gzip,deflate
20:46:07.437 [main] DEBUG org.apache.http.wire -  << "HTTP/1.1 404 Not Found[\r][\n]"
20:46:07.439 [main] DEBUG org.apache.http.wire -  << "Date: Sat, 01 Apr 2023 13:46:07 GMT[\r][\n]"
20:46:07.439 [main] DEBUG org.apache.http.wire -  << "Content-Type: application/json; charset=utf-8[\r][\n]"
20:46:07.439 [main] DEBUG org.apache.http.wire -  << "Content-Length: 2[\r][\n]"
20:46:07.439 [main] DEBUG org.apache.http.wire -  << "Connection: keep-alive[\r][\n]"
20:46:07.439 [main] DEBUG org.apache.http.wire -  << "X-Powered-By: Express[\r][\n]"
20:46:07.439 [main] DEBUG org.apache.http.wire -  << "X-Ratelimit-Limit: 1000[\r][\n]"
20:46:07.440 [main] DEBUG org.apache.http.wire -  << "X-Ratelimit-Remaining: 999[\r][\n]"
20:46:07.440 [main] DEBUG org.apache.http.wire -  << "X-Ratelimit-Reset: 1680356770[\r][\n]"
20:46:07.440 [main] DEBUG org.apache.http.wire -  << "Vary: Origin, Accept-Encoding[\r][\n]"
20:46:07.440 [main] DEBUG org.apache.http.wire -  << "Access-Control-Allow-Credentials: true[\r][\n]"
20:46:07.440 [main] DEBUG org.apache.http.wire -  << "Cache-Control: max-age=43200[\r][\n]"
20:46:07.440 [main] DEBUG org.apache.http.wire -  << "Pragma: no-cache[\r][\n]"
20:46:07.440 [main] DEBUG org.apache.http.wire -  << "Expires: -1[\r][\n]"
20:46:07.440 [main] DEBUG org.apache.http.wire -  << "X-Content-Type-Options: nosniff[\r][\n]"
20:46:07.440 [main] DEBUG org.apache.http.wire -  << "Etag: W/"2-vyGp6PvFo4RvsFtPoIWeCReyIC8"[\r][\n]"
20:46:07.440 [main] DEBUG org.apache.http.wire -  << "Via: 1.1 vegur[\r][\n]"
20:46:07.440 [main] DEBUG org.apache.http.wire -  << "CF-Cache-Status: MISS[\r][\n]"
20:46:07.441 [main] DEBUG org.apache.http.wire -  << "Report-To: {"endpoints":[{"url":"https:\/\/a.nel.cloudflare.com\/report\/v3?s=JPl%2BlDSEUFDbnv9xBUPdNcg6MYUUocYllnVZEGa3rKcnEIKjRbOIQZiAmhhCy9JCEbMMvKxW2m6s6HgIKXxdzz%2BtYrP%2FsRW7%2B2iYUIdf1KNwrA0hENz01mc1AVemiyB7CLx5SGtasxhprs4V0Ux1"}],"group":"cf-nel","max_age":604800}[\r][\n]"
20:46:07.441 [main] DEBUG org.apache.http.wire -  << "NEL: {"success_fraction":0,"report_to":"cf-nel","max_age":604800}[\r][\n]"
20:46:07.441 [main] DEBUG org.apache.http.wire -  << "Server: cloudflare[\r][\n]"
20:46:07.441 [main] DEBUG org.apache.http.wire -  << "CF-RAY: 7b1146c45e0e4a1d-SIN[\r][\n]"
20:46:07.441 [main] DEBUG org.apache.http.wire -  << "alt-svc: h3=":443"; ma=86400, h3-29=":443"; ma=86400[\r][\n]"
20:46:07.441 [main] DEBUG org.apache.http.wire -  << "[\r][\n]"
20:46:07.442 [main] DEBUG org.apache.http.impl.conn.DefaultClientConnection - Receiving response: HTTP/1.1 404 Not Found
20:46:07.443 [main] DEBUG org.apache.http.headers - << HTTP/1.1 404 Not Found
20:46:07.443 [main] DEBUG org.apache.http.headers - << Date: Sat, 01 Apr 2023 13:46:07 GMT
20:46:07.443 [main] DEBUG org.apache.http.headers - << Content-Type: application/json; charset=utf-8
20:46:07.443 [main] DEBUG org.apache.http.headers - << Content-Length: 2
20:46:07.443 [main] DEBUG org.apache.http.headers - << Connection: keep-alive
20:46:07.443 [main] DEBUG org.apache.http.headers - << X-Powered-By: Express
20:46:07.443 [main] DEBUG org.apache.http.headers - << X-Ratelimit-Limit: 1000
20:46:07.443 [main] DEBUG org.apache.http.headers - << X-Ratelimit-Remaining: 999
20:46:07.443 [main] DEBUG org.apache.http.headers - << X-Ratelimit-Reset: 1680356770
20:46:07.443 [main] DEBUG org.apache.http.headers - << Vary: Origin, Accept-Encoding
20:46:07.443 [main] DEBUG org.apache.http.headers - << Access-Control-Allow-Credentials: true
20:46:07.443 [main] DEBUG org.apache.http.headers - << Cache-Control: max-age=43200
20:46:07.443 [main] DEBUG org.apache.http.headers - << Pragma: no-cache
20:46:07.443 [main] DEBUG org.apache.http.headers - << Expires: -1
20:46:07.443 [main] DEBUG org.apache.http.headers - << X-Content-Type-Options: nosniff
20:46:07.443 [main] DEBUG org.apache.http.headers - << Etag: W/"2-vyGp6PvFo4RvsFtPoIWeCReyIC8"
20:46:07.443 [main] DEBUG org.apache.http.headers - << Via: 1.1 vegur
20:46:07.443 [main] DEBUG org.apache.http.headers - << CF-Cache-Status: MISS
20:46:07.443 [main] DEBUG org.apache.http.headers - << Report-To: {"endpoints":[{"url":"https:\/\/a.nel.cloudflare.com\/report\/v3?s=JPl%2BlDSEUFDbnv9xBUPdNcg6MYUUocYllnVZEGa3rKcnEIKjRbOIQZiAmhhCy9JCEbMMvKxW2m6s6HgIKXxdzz%2BtYrP%2FsRW7%2B2iYUIdf1KNwrA0hENz01mc1AVemiyB7CLx5SGtasxhprs4V0Ux1"}],"group":"cf-nel","max_age":604800}
20:46:07.443 [main] DEBUG org.apache.http.headers - << NEL: {"success_fraction":0,"report_to":"cf-nel","max_age":604800}
20:46:07.443 [main] DEBUG org.apache.http.headers - << Server: cloudflare
20:46:07.444 [main] DEBUG org.apache.http.headers - << CF-RAY: 7b1146c45e0e4a1d-SIN
20:46:07.444 [main] DEBUG org.apache.http.headers - << alt-svc: h3=":443"; ma=86400, h3-29=":443"; ma=86400
20:46:07.449 [main] DEBUG org.apache.http.impl.client.DefaultHttpClient - Connection can be kept alive indefinitely
20:46:07.457 [main] DEBUG io.restassured.internal.RestAssuredHttpBuilder - Parsing response as: application/json; charset=utf-8
20:46:07.458 [main] DEBUG io.restassured.internal.RestAssuredHttpBuilder - Parsed data to instance of: class org.apache.http.conn.EofSensorInputStream
20:46:07.537 [main] DEBUG org.apache.http.wire -  << "{}"
20:46:07.538 [main] DEBUG org.apache.http.impl.conn.BasicClientConnectionManager - Releasing connection org.apache.http.impl.conn.ManagedClientConnectionImpl@616f81b5
20:46:07.539 [main] DEBUG org.apache.http.impl.conn.BasicClientConnectionManager - Connection can be kept alive indefinitely
20:46:07.571 [main] DEBUG net.thucydides.core.steps.StepInterceptor - STEP DONE: I send wrong get HTTP request url
  &amp#27;[32mWhen &amp#27;[0m&amp#27;[32mI send wrong get HTTP request url&amp#27;[0m                    &amp#27;[90m# starter.stepdefinition.UserSteps.wrongGetHTTPrequestUrl()&amp#27;[0m
20:46:07.579 [main] DEBUG net.thucydides.core.steps.StepInterceptor - STARTING STEP: UserSteps.HTTPStatus404 - I receive valid HTTP status code 404
20:46:07.621 [main] DEBUG net.thucydides.core.steps.StepInterceptor - STEP DONE: I receive valid HTTP status code 404
  &amp#27;[32mThen &amp#27;[0m&amp#27;[32mI receive invalid HTTP status code 404&amp#27;[0m               &amp#27;[90m# starter.stepdefinition.UserSteps.HTTPStatus404()&amp#27;[0m
20:46:07.632 [main] INFO  - 
  _____   ___   ___   _____     ___     _     ___   ___   ___   ___  
 |_   _| | __| / __| |_   _|   | _ \   /_\   / __| / __| | __| |   \ 
   | |   | _|  \__ \   | |     |  _/  / _ \  \__ \ \__ \ | _|  | |) |
   |_|   |___| |___/   |_|     |_|   /_/ \_\ |___/ |___/ |___| |___/ 

GET ALL - As admin I have be able to get all user
----------------------------------------------------------------------
]]></system-out>
  </testcase>
  <testcase name="GET - As admin I have be able to get user data by ID" classname="User #1" time="1.917">
    <system-out><![CDATA[
Scenario: GET - As admin I have be able to get user data by ID &amp#27;[90m# src/test/resources/api/Negative.feature:11&amp#27;[0m
20:46:07.679 [main] INFO io.cucumber.core.plugin.SerenityReporter - Running feature from file:///C:/Users/User/IdeaProjects/Alterraaa/src/test/resources/api/Negative.feature
20:46:07.679 [main] WARN io.cucumber.core.plugin.SerenityReporter - Feature from file:///C:/Users/User/IdeaProjects/Alterraaa/src/test/resources/api/Negative.feature is not under the 'features' directory. Requirements report will not be correctly generated!
20:46:07.683 [main] INFO  - 
  _____   ___   ___   _____     ___   _____     _     ___   _____   ___   ___  
 |_   _| | __| / __| |_   _|   / __| |_   _|   /_\   | _ \ |_   _| | __| |   \ 
   | |   | _|  \__ \   | |     \__ \   | |    / _ \  |   /   | |   | _|  | |) |
   |_|   |___| |___/   |_|     |___/   |_|   /_/ \_\ |_|_\   |_|   |___| |___/ 

GET - As admin I have be able to get user data by ID(user;get---as-admin-i-have-be-able-to-get-user-data-by-id)
--------------------------------------------------------------------------------
20:46:07.751 [main] DEBUG net.thucydides.core.steps.StepInterceptor - STARTING STEP: UserSteps.setWrongGetEndpoints - I set wrong GET endpoints
20:46:07.752 [main] DEBUG net.thucydides.core.steps.StepInterceptor - STEP DONE: I set wrong GET endpoints
  &amp#27;[32mGiven &amp#27;[0m&amp#27;[32mI set wrong GET endpoints&amp#27;[0m                              &amp#27;[90m# starter.stepdefinition.UserSteps.setWrongGetEndpoints()&amp#27;[0m
20:46:07.761 [main] DEBUG net.thucydides.core.steps.StepInterceptor - STARTING STEP: UserSteps.wrongGetHTTPrequest - I send wrong GET HTTP request
20:46:07.764 [main] DEBUG net.thucydides.core.steps.StepInterceptor - STARTING STEP: GetNeg.wrongGetHTTPrequest - I set wrong GET endpoints
20:46:07.764 [main] DEBUG net.thucydides.core.steps.StepInterceptor - STEP DONE: I set wrong GET endpoints
20:46:07.795 [main] DEBUG org.apache.http.impl.conn.BasicClientConnectionManager - Get connection for route {s}->https://jsonplaceholder.typicode.com:443
20:46:07.795 [main] DEBUG org.apache.http.impl.conn.DefaultClientConnectionOperator - Connecting to jsonplaceholder.typicode.com:443
20:46:09.197 [main] DEBUG org.apache.http.client.protocol.RequestAddCookies - CookieSpec selected: ignoreCookies
20:46:09.197 [main] DEBUG org.apache.http.client.protocol.RequestAuthCache - Auth cache not set in the context
20:46:09.198 [main] DEBUG org.apache.http.client.protocol.RequestTargetAuthentication - Target auth state: UNCHALLENGED
20:46:09.198 [main] DEBUG org.apache.http.client.protocol.RequestProxyAuthentication - Proxy auth state: UNCHALLENGED
20:46:09.198 [main] DEBUG org.apache.http.impl.client.DefaultHttpClient - Attempt 1 to execute request
20:46:09.198 [main] DEBUG org.apache.http.impl.conn.DefaultClientConnection - Sending request: GET /posts/101 HTTP/1.1
20:46:09.198 [main] DEBUG org.apache.http.wire -  >> "GET /posts/101 HTTP/1.1[\r][\n]"
20:46:09.198 [main] DEBUG org.apache.http.wire -  >> "Accept: */*[\r][\n]"
20:46:09.198 [main] DEBUG org.apache.http.wire -  >> "Host: jsonplaceholder.typicode.com[\r][\n]"
20:46:09.198 [main] DEBUG org.apache.http.wire -  >> "Connection: Keep-Alive[\r][\n]"
20:46:09.198 [main] DEBUG org.apache.http.wire -  >> "User-Agent: Apache-HttpClient/4.5.13 (Java/19.0.2)[\r][\n]"
20:46:09.198 [main] DEBUG org.apache.http.wire -  >> "Accept-Encoding: gzip,deflate[\r][\n]"
20:46:09.198 [main] DEBUG org.apache.http.wire -  >> "[\r][\n]"
20:46:09.198 [main] DEBUG org.apache.http.headers - >> GET /posts/101 HTTP/1.1
20:46:09.198 [main] DEBUG org.apache.http.headers - >> Accept: */*
20:46:09.198 [main] DEBUG org.apache.http.headers - >> Host: jsonplaceholder.typicode.com
20:46:09.198 [main] DEBUG org.apache.http.headers - >> Connection: Keep-Alive
20:46:09.199 [main] DEBUG org.apache.http.headers - >> User-Agent: Apache-HttpClient/4.5.13 (Java/19.0.2)
20:46:09.199 [main] DEBUG org.apache.http.headers - >> Accept-Encoding: gzip,deflate
20:46:09.545 [main] DEBUG org.apache.http.wire -  << "HTTP/1.1 404 Not Found[\r][\n]"
20:46:09.545 [main] DEBUG org.apache.http.wire -  << "Date: Sat, 01 Apr 2023 13:46:10 GMT[\r][\n]"
20:46:09.545 [main] DEBUG org.apache.http.wire -  << "Content-Type: application/json; charset=utf-8[\r][\n]"
20:46:09.546 [main] DEBUG org.apache.http.wire -  << "Content-Length: 2[\r][\n]"
20:46:09.546 [main] DEBUG org.apache.http.wire -  << "Connection: keep-alive[\r][\n]"
20:46:09.546 [main] DEBUG org.apache.http.wire -  << "X-Powered-By: Express[\r][\n]"
20:46:09.546 [main] DEBUG org.apache.http.wire -  << "X-Ratelimit-Limit: 1000[\r][\n]"
20:46:09.546 [main] DEBUG org.apache.http.wire -  << "X-Ratelimit-Remaining: 999[\r][\n]"
20:46:09.546 [main] DEBUG org.apache.http.wire -  << "X-Ratelimit-Reset: 1680340870[\r][\n]"
20:46:09.546 [main] DEBUG org.apache.http.wire -  << "Vary: Origin, Accept-Encoding[\r][\n]"
20:46:09.546 [main] DEBUG org.apache.http.wire -  << "Access-Control-Allow-Credentials: true[\r][\n]"
20:46:09.546 [main] DEBUG org.apache.http.wire -  << "Cache-Control: max-age=43200[\r][\n]"
20:46:09.546 [main] DEBUG org.apache.http.wire -  << "Pragma: no-cache[\r][\n]"
20:46:09.546 [main] DEBUG org.apache.http.wire -  << "Expires: -1[\r][\n]"
20:46:09.546 [main] DEBUG org.apache.http.wire -  << "X-Content-Type-Options: nosniff[\r][\n]"
20:46:09.546 [main] DEBUG org.apache.http.wire -  << "Etag: W/"2-vyGp6PvFo4RvsFtPoIWeCReyIC8"[\r][\n]"
20:46:09.546 [main] DEBUG org.apache.http.wire -  << "Via: 1.1 vegur[\r][\n]"
20:46:09.546 [main] DEBUG org.apache.http.wire -  << "CF-Cache-Status: HIT[\r][\n]"
20:46:09.546 [main] DEBUG org.apache.http.wire -  << "Age: 15931[\r][\n]"
20:46:09.546 [main] DEBUG org.apache.http.wire -  << "Report-To: {"endpoints":[{"url":"https:\/\/a.nel.cloudflare.com\/report\/v3?s=KdeQenjGJ%2B4hCt72eQLte64bX8PfOiVyLnWrExvljjZUwlcDqEPLLveJkJJLTYxksXw%2BrU%2BPgL6NDZwdgGhXLsu1QwAqKpcyXZRpPwG%2FJXzHQItsoIUyFzwUv1jhOlV1btoZRM%2FrBUlA3eOFartD"}],"group":"cf-nel","max_age":604800}[\r][\n]"
20:46:09.546 [main] DEBUG org.apache.http.wire -  << "NEL: {"success_fraction":0,"report_to":"cf-nel","max_age":604800}[\r][\n]"
20:46:09.546 [main] DEBUG org.apache.http.wire -  << "Server: cloudflare[\r][\n]"
20:46:09.546 [main] DEBUG org.apache.http.wire -  << "CF-RAY: 7b1146d508eca054-SIN[\r][\n]"
20:46:09.547 [main] DEBUG org.apache.http.wire -  << "alt-svc: h3=":443"; ma=86400, h3-29=":443"; ma=86400[\r][\n]"
20:46:09.547 [main] DEBUG org.apache.http.wire -  << "[\r][\n]"
20:46:09.547 [main] DEBUG org.apache.http.impl.conn.DefaultClientConnection - Receiving response: HTTP/1.1 404 Not Found
20:46:09.547 [main] DEBUG org.apache.http.headers - << HTTP/1.1 404 Not Found
20:46:09.547 [main] DEBUG org.apache.http.headers - << Date: Sat, 01 Apr 2023 13:46:10 GMT
20:46:09.547 [main] DEBUG org.apache.http.headers - << Content-Type: application/json; charset=utf-8
20:46:09.547 [main] DEBUG org.apache.http.headers - << Content-Length: 2
20:46:09.547 [main] DEBUG org.apache.http.headers - << Connection: keep-alive
20:46:09.547 [main] DEBUG org.apache.http.headers - << X-Powered-By: Express
20:46:09.547 [main] DEBUG org.apache.http.headers - << X-Ratelimit-Limit: 1000
20:46:09.547 [main] DEBUG org.apache.http.headers - << X-Ratelimit-Remaining: 999
20:46:09.547 [main] DEBUG org.apache.http.headers - << X-Ratelimit-Reset: 1680340870
20:46:09.547 [main] DEBUG org.apache.http.headers - << Vary: Origin, Accept-Encoding
20:46:09.547 [main] DEBUG org.apache.http.headers - << Access-Control-Allow-Credentials: true
20:46:09.547 [main] DEBUG org.apache.http.headers - << Cache-Control: max-age=43200
20:46:09.547 [main] DEBUG org.apache.http.headers - << Pragma: no-cache
20:46:09.547 [main] DEBUG org.apache.http.headers - << Expires: -1
20:46:09.547 [main] DEBUG org.apache.http.headers - << X-Content-Type-Options: nosniff
20:46:09.547 [main] DEBUG org.apache.http.headers - << Etag: W/"2-vyGp6PvFo4RvsFtPoIWeCReyIC8"
20:46:09.547 [main] DEBUG org.apache.http.headers - << Via: 1.1 vegur
20:46:09.547 [main] DEBUG org.apache.http.headers - << CF-Cache-Status: HIT
20:46:09.547 [main] DEBUG org.apache.http.headers - << Age: 15931
20:46:09.547 [main] DEBUG org.apache.http.headers - << Report-To: {"endpoints":[{"url":"https:\/\/a.nel.cloudflare.com\/report\/v3?s=KdeQenjGJ%2B4hCt72eQLte64bX8PfOiVyLnWrExvljjZUwlcDqEPLLveJkJJLTYxksXw%2BrU%2BPgL6NDZwdgGhXLsu1QwAqKpcyXZRpPwG%2FJXzHQItsoIUyFzwUv1jhOlV1btoZRM%2FrBUlA3eOFartD"}],"group":"cf-nel","max_age":604800}
20:46:09.547 [main] DEBUG org.apache.http.headers - << NEL: {"success_fraction":0,"report_to":"cf-nel","max_age":604800}
20:46:09.547 [main] DEBUG org.apache.http.headers - << Server: cloudflare
20:46:09.547 [main] DEBUG org.apache.http.headers - << CF-RAY: 7b1146d508eca054-SIN
20:46:09.547 [main] DEBUG org.apache.http.headers - << alt-svc: h3=":443"; ma=86400, h3-29=":443"; ma=86400
20:46:09.547 [main] DEBUG org.apache.http.impl.client.DefaultHttpClient - Connection can be kept alive indefinitely
20:46:09.548 [main] DEBUG io.restassured.internal.RestAssuredHttpBuilder - Parsing response as: application/json; charset=utf-8
20:46:09.548 [main] DEBUG io.restassured.internal.RestAssuredHttpBuilder - Parsed data to instance of: class org.apache.http.conn.EofSensorInputStream
20:46:09.550 [main] DEBUG org.apache.http.wire -  << "{}"
20:46:09.550 [main] DEBUG org.apache.http.impl.conn.BasicClientConnectionManager - Releasing connection org.apache.http.impl.conn.ManagedClientConnectionImpl@5724c7da
20:46:09.550 [main] DEBUG org.apache.http.impl.conn.BasicClientConnectionManager - Connection can be kept alive indefinitely
20:46:09.551 [main] DEBUG net.thucydides.core.steps.StepInterceptor - STEP DONE: I send wrong GET HTTP request
  &amp#27;[32mWhen &amp#27;[0m&amp#27;[32mI send wrong GET HTTP request&amp#27;[0m                           &amp#27;[90m# starter.stepdefinition.UserSteps.wrongGetHTTPrequest()&amp#27;[0m
20:46:09.558 [main] DEBUG net.thucydides.core.steps.StepInterceptor - STARTING STEP: UserSteps.HTTPResponse404 - I receive invalid HTTP response code 404
20:46:09.560 [main] DEBUG net.thucydides.core.steps.StepInterceptor - STEP DONE: I receive invalid HTTP response code 404
  &amp#27;[32mThen &amp#27;[0m&amp#27;[32mI receive invalid HTTP response code 404&amp#27;[0m                &amp#27;[90m# starter.stepdefinition.UserSteps.HTTPResponse404()&amp#27;[0m
20:46:09.563 [main] INFO  - 
  _____   ___   ___   _____     ___     _     ___   ___   ___   ___  
 |_   _| | __| / __| |_   _|   | _ \   /_\   / __| / __| | __| |   \ 
   | |   | _|  \__ \   | |     |  _/  / _ \  \__ \ \__ \ | _|  | |) |
   |_|   |___| |___/   |_|     |_|   /_/ \_\ |___/ |___/ |___| |___/ 

GET - As admin I have be able to get user data by ID
----------------------------------------------------------------------
]]></system-out>
  </testcase>
  <testcase name="POST - As admin I have be able to add new data" classname="User #1" time="2.841">
    <system-out><![CDATA[
Scenario: POST - As admin I have be able to add new data &amp#27;[90m# src/test/resources/api/Negative.feature:16&amp#27;[0m
20:46:09.576 [main] INFO io.cucumber.core.plugin.SerenityReporter - Running feature from file:///C:/Users/User/IdeaProjects/Alterraaa/src/test/resources/api/Negative.feature
20:46:09.577 [main] WARN io.cucumber.core.plugin.SerenityReporter - Feature from file:///C:/Users/User/IdeaProjects/Alterraaa/src/test/resources/api/Negative.feature is not under the 'features' directory. Requirements report will not be correctly generated!
20:46:09.582 [main] INFO  - 
  _____   ___   ___   _____     ___   _____     _     ___   _____   ___   ___  
 |_   _| | __| / __| |_   _|   / __| |_   _|   /_\   | _ \ |_   _| | __| |   \ 
   | |   | _|  \__ \   | |     \__ \   | |    / _ \  |   /   | |   | _|  | |) |
   |_|   |___| |___/   |_|     |___/   |_|   /_/ \_\ |_|_\   |_|   |___| |___/ 

POST - As admin I have be able to add new data(user;post---as-admin-i-have-be-able-to-add-new-data)
--------------------------------------------------------------------------------
20:46:09.664 [main] DEBUG net.thucydides.core.steps.StepInterceptor - STARTING STEP: UserSteps.setWrongPostEndpoints - I set wrong POST endpoints
20:46:09.665 [main] DEBUG net.thucydides.core.steps.StepInterceptor - STEP DONE: I set wrong POST endpoints
  &amp#27;[32mGiven &amp#27;[0m&amp#27;[32mI set wrong POST endpoints&amp#27;[0m                       &amp#27;[90m# starter.stepdefinition.UserSteps.setWrongPostEndpoints()&amp#27;[0m
20:46:09.683 [main] DEBUG net.thucydides.core.steps.StepInterceptor - STARTING STEP: UserSteps.wrongPostHTTPrequest - I send wrong POST HTTP request
20:46:09.687 [main] DEBUG net.thucydides.core.steps.StepInterceptor - STARTING STEP: PostNeg.wrongPostHTTPrequest - I set wrong POST endpoints
20:46:09.688 [main] DEBUG net.thucydides.core.steps.StepInterceptor - STEP DONE: I set wrong POST endpoints
20:46:09.733 [main] DEBUG org.apache.http.impl.conn.BasicClientConnectionManager - Get connection for route {s}->https://jsonplaceholder.typicode.com:443
20:46:09.733 [main] DEBUG org.apache.http.impl.conn.DefaultClientConnectionOperator - Connecting to jsonplaceholder.typicode.com:443
20:46:10.643 [main] DEBUG org.apache.http.client.protocol.RequestAddCookies - CookieSpec selected: ignoreCookies
20:46:10.643 [main] DEBUG org.apache.http.client.protocol.RequestAuthCache - Auth cache not set in the context
20:46:10.643 [main] DEBUG org.apache.http.client.protocol.RequestTargetAuthentication - Target auth state: UNCHALLENGED
20:46:10.643 [main] DEBUG org.apache.http.client.protocol.RequestProxyAuthentication - Proxy auth state: UNCHALLENGED
20:46:10.643 [main] DEBUG org.apache.http.impl.client.DefaultHttpClient - Attempt 1 to execute request
20:46:10.643 [main] DEBUG org.apache.http.impl.conn.DefaultClientConnection - Sending request: POST /psts HTTP/1.1
20:46:10.643 [main] DEBUG org.apache.http.wire -  >> "POST /psts HTTP/1.1[\r][\n]"
20:46:10.644 [main] DEBUG org.apache.http.wire -  >> "Content-Type: application/x-www-form-urlencoded; charset=ISO-8859-1[\r][\n]"
20:46:10.644 [main] DEBUG org.apache.http.wire -  >> "Accept: */*[\r][\n]"
20:46:10.644 [main] DEBUG org.apache.http.wire -  >> "Content-Length: 0[\r][\n]"
20:46:10.644 [main] DEBUG org.apache.http.wire -  >> "Host: jsonplaceholder.typicode.com[\r][\n]"
20:46:10.644 [main] DEBUG org.apache.http.wire -  >> "Connection: Keep-Alive[\r][\n]"
20:46:10.644 [main] DEBUG org.apache.http.wire -  >> "User-Agent: Apache-HttpClient/4.5.13 (Java/19.0.2)[\r][\n]"
20:46:10.644 [main] DEBUG org.apache.http.wire -  >> "Accept-Encoding: gzip,deflate[\r][\n]"
20:46:10.644 [main] DEBUG org.apache.http.wire -  >> "[\r][\n]"
20:46:10.644 [main] DEBUG org.apache.http.headers - >> POST /psts HTTP/1.1
20:46:10.644 [main] DEBUG org.apache.http.headers - >> Content-Type: application/x-www-form-urlencoded; charset=ISO-8859-1
20:46:10.644 [main] DEBUG org.apache.http.headers - >> Accept: */*
20:46:10.644 [main] DEBUG org.apache.http.headers - >> Content-Length: 0
20:46:10.644 [main] DEBUG org.apache.http.headers - >> Host: jsonplaceholder.typicode.com
20:46:10.644 [main] DEBUG org.apache.http.headers - >> Connection: Keep-Alive
20:46:10.644 [main] DEBUG org.apache.http.headers - >> User-Agent: Apache-HttpClient/4.5.13 (Java/19.0.2)
20:46:10.644 [main] DEBUG org.apache.http.headers - >> Accept-Encoding: gzip,deflate
20:46:12.187 [main] DEBUG org.apache.http.wire -  << "HTTP/1.1 500 Internal Server Error[\r][\n]"
20:46:12.187 [main] DEBUG org.apache.http.wire -  << "Date: Sat, 01 Apr 2023 13:46:12 GMT[\r][\n]"
20:46:12.187 [main] DEBUG org.apache.http.wire -  << "Content-Type: text/html; charset=utf-8[\r][\n]"
20:46:12.187 [main] DEBUG org.apache.http.wire -  << "Transfer-Encoding: chunked[\r][\n]"
20:46:12.187 [main] DEBUG org.apache.http.wire -  << "Connection: keep-alive[\r][\n]"
20:46:12.187 [main] DEBUG org.apache.http.wire -  << "X-Powered-By: Express[\r][\n]"
20:46:12.187 [main] DEBUG org.apache.http.wire -  << "X-Ratelimit-Limit: 1000[\r][\n]"
20:46:12.188 [main] DEBUG org.apache.http.wire -  << "X-Ratelimit-Remaining: 999[\r][\n]"
20:46:12.188 [main] DEBUG org.apache.http.wire -  << "X-Ratelimit-Reset: 1680356830[\r][\n]"
20:46:12.188 [main] DEBUG org.apache.http.wire -  << "Vary: Origin, X-HTTP-Method-Override, Accept-Encoding[\r][\n]"
20:46:12.188 [main] DEBUG org.apache.http.wire -  << "Access-Control-Allow-Credentials: true[\r][\n]"
20:46:12.188 [main] DEBUG org.apache.http.wire -  << "Cache-Control: no-cache[\r][\n]"
20:46:12.188 [main] DEBUG org.apache.http.wire -  << "Pragma: no-cache[\r][\n]"
20:46:12.188 [main] DEBUG org.apache.http.wire -  << "Expires: -1[\r][\n]"
20:46:12.188 [main] DEBUG org.apache.http.wire -  << "Via: 1.1 vegur[\r][\n]"
20:46:12.188 [main] DEBUG org.apache.http.wire -  << "CF-Cache-Status: DYNAMIC[\r][\n]"
20:46:12.188 [main] DEBUG org.apache.http.wire -  << "Report-To: {"endpoints":[{"url":"https:\/\/a.nel.cloudflare.com\/report\/v3?s=ZB8OajtMWE7GH3qFHMwAkd9kuTDEh7soENfMlFIKNX97%2Bam5QWv1eIv8iIGoqPDBit7xAGQa1sTqSLxwcTonmapszFg7f7EYODpPXNGgfwWOlBGjhlZux6Z6i8q96RGRG01kNjdxLd%2BV6R1A395s"}],"group":"cf-nel","max_age":604800}[\r][\n]"
20:46:12.188 [main] DEBUG org.apache.http.wire -  << "NEL: {"success_fraction":0,"report_to":"cf-nel","max_age":604800}[\r][\n]"
20:46:12.188 [main] DEBUG org.apache.http.wire -  << "Server: cloudflare[\r][\n]"
20:46:12.188 [main] DEBUG org.apache.http.wire -  << "CF-RAY: 7b1146de1a7e44c0-SIN[\r][\n]"
20:46:12.189 [main] DEBUG org.apache.http.wire -  << "alt-svc: h3=":443"; ma=86400, h3-29=":443"; ma=86400[\r][\n]"
20:46:12.189 [main] DEBUG org.apache.http.wire -  << "[\r][\n]"
20:46:12.189 [main] DEBUG org.apache.http.impl.conn.DefaultClientConnection - Receiving response: HTTP/1.1 500 Internal Server Error
20:46:12.189 [main] DEBUG org.apache.http.headers - << HTTP/1.1 500 Internal Server Error
20:46:12.189 [main] DEBUG org.apache.http.headers - << Date: Sat, 01 Apr 2023 13:46:12 GMT
20:46:12.189 [main] DEBUG org.apache.http.headers - << Content-Type: text/html; charset=utf-8
20:46:12.189 [main] DEBUG org.apache.http.headers - << Transfer-Encoding: chunked
20:46:12.189 [main] DEBUG org.apache.http.headers - << Connection: keep-alive
20:46:12.189 [main] DEBUG org.apache.http.headers - << X-Powered-By: Express
20:46:12.189 [main] DEBUG org.apache.http.headers - << X-Ratelimit-Limit: 1000
20:46:12.189 [main] DEBUG org.apache.http.headers - << X-Ratelimit-Remaining: 999
20:46:12.189 [main] DEBUG org.apache.http.headers - << X-Ratelimit-Reset: 1680356830
20:46:12.189 [main] DEBUG org.apache.http.headers - << Vary: Origin, X-HTTP-Method-Override, Accept-Encoding
20:46:12.189 [main] DEBUG org.apache.http.headers - << Access-Control-Allow-Credentials: true
20:46:12.189 [main] DEBUG org.apache.http.headers - << Cache-Control: no-cache
20:46:12.189 [main] DEBUG org.apache.http.headers - << Pragma: no-cache
20:46:12.189 [main] DEBUG org.apache.http.headers - << Expires: -1
20:46:12.189 [main] DEBUG org.apache.http.headers - << Via: 1.1 vegur
20:46:12.189 [main] DEBUG org.apache.http.headers - << CF-Cache-Status: DYNAMIC
20:46:12.189 [main] DEBUG org.apache.http.headers - << Report-To: {"endpoints":[{"url":"https:\/\/a.nel.cloudflare.com\/report\/v3?s=ZB8OajtMWE7GH3qFHMwAkd9kuTDEh7soENfMlFIKNX97%2Bam5QWv1eIv8iIGoqPDBit7xAGQa1sTqSLxwcTonmapszFg7f7EYODpPXNGgfwWOlBGjhlZux6Z6i8q96RGRG01kNjdxLd%2BV6R1A395s"}],"group":"cf-nel","max_age":604800}
20:46:12.190 [main] DEBUG org.apache.http.headers - << NEL: {"success_fraction":0,"report_to":"cf-nel","max_age":604800}
20:46:12.190 [main] DEBUG org.apache.http.headers - << Server: cloudflare
20:46:12.190 [main] DEBUG org.apache.http.headers - << CF-RAY: 7b1146de1a7e44c0-SIN
20:46:12.190 [main] DEBUG org.apache.http.headers - << alt-svc: h3=":443"; ma=86400, h3-29=":443"; ma=86400
20:46:12.193 [main] DEBUG org.apache.http.impl.client.DefaultHttpClient - Connection can be kept alive indefinitely
20:46:12.194 [main] DEBUG io.restassured.internal.RestAssuredHttpBuilder - Parsing response as: text/html; charset=utf-8
20:46:12.194 [main] DEBUG io.restassured.internal.RestAssuredHttpBuilder - Parsed data to instance of: class org.apache.http.conn.EofSensorInputStream
20:46:12.198 [main] DEBUG org.apache.http.wire -  << "339[\r][\n]"
20:46:12.198 [main] DEBUG org.apache.http.wire -  << "UnsupportedMediaTypeError: unsupported charset "ISO-8859-1"[\n]"
20:46:12.198 [main] DEBUG org.apache.http.wire -  << "    at urlencodedParser (/app/node_modules/body-parser/lib/types/urlencoded.js:108:12)[\n]"
20:46:12.198 [main] DEBUG org.apache.http.wire -  << "    at Layer.handle [as handle_request] (/app/node_modules/express/lib/router/layer.js:95:5)[\n]"
20:46:12.198 [main] DEBUG org.apache.http.wire -  << "    at trim_prefix (/app/node_modules/express/lib/router/index.js:317:13)[\n]"
20:46:12.198 [main] DEBUG org.apache.http.wire -  << "    at /app/node_modules/express/lib/router/index.js:284:7[\n]"
20:46:12.198 [main] DEBUG org.apache.http.wire -  << "    at Function.process_params (/app/node_modules/express/lib/router/index.js:335:1"
20:46:12.198 [main] DEBUG org.apache.http.wire -  << "2)[\n]"
20:46:12.198 [main] DEBUG org.apache.http.wire -  << "    at next (/app/node_modules/express/lib/router/index.js:275:10)[\n]"
20:46:12.198 [main] DEBUG org.apache.http.wire -  << "    at jsonParser (/app/node_modules/body-parser/lib/types/json.js:119:7)[\n]"
20:46:12.198 [main] DEBUG org.apache.http.wire -  << "    at Layer.handle [as handle_request] (/app/node_modules/express/lib/router/layer.js:95:5)[\n]"
20:46:12.199 [main] DEBUG org.apache.http.wire -  << "    at trim_prefix (/app/node_modules/express/lib/router/index.js:317:13)[\n]"
20:46:12.199 [main] DEBUG org.apache.http.wire -  << "    at /app/node_modules/express/lib/router/index.js:284:7"
20:46:12.199 [main] DEBUG org.apache.http.wire -  << "[\r][\n]"
20:46:12.199 [main] DEBUG org.apache.http.wire -  << "0[\r][\n]"
20:46:12.199 [main] DEBUG org.apache.http.wire -  << "[\r][\n]"
20:46:12.199 [main] DEBUG org.apache.http.impl.conn.BasicClientConnectionManager - Releasing connection org.apache.http.impl.conn.ManagedClientConnectionImpl@13137835
20:46:12.199 [main] DEBUG org.apache.http.impl.conn.BasicClientConnectionManager - Connection can be kept alive indefinitely
20:46:12.394 [main] DEBUG net.thucydides.core.steps.StepInterceptor - STEP DONE: I send wrong POST HTTP request
  &amp#27;[32mWhen &amp#27;[0m&amp#27;[32mI send wrong POST HTTP request&amp#27;[0m                    &amp#27;[90m# starter.stepdefinition.UserSteps.wrongPostHTTPrequest()&amp#27;[0m
20:46:12.400 [main] DEBUG net.thucydides.core.steps.StepInterceptor - STARTING STEP: UserSteps.postHTTPResponse500 - I receive invalid POST HTTP response code 500
20:46:12.401 [main] DEBUG net.thucydides.core.steps.StepInterceptor - STEP DONE: I receive invalid POST HTTP response code 500
  &amp#27;[32mThen &amp#27;[0m&amp#27;[32mI receive invalid POST HTTP response code 500&amp#27;[0m     &amp#27;[90m# starter.stepdefinition.UserSteps.postHTTPResponse500()&amp#27;[0m
20:46:12.406 [main] INFO  - 
  _____   ___   ___   _____     ___     _     ___   ___   ___   ___  
 |_   _| | __| / __| |_   _|   | _ \   /_\   / __| / __| | __| |   \ 
   | |   | _|  \__ \   | |     |  _/  / _ \  \__ \ \__ \ | _|  | |) |
   |_|   |___| |___/   |_|     |_|   /_/ \_\ |___/ |___/ |___| |___/ 

POST - As admin I have be able to add new data
----------------------------------------------------------------------
]]></system-out>
  </testcase>
  <testcase name="PUT - As admin I have be able to add new data" classname="User #1" time="0.79">
    <system-out><![CDATA[
Scenario: PUT - As admin I have be able to add new data &amp#27;[90m# src/test/resources/api/Negative.feature:21&amp#27;[0m
20:46:12.426 [main] INFO io.cucumber.core.plugin.SerenityReporter - Running feature from file:///C:/Users/User/IdeaProjects/Alterraaa/src/test/resources/api/Negative.feature
20:46:12.426 [main] WARN io.cucumber.core.plugin.SerenityReporter - Feature from file:///C:/Users/User/IdeaProjects/Alterraaa/src/test/resources/api/Negative.feature is not under the 'features' directory. Requirements report will not be correctly generated!
20:46:12.430 [main] INFO  - 
  _____   ___   ___   _____     ___   _____     _     ___   _____   ___   ___  
 |_   _| | __| / __| |_   _|   / __| |_   _|   /_\   | _ \ |_   _| | __| |   \ 
   | |   | _|  \__ \   | |     \__ \   | |    / _ \  |   /   | |   | _|  | |) |
   |_|   |___| |___/   |_|     |___/   |_|   /_/ \_\ |_|_\   |_|   |___| |___/ 

PUT - As admin I have be able to add new data(user;put---as-admin-i-have-be-able-to-add-new-data)
--------------------------------------------------------------------------------
20:46:12.490 [main] DEBUG net.thucydides.core.steps.StepInterceptor - STARTING STEP: UserSteps.setWrongPutEndpoints - I set wrong PUT endpoints
20:46:12.490 [main] DEBUG net.thucydides.core.steps.StepInterceptor - STEP DONE: I set wrong PUT endpoints
  &amp#27;[32mGiven &amp#27;[0m&amp#27;[32mI set wrong PUT endpoints&amp#27;[0m                       &amp#27;[90m# starter.stepdefinition.UserSteps.setWrongPutEndpoints()&amp#27;[0m
20:46:12.497 [main] DEBUG net.thucydides.core.steps.StepInterceptor - STARTING STEP: UserSteps.wrongPutHTTPrequest - I send wrong PUT HTTP request
20:46:12.500 [main] DEBUG net.thucydides.core.steps.StepInterceptor - STARTING STEP: PutNeg.wrongPutHTTPrequest - I set wrong PUT endpoints
20:46:12.500 [main] DEBUG net.thucydides.core.steps.StepInterceptor - STEP DONE: I set wrong PUT endpoints
20:46:12.529 [main] DEBUG org.apache.http.impl.conn.BasicClientConnectionManager - Get connection for route {s}->https://jsonplaceholder.typicode.com:443
20:46:12.530 [main] DEBUG org.apache.http.impl.conn.DefaultClientConnectionOperator - Connecting to jsonplaceholder.typicode.com:443
20:46:12.606 [main] DEBUG org.apache.http.client.protocol.RequestAddCookies - CookieSpec selected: ignoreCookies
20:46:12.606 [main] DEBUG org.apache.http.client.protocol.RequestAuthCache - Auth cache not set in the context
20:46:12.606 [main] DEBUG org.apache.http.client.protocol.RequestTargetAuthentication - Target auth state: UNCHALLENGED
20:46:12.606 [main] DEBUG org.apache.http.client.protocol.RequestProxyAuthentication - Proxy auth state: UNCHALLENGED
20:46:12.606 [main] DEBUG org.apache.http.impl.client.DefaultHttpClient - Attempt 1 to execute request
20:46:12.607 [main] DEBUG org.apache.http.impl.conn.DefaultClientConnection - Sending request: PUT /posts/101 HTTP/1.1
20:46:12.607 [main] DEBUG org.apache.http.wire -  >> "PUT /posts/101 HTTP/1.1[\r][\n]"
20:46:12.607 [main] DEBUG org.apache.http.wire -  >> "Accept: */*[\r][\n]"
20:46:12.607 [main] DEBUG org.apache.http.wire -  >> "Content-Length: 0[\r][\n]"
20:46:12.607 [main] DEBUG org.apache.http.wire -  >> "Host: jsonplaceholder.typicode.com[\r][\n]"
20:46:12.607 [main] DEBUG org.apache.http.wire -  >> "Connection: Keep-Alive[\r][\n]"
20:46:12.607 [main] DEBUG org.apache.http.wire -  >> "User-Agent: Apache-HttpClient/4.5.13 (Java/19.0.2)[\r][\n]"
20:46:12.607 [main] DEBUG org.apache.http.wire -  >> "Accept-Encoding: gzip,deflate[\r][\n]"
20:46:12.607 [main] DEBUG org.apache.http.wire -  >> "[\r][\n]"
20:46:12.607 [main] DEBUG org.apache.http.headers - >> PUT /posts/101 HTTP/1.1
20:46:12.607 [main] DEBUG org.apache.http.headers - >> Accept: */*
20:46:12.607 [main] DEBUG org.apache.http.headers - >> Content-Length: 0
20:46:12.607 [main] DEBUG org.apache.http.headers - >> Host: jsonplaceholder.typicode.com
20:46:12.607 [main] DEBUG org.apache.http.headers - >> Connection: Keep-Alive
20:46:12.607 [main] DEBUG org.apache.http.headers - >> User-Agent: Apache-HttpClient/4.5.13 (Java/19.0.2)
20:46:12.607 [main] DEBUG org.apache.http.headers - >> Accept-Encoding: gzip,deflate
20:46:13.169 [main] DEBUG org.apache.http.wire -  << "HTTP/1.1 500 Internal Server Error[\r][\n]"
20:46:13.169 [main] DEBUG org.apache.http.wire -  << "Date: Sat, 01 Apr 2023 13:46:14 GMT[\r][\n]"
20:46:13.169 [main] DEBUG org.apache.http.wire -  << "Content-Type: text/html; charset=utf-8[\r][\n]"
20:46:13.169 [main] DEBUG org.apache.http.wire -  << "Transfer-Encoding: chunked[\r][\n]"
20:46:13.169 [main] DEBUG org.apache.http.wire -  << "Connection: keep-alive[\r][\n]"
20:46:13.170 [main] DEBUG org.apache.http.wire -  << "X-Powered-By: Express[\r][\n]"
20:46:13.170 [main] DEBUG org.apache.http.wire -  << "X-Ratelimit-Limit: 1000[\r][\n]"
20:46:13.170 [main] DEBUG org.apache.http.wire -  << "X-Ratelimit-Remaining: 998[\r][\n]"
20:46:13.170 [main] DEBUG org.apache.http.wire -  << "X-Ratelimit-Reset: 1680356830[\r][\n]"
20:46:13.170 [main] DEBUG org.apache.http.wire -  << "Vary: Origin, Accept-Encoding[\r][\n]"
20:46:13.170 [main] DEBUG org.apache.http.wire -  << "Access-Control-Allow-Credentials: true[\r][\n]"
20:46:13.170 [main] DEBUG org.apache.http.wire -  << "Cache-Control: no-cache[\r][\n]"
20:46:13.170 [main] DEBUG org.apache.http.wire -  << "Pragma: no-cache[\r][\n]"
20:46:13.170 [main] DEBUG org.apache.http.wire -  << "Expires: -1[\r][\n]"
20:46:13.170 [main] DEBUG org.apache.http.wire -  << "Via: 1.1 vegur[\r][\n]"
20:46:13.170 [main] DEBUG org.apache.http.wire -  << "CF-Cache-Status: DYNAMIC[\r][\n]"
20:46:13.170 [main] DEBUG org.apache.http.wire -  << "Report-To: {"endpoints":[{"url":"https:\/\/a.nel.cloudflare.com\/report\/v3?s=A%2B2EDN0KWg%2BNzJ1KPbSMB9qAMdvDN8x%2FFmOAOAe1BeMx70yve3scWv9ObcqnQU04VR%2Ft%2BsSeWY8yTglOTaY8EJqvONLRXYifYj%2F4yr2DlKz4XXIxvYO%2FJ77VqLPg4IBP7kJWCizHVDz6GIlKeNUt"}],"group":"cf-nel","max_age":604800}[\r][\n]"
20:46:13.170 [main] DEBUG org.apache.http.wire -  << "NEL: {"success_fraction":0,"report_to":"cf-nel","max_age":604800}[\r][\n]"
20:46:13.170 [main] DEBUG org.apache.http.wire -  << "Server: cloudflare[\r][\n]"
20:46:13.170 [main] DEBUG org.apache.http.wire -  << "CF-RAY: 7b1146ea58524c8f-SIN[\r][\n]"
20:46:13.170 [main] DEBUG org.apache.http.wire -  << "alt-svc: h3=":443"; ma=86400, h3-29=":443"; ma=86400[\r][\n]"
20:46:13.171 [main] DEBUG org.apache.http.wire -  << "[\r][\n]"
20:46:13.171 [main] DEBUG org.apache.http.impl.conn.DefaultClientConnection - Receiving response: HTTP/1.1 500 Internal Server Error
20:46:13.171 [main] DEBUG org.apache.http.headers - << HTTP/1.1 500 Internal Server Error
20:46:13.171 [main] DEBUG org.apache.http.headers - << Date: Sat, 01 Apr 2023 13:46:14 GMT
20:46:13.171 [main] DEBUG org.apache.http.headers - << Content-Type: text/html; charset=utf-8
20:46:13.171 [main] DEBUG org.apache.http.headers - << Transfer-Encoding: chunked
20:46:13.171 [main] DEBUG org.apache.http.headers - << Connection: keep-alive
20:46:13.171 [main] DEBUG org.apache.http.headers - << X-Powered-By: Express
20:46:13.171 [main] DEBUG org.apache.http.headers - << X-Ratelimit-Limit: 1000
20:46:13.171 [main] DEBUG org.apache.http.headers - << X-Ratelimit-Remaining: 998
20:46:13.171 [main] DEBUG org.apache.http.headers - << X-Ratelimit-Reset: 1680356830
20:46:13.171 [main] DEBUG org.apache.http.headers - << Vary: Origin, Accept-Encoding
20:46:13.171 [main] DEBUG org.apache.http.headers - << Access-Control-Allow-Credentials: true
20:46:13.171 [main] DEBUG org.apache.http.headers - << Cache-Control: no-cache
20:46:13.171 [main] DEBUG org.apache.http.headers - << Pragma: no-cache
20:46:13.171 [main] DEBUG org.apache.http.headers - << Expires: -1
20:46:13.171 [main] DEBUG org.apache.http.headers - << Via: 1.1 vegur
20:46:13.171 [main] DEBUG org.apache.http.headers - << CF-Cache-Status: DYNAMIC
20:46:13.171 [main] DEBUG org.apache.http.headers - << Report-To: {"endpoints":[{"url":"https:\/\/a.nel.cloudflare.com\/report\/v3?s=A%2B2EDN0KWg%2BNzJ1KPbSMB9qAMdvDN8x%2FFmOAOAe1BeMx70yve3scWv9ObcqnQU04VR%2Ft%2BsSeWY8yTglOTaY8EJqvONLRXYifYj%2F4yr2DlKz4XXIxvYO%2FJ77VqLPg4IBP7kJWCizHVDz6GIlKeNUt"}],"group":"cf-nel","max_age":604800}
20:46:13.171 [main] DEBUG org.apache.http.headers - << NEL: {"success_fraction":0,"report_to":"cf-nel","max_age":604800}
20:46:13.171 [main] DEBUG org.apache.http.headers - << Server: cloudflare
20:46:13.171 [main] DEBUG org.apache.http.headers - << CF-RAY: 7b1146ea58524c8f-SIN
20:46:13.171 [main] DEBUG org.apache.http.headers - << alt-svc: h3=":443"; ma=86400, h3-29=":443"; ma=86400
20:46:13.172 [main] DEBUG org.apache.http.impl.client.DefaultHttpClient - Connection can be kept alive indefinitely
20:46:13.172 [main] DEBUG io.restassured.internal.RestAssuredHttpBuilder - Parsing response as: text/html; charset=utf-8
20:46:13.172 [main] DEBUG io.restassured.internal.RestAssuredHttpBuilder - Parsed data to instance of: class org.apache.http.conn.EofSensorInputStream
20:46:13.174 [main] DEBUG org.apache.http.wire -  << "333[\r][\n]"
20:46:13.174 [main] DEBUG org.apache.http.wire -  << "TypeError: Cannot read properties of undefined (reading 'id')[\n]"
20:46:13.175 [main] DEBUG org.apache.http.wire -  << "    at update (/app/node_modules/json-server/lib/server/router/plural.js:262:24)[\n]"
20:46:13.175 [main] DEBUG org.apache.http.wire -  << "    at Layer.handle [as handle_request] (/app/node_modules/express/lib/router/layer.js:95:5)[\n]"
20:46:13.175 [main] DEBUG org.apache.http.wire -  << "    at next (/app/node_modules/express/lib/router/route.js:137:13)[\n]"
20:46:13.175 [main] DEBUG org.apache.http.wire -  << "    at next (/app/node_modules/express/lib/router/route.js:131:14)[\n]"
20:46:13.175 [main] DEBUG org.apache.http.wire -  << "    at Route.dispatch (/app/node_modules/express/lib/router/route.js:112:3)[\n]"
20:46:13.175 [main] DEBUG org.apache.http.wire -  << "    at Layer.handle [as "
20:46:13.175 [main] DEBUG org.apache.http.wire -  << "handle_request] (/app/node_modules/express/lib/router/layer.js:95:5)[\n]"
20:46:13.175 [main] DEBUG org.apache.http.wire -  << "    at /app/node_modules/express/lib/router/index.js:281:22[\n]"
20:46:13.175 [main] DEBUG org.apache.http.wire -  << "    at param (/app/node_modules/express/lib/router/index.js:354:14)[\n]"
20:46:13.176 [main] DEBUG org.apache.http.wire -  << "    at param (/app/node_modules/express/lib/router/index.js:365:14)[\n]"
20:46:13.176 [main] DEBUG org.apache.http.wire -  << "    at Function.process_params (/app/node_modules/express/lib/router/index.js:410:3)"
20:46:13.176 [main] DEBUG org.apache.http.wire -  << "[\r][\n]"
20:46:13.176 [main] DEBUG org.apache.http.wire -  << "0[\r][\n]"
20:46:13.176 [main] DEBUG org.apache.http.wire -  << "[\r][\n]"
20:46:13.176 [main] DEBUG org.apache.http.impl.conn.BasicClientConnectionManager - Releasing connection org.apache.http.impl.conn.ManagedClientConnectionImpl@75de7009
20:46:13.176 [main] DEBUG org.apache.http.impl.conn.BasicClientConnectionManager - Connection can be kept alive indefinitely
20:46:13.185 [main] DEBUG net.thucydides.core.steps.StepInterceptor - STEP DONE: I send wrong PUT HTTP request
  &amp#27;[32mWhen &amp#27;[0m&amp#27;[32mI send wrong PUT HTTP request&amp#27;[0m                    &amp#27;[90m# starter.stepdefinition.UserSteps.wrongPutHTTPrequest()&amp#27;[0m
20:46:13.192 [main] DEBUG net.thucydides.core.steps.StepInterceptor - STARTING STEP: UserSteps.putHTTPResponse500 - I receive invalid PUT HTTP response code 500
20:46:13.194 [main] DEBUG net.thucydides.core.steps.StepInterceptor - STEP DONE: I receive invalid PUT HTTP response code 500
  &amp#27;[32mThen &amp#27;[0m&amp#27;[32mI receive invalid PUT HTTP response code 500&amp#27;[0m     &amp#27;[90m# starter.stepdefinition.UserSteps.putHTTPResponse500()&amp#27;[0m
20:46:13.198 [main] INFO  - 
  _____   ___   ___   _____     ___     _     ___   ___   ___   ___  
 |_   _| | __| / __| |_   _|   | _ \   /_\   / __| / __| | __| |   \ 
   | |   | _|  \__ \   | |     |  _/  / _ \  \__ \ \__ \ | _|  | |) |
   |_|   |___| |___/   |_|     |_|   /_/ \_\ |___/ |___/ |___| |___/ 

PUT - As admin I have be able to add new data
----------------------------------------------------------------------
]]></system-out>
  </testcase>
  <testcase name="DELETE - As admin I have be able to add new data" classname="User #1" time="1.895">
    <system-out><![CDATA[
Scenario: DELETE - As admin I have be able to add new data &amp#27;[90m# src/test/resources/api/Negative.feature:26&amp#27;[0m
20:46:13.214 [main] INFO io.cucumber.core.plugin.SerenityReporter - Running feature from file:///C:/Users/User/IdeaProjects/Alterraaa/src/test/resources/api/Negative.feature
20:46:13.215 [main] WARN io.cucumber.core.plugin.SerenityReporter - Feature from file:///C:/Users/User/IdeaProjects/Alterraaa/src/test/resources/api/Negative.feature is not under the 'features' directory. Requirements report will not be correctly generated!
20:46:13.219 [main] INFO  - 
  _____   ___   ___   _____     ___   _____     _     ___   _____   ___   ___  
 |_   _| | __| / __| |_   _|   / __| |_   _|   /_\   | _ \ |_   _| | __| |   \ 
   | |   | _|  \__ \   | |     \__ \   | |    / _ \  |   /   | |   | _|  | |) |
   |_|   |___| |___/   |_|     |___/   |_|   /_/ \_\ |_|_\   |_|   |___| |___/ 

DELETE - As admin I have be able to add new data(user;delete---as-admin-i-have-be-able-to-add-new-data)
--------------------------------------------------------------------------------
20:46:13.265 [main] DEBUG net.thucydides.core.steps.StepInterceptor - STARTING STEP: UserSteps.setWrongDeleteEndpoints - I set wrong PUT endpoints
20:46:13.265 [main] DEBUG net.thucydides.core.steps.StepInterceptor - STEP DONE: I set wrong PUT endpoints
  &amp#27;[32mGiven &amp#27;[0m&amp#27;[32mI set wrong DELETE endpoints&amp#27;[0m                       &amp#27;[90m# starter.stepdefinition.UserSteps.setWrongDeleteEndpoints()&amp#27;[0m
20:46:13.272 [main] DEBUG net.thucydides.core.steps.StepInterceptor - STARTING STEP: UserSteps.wrongDeleteHTTPrequest - I send wrong DELETE HTTP request
20:46:13.275 [main] DEBUG net.thucydides.core.steps.StepInterceptor - STARTING STEP: DelNeg.wrongDeleteHTTPrequest - I set wrong PUT endpoints
20:46:13.275 [main] DEBUG net.thucydides.core.steps.StepInterceptor - STEP DONE: I set wrong PUT endpoints
20:46:13.304 [main] DEBUG org.apache.http.impl.conn.BasicClientConnectionManager - Get connection for route {s}->https://jsonplaceholder.typicode.com:443
20:46:13.305 [main] DEBUG org.apache.http.impl.conn.DefaultClientConnectionOperator - Connecting to jsonplaceholder.typicode.com:443
20:46:14.090 [main] DEBUG org.apache.http.client.protocol.RequestAddCookies - CookieSpec selected: ignoreCookies
20:46:14.090 [main] DEBUG org.apache.http.client.protocol.RequestAuthCache - Auth cache not set in the context
20:46:14.090 [main] DEBUG org.apache.http.client.protocol.RequestTargetAuthentication - Target auth state: UNCHALLENGED
20:46:14.090 [main] DEBUG org.apache.http.client.protocol.RequestProxyAuthentication - Proxy auth state: UNCHALLENGED
20:46:14.090 [main] DEBUG org.apache.http.impl.client.DefaultHttpClient - Attempt 1 to execute request
20:46:14.090 [main] DEBUG org.apache.http.impl.conn.DefaultClientConnection - Sending request: DELETE /psts/1 HTTP/1.1
20:46:14.090 [main] DEBUG org.apache.http.wire -  >> "DELETE /psts/1 HTTP/1.1[\r][\n]"
20:46:14.090 [main] DEBUG org.apache.http.wire -  >> "Accept: */*[\r][\n]"
20:46:14.090 [main] DEBUG org.apache.http.wire -  >> "Host: jsonplaceholder.typicode.com[\r][\n]"
20:46:14.090 [main] DEBUG org.apache.http.wire -  >> "Connection: Keep-Alive[\r][\n]"
20:46:14.090 [main] DEBUG org.apache.http.wire -  >> "User-Agent: Apache-HttpClient/4.5.13 (Java/19.0.2)[\r][\n]"
20:46:14.090 [main] DEBUG org.apache.http.wire -  >> "Accept-Encoding: gzip,deflate[\r][\n]"
20:46:14.090 [main] DEBUG org.apache.http.wire -  >> "[\r][\n]"
20:46:14.090 [main] DEBUG org.apache.http.headers - >> DELETE /psts/1 HTTP/1.1
20:46:14.090 [main] DEBUG org.apache.http.headers - >> Accept: */*
20:46:14.090 [main] DEBUG org.apache.http.headers - >> Host: jsonplaceholder.typicode.com
20:46:14.090 [main] DEBUG org.apache.http.headers - >> Connection: Keep-Alive
20:46:14.090 [main] DEBUG org.apache.http.headers - >> User-Agent: Apache-HttpClient/4.5.13 (Java/19.0.2)
20:46:14.090 [main] DEBUG org.apache.http.headers - >> Accept-Encoding: gzip,deflate
20:46:15.079 [main] DEBUG org.apache.http.wire -  << "HTTP/1.1 404 Not Found[\r][\n]"
20:46:15.079 [main] DEBUG org.apache.http.wire -  << "Date: Sat, 01 Apr 2023 13:46:15 GMT[\r][\n]"
20:46:15.079 [main] DEBUG org.apache.http.wire -  << "Content-Type: application/json; charset=utf-8[\r][\n]"
20:46:15.079 [main] DEBUG org.apache.http.wire -  << "Content-Length: 2[\r][\n]"
20:46:15.079 [main] DEBUG org.apache.http.wire -  << "Connection: keep-alive[\r][\n]"
20:46:15.079 [main] DEBUG org.apache.http.wire -  << "X-Powered-By: Express[\r][\n]"
20:46:15.079 [main] DEBUG org.apache.http.wire -  << "X-Ratelimit-Limit: 1000[\r][\n]"
20:46:15.079 [main] DEBUG org.apache.http.wire -  << "X-Ratelimit-Remaining: 997[\r][\n]"
20:46:15.079 [main] DEBUG org.apache.http.wire -  << "X-Ratelimit-Reset: 1680356830[\r][\n]"
20:46:15.079 [main] DEBUG org.apache.http.wire -  << "Vary: Origin, Accept-Encoding[\r][\n]"
20:46:15.079 [main] DEBUG org.apache.http.wire -  << "Access-Control-Allow-Credentials: true[\r][\n]"
20:46:15.079 [main] DEBUG org.apache.http.wire -  << "Cache-Control: no-cache[\r][\n]"
20:46:15.079 [main] DEBUG org.apache.http.wire -  << "Pragma: no-cache[\r][\n]"
20:46:15.079 [main] DEBUG org.apache.http.wire -  << "Expires: -1[\r][\n]"
20:46:15.079 [main] DEBUG org.apache.http.wire -  << "X-Content-Type-Options: nosniff[\r][\n]"
20:46:15.079 [main] DEBUG org.apache.http.wire -  << "Etag: W/"2-vyGp6PvFo4RvsFtPoIWeCReyIC8"[\r][\n]"
20:46:15.079 [main] DEBUG org.apache.http.wire -  << "Via: 1.1 vegur[\r][\n]"
20:46:15.080 [main] DEBUG org.apache.http.wire -  << "CF-Cache-Status: DYNAMIC[\r][\n]"
20:46:15.080 [main] DEBUG org.apache.http.wire -  << "Report-To: {"endpoints":[{"url":"https:\/\/a.nel.cloudflare.com\/report\/v3?s=ZgtxZCv4ib%2BalSLjjUJ%2ByFMGbPz0beDszlLERQhhoODUK3LsCiJFgiQI%2FdKPzyLhtRqKqji%2FTZiCaSo%2BP1g3KkCdL02WDeN%2BbrawsMv5X1Fo8U9KufZzwCQEOXdUwQtlsIWXQpAj%2FA1ZA33v2RtW"}],"group":"cf-nel","max_age":604800}[\r][\n]"
20:46:15.080 [main] DEBUG org.apache.http.wire -  << "NEL: {"success_fraction":0,"report_to":"cf-nel","max_age":604800}[\r][\n]"
20:46:15.080 [main] DEBUG org.apache.http.wire -  << "Server: cloudflare[\r][\n]"
20:46:15.080 [main] DEBUG org.apache.http.wire -  << "CF-RAY: 7b1146f3a91b4106-SIN[\r][\n]"
20:46:15.080 [main] DEBUG org.apache.http.wire -  << "alt-svc: h3=":443"; ma=86400, h3-29=":443"; ma=86400[\r][\n]"
20:46:15.080 [main] DEBUG org.apache.http.wire -  << "[\r][\n]"
20:46:15.080 [main] DEBUG org.apache.http.impl.conn.DefaultClientConnection - Receiving response: HTTP/1.1 404 Not Found
20:46:15.080 [main] DEBUG org.apache.http.headers - << HTTP/1.1 404 Not Found
20:46:15.080 [main] DEBUG org.apache.http.headers - << Date: Sat, 01 Apr 2023 13:46:15 GMT
20:46:15.080 [main] DEBUG org.apache.http.headers - << Content-Type: application/json; charset=utf-8
20:46:15.080 [main] DEBUG org.apache.http.headers - << Content-Length: 2
20:46:15.080 [main] DEBUG org.apache.http.headers - << Connection: keep-alive
20:46:15.080 [main] DEBUG org.apache.http.headers - << X-Powered-By: Express
20:46:15.080 [main] DEBUG org.apache.http.headers - << X-Ratelimit-Limit: 1000
20:46:15.080 [main] DEBUG org.apache.http.headers - << X-Ratelimit-Remaining: 997
20:46:15.080 [main] DEBUG org.apache.http.headers - << X-Ratelimit-Reset: 1680356830
20:46:15.080 [main] DEBUG org.apache.http.headers - << Vary: Origin, Accept-Encoding
20:46:15.080 [main] DEBUG org.apache.http.headers - << Access-Control-Allow-Credentials: true
20:46:15.080 [main] DEBUG org.apache.http.headers - << Cache-Control: no-cache
20:46:15.080 [main] DEBUG org.apache.http.headers - << Pragma: no-cache
20:46:15.080 [main] DEBUG org.apache.http.headers - << Expires: -1
20:46:15.080 [main] DEBUG org.apache.http.headers - << X-Content-Type-Options: nosniff
20:46:15.081 [main] DEBUG org.apache.http.headers - << Etag: W/"2-vyGp6PvFo4RvsFtPoIWeCReyIC8"
20:46:15.081 [main] DEBUG org.apache.http.headers - << Via: 1.1 vegur
20:46:15.081 [main] DEBUG org.apache.http.headers - << CF-Cache-Status: DYNAMIC
20:46:15.081 [main] DEBUG org.apache.http.headers - << Report-To: {"endpoints":[{"url":"https:\/\/a.nel.cloudflare.com\/report\/v3?s=ZgtxZCv4ib%2BalSLjjUJ%2ByFMGbPz0beDszlLERQhhoODUK3LsCiJFgiQI%2FdKPzyLhtRqKqji%2FTZiCaSo%2BP1g3KkCdL02WDeN%2BbrawsMv5X1Fo8U9KufZzwCQEOXdUwQtlsIWXQpAj%2FA1ZA33v2RtW"}],"group":"cf-nel","max_age":604800}
20:46:15.081 [main] DEBUG org.apache.http.headers - << NEL: {"success_fraction":0,"report_to":"cf-nel","max_age":604800}
20:46:15.081 [main] DEBUG org.apache.http.headers - << Server: cloudflare
20:46:15.081 [main] DEBUG org.apache.http.headers - << CF-RAY: 7b1146f3a91b4106-SIN
20:46:15.081 [main] DEBUG org.apache.http.headers - << alt-svc: h3=":443"; ma=86400, h3-29=":443"; ma=86400
20:46:15.081 [main] DEBUG org.apache.http.impl.client.DefaultHttpClient - Connection can be kept alive indefinitely
20:46:15.081 [main] DEBUG io.restassured.internal.RestAssuredHttpBuilder - Parsing response as: application/json; charset=utf-8
20:46:15.081 [main] DEBUG io.restassured.internal.RestAssuredHttpBuilder - Parsed data to instance of: class org.apache.http.conn.EofSensorInputStream
20:46:15.083 [main] DEBUG org.apache.http.wire -  << "{}"
20:46:15.083 [main] DEBUG org.apache.http.impl.conn.BasicClientConnectionManager - Releasing connection org.apache.http.impl.conn.ManagedClientConnectionImpl@4ede8888
20:46:15.083 [main] DEBUG org.apache.http.impl.conn.BasicClientConnectionManager - Connection can be kept alive indefinitely
20:46:15.084 [main] DEBUG net.thucydides.core.steps.StepInterceptor - STEP DONE: I send wrong DELETE HTTP request
  &amp#27;[32mWhen &amp#27;[0m&amp#27;[32mI send wrong DELETE HTTP request&amp#27;[0m                    &amp#27;[90m# starter.stepdefinition.UserSteps.wrongDeleteHTTPrequest()&amp#27;[0m
20:46:15.089 [main] DEBUG net.thucydides.core.steps.StepInterceptor - STARTING STEP: UserSteps.deleteHTTPResponse404 - I receive invalid DELETE HTTP response code 404
20:46:15.091 [main] DEBUG net.thucydides.core.steps.StepInterceptor - STEP DONE: I receive invalid DELETE HTTP response code 404
  &amp#27;[32mThen &amp#27;[0m&amp#27;[32mI receive invalid DELETE HTTP response code 404&amp#27;[0m     &amp#27;[90m# starter.stepdefinition.UserSteps.deleteHTTPResponse404()&amp#27;[0m
20:46:15.094 [main] INFO  - 
  _____   ___   ___   _____     ___     _     ___   ___   ___   ___  
 |_   _| | __| / __| |_   _|   | _ \   /_\   / __| / __| | __| |   \ 
   | |   | _|  \__ \   | |     |  _/  / _ \  \__ \ \__ \ | _|  | |) |
   |_|   |___| |___/   |_|     |_|   /_/ \_\ |___/ |___/ |___| |___/ 

DELETE - As admin I have be able to add new data
----------------------------------------------------------------------
]]></system-out>
  </testcase>
  <testcase name="GET ALL - As admin I have be able to get all user" classname="User #2" time="1.423">
    <system-out><![CDATA[20:46:15.097 [main] INFO io.cucumber.core.plugin.SerenityReporter - Running feature from file:///C:/Users/User/IdeaProjects/Alterraaa/src/test/resources/api/User.feature
20:46:15.105 [main] WARN io.cucumber.core.plugin.SerenityReporter - Feature from file:///C:/Users/User/IdeaProjects/Alterraaa/src/test/resources/api/User.feature is not under the 'features' directory. Requirements report will not be correctly generated!
20:46:15.110 [main] DEBUG net.thucydides.core.steps.StepEventBus - Test suite started for story net.thucydides.core.model.Story@d3f68227
20:46:15.111 [main] INFO  - Test Suite Started: User

Scenario: GET ALL - As admin I have be able to get all user &amp#27;[90m# src/test/resources/api/User.feature:6&amp#27;[0m
20:46:15.124 [main] INFO io.cucumber.core.plugin.SerenityReporter - Running feature from file:///C:/Users/User/IdeaProjects/Alterraaa/src/test/resources/api/User.feature
20:46:15.124 [main] WARN io.cucumber.core.plugin.SerenityReporter - Feature from file:///C:/Users/User/IdeaProjects/Alterraaa/src/test/resources/api/User.feature is not under the 'features' directory. Requirements report will not be correctly generated!
20:46:15.128 [main] INFO  - 
  _____   ___   ___   _____     ___   _____     _     ___   _____   ___   ___  
 |_   _| | __| / __| |_   _|   / __| |_   _|   /_\   | _ \ |_   _| | __| |   \ 
   | |   | _|  \__ \   | |     \__ \   | |    / _ \  |   /   | |   | _|  | |) |
   |_|   |___| |___/   |_|     |___/   |_|   /_/ \_\ |_|_\   |_|   |___| |___/ 

GET ALL - As admin I have be able to get all user(user;get-all---as-admin-i-have-be-able-to-get-all-user)
--------------------------------------------------------------------------------
20:46:15.206 [main] DEBUG net.thucydides.core.steps.StepInterceptor - STARTING STEP: UserSteps.setGetEndpointsUrl - I set GET endpoints url
20:46:15.207 [main] DEBUG net.thucydides.core.steps.StepInterceptor - STEP DONE: I set GET endpoints url
  &amp#27;[32mGiven &amp#27;[0m&amp#27;[32mI set GET endpoints url&amp#27;[0m                             &amp#27;[90m# starter.stepdefinition.UserSteps.setGetEndpointsUrl()&amp#27;[0m
20:46:15.217 [main] DEBUG net.thucydides.core.steps.StepInterceptor - STARTING STEP: UserSteps.getHTTPrequestUrl - I send GET HTTP request url
20:46:15.228 [main] DEBUG net.thucydides.core.steps.StepInterceptor - STARTING STEP: GETALL.getHTTPrequestUrl - I set GET endpoints url
20:46:15.228 [main] DEBUG net.thucydides.core.steps.StepInterceptor - STEP DONE: I set GET endpoints url
20:46:15.261 [main] DEBUG org.apache.http.impl.conn.BasicClientConnectionManager - Get connection for route {s}->https://jsonplaceholder.typicode.com:443
20:46:15.261 [main] DEBUG org.apache.http.impl.conn.DefaultClientConnectionOperator - Connecting to jsonplaceholder.typicode.com:443
20:46:16.066 [main] DEBUG org.apache.http.client.protocol.RequestAddCookies - CookieSpec selected: ignoreCookies
20:46:16.066 [main] DEBUG org.apache.http.client.protocol.RequestAuthCache - Auth cache not set in the context
20:46:16.066 [main] DEBUG org.apache.http.client.protocol.RequestTargetAuthentication - Target auth state: UNCHALLENGED
20:46:16.066 [main] DEBUG org.apache.http.client.protocol.RequestProxyAuthentication - Proxy auth state: UNCHALLENGED
20:46:16.066 [main] DEBUG org.apache.http.impl.client.DefaultHttpClient - Attempt 1 to execute request
20:46:16.066 [main] DEBUG org.apache.http.impl.conn.DefaultClientConnection - Sending request: GET /posts HTTP/1.1
20:46:16.067 [main] DEBUG org.apache.http.wire -  >> "GET /posts HTTP/1.1[\r][\n]"
20:46:16.067 [main] DEBUG org.apache.http.wire -  >> "Accept: */*[\r][\n]"
20:46:16.067 [main] DEBUG org.apache.http.wire -  >> "Host: jsonplaceholder.typicode.com[\r][\n]"
20:46:16.067 [main] DEBUG org.apache.http.wire -  >> "Connection: Keep-Alive[\r][\n]"
20:46:16.067 [main] DEBUG org.apache.http.wire -  >> "User-Agent: Apache-HttpClient/4.5.13 (Java/19.0.2)[\r][\n]"
20:46:16.067 [main] DEBUG org.apache.http.wire -  >> "Accept-Encoding: gzip,deflate[\r][\n]"
20:46:16.067 [main] DEBUG org.apache.http.wire -  >> "[\r][\n]"
20:46:16.067 [main] DEBUG org.apache.http.headers - >> GET /posts HTTP/1.1
20:46:16.067 [main] DEBUG org.apache.http.headers - >> Accept: */*
20:46:16.067 [main] DEBUG org.apache.http.headers - >> Host: jsonplaceholder.typicode.com
20:46:16.067 [main] DEBUG org.apache.http.headers - >> Connection: Keep-Alive
20:46:16.067 [main] DEBUG org.apache.http.headers - >> User-Agent: Apache-HttpClient/4.5.13 (Java/19.0.2)
20:46:16.067 [main] DEBUG org.apache.http.headers - >> Accept-Encoding: gzip,deflate
20:46:16.469 [main] DEBUG org.apache.http.wire -  << "HTTP/1.1 200 OK[\r][\n]"
20:46:16.469 [main] DEBUG org.apache.http.wire -  << "Date: Sat, 01 Apr 2023 13:46:16 GMT[\r][\n]"
20:46:16.469 [main] DEBUG org.apache.http.wire -  << "Content-Type: application/json; charset=utf-8[\r][\n]"
20:46:16.469 [main] DEBUG org.apache.http.wire -  << "Transfer-Encoding: chunked[\r][\n]"
20:46:16.469 [main] DEBUG org.apache.http.wire -  << "Connection: keep-alive[\r][\n]"
20:46:16.469 [main] DEBUG org.apache.http.wire -  << "X-Powered-By: Express[\r][\n]"
20:46:16.469 [main] DEBUG org.apache.http.wire -  << "X-Ratelimit-Limit: 1000[\r][\n]"
20:46:16.469 [main] DEBUG org.apache.http.wire -  << "X-Ratelimit-Remaining: 999[\r][\n]"
20:46:16.469 [main] DEBUG org.apache.http.wire -  << "X-Ratelimit-Reset: 1677813520[\r][\n]"
20:46:16.469 [main] DEBUG org.apache.http.wire -  << "Vary: Origin, Accept-Encoding[\r][\n]"
20:46:16.469 [main] DEBUG org.apache.http.wire -  << "Access-Control-Allow-Credentials: true[\r][\n]"
20:46:16.469 [main] DEBUG org.apache.http.wire -  << "Cache-Control: max-age=43200[\r][\n]"
20:46:16.469 [main] DEBUG org.apache.http.wire -  << "Pragma: no-cache[\r][\n]"
20:46:16.469 [main] DEBUG org.apache.http.wire -  << "Expires: -1[\r][\n]"
20:46:16.469 [main] DEBUG org.apache.http.wire -  << "X-Content-Type-Options: nosniff[\r][\n]"
20:46:16.469 [main] DEBUG org.apache.http.wire -  << "Etag: W/"6b80-Ybsq/K6GwwqrYkAsFxqDXGC7DoM"[\r][\n]"
20:46:16.469 [main] DEBUG org.apache.http.wire -  << "Content-Encoding: gzip[\r][\n]"
20:46:16.469 [main] DEBUG org.apache.http.wire -  << "Via: 1.1 vegur[\r][\n]"
20:46:16.469 [main] DEBUG org.apache.http.wire -  << "CF-Cache-Status: HIT[\r][\n]"
20:46:16.469 [main] DEBUG org.apache.http.wire -  << "Age: 23564[\r][\n]"
20:46:16.469 [main] DEBUG org.apache.http.wire -  << "Report-To: {"endpoints":[{"url":"https:\/\/a.nel.cloudflare.com\/report\/v3?s=UAN9%2ByqnBaUmkeindUSQPu8RYyWbwZ3NCFyJN13NWmn4V1GbqRwTijivzOzEA1feu%2BLPGKsCux%2Fd%2FROwJzsgFw6maqsW6%2Futm4Cqyh3dfPgm%2BvQzIyz8GlWRZWKn%2BD9AyIO2K%2Fjz%2BeLDIAJHpwL%2B"}],"group":"cf-nel","max_age":604800}[\r][\n]"
20:46:16.469 [main] DEBUG org.apache.http.wire -  << "NEL: {"success_fraction":0,"report_to":"cf-nel","max_age":604800}[\r][\n]"
20:46:16.469 [main] DEBUG org.apache.http.wire -  << "Server: cloudflare[\r][\n]"
20:46:16.469 [main] DEBUG org.apache.http.wire -  << "CF-RAY: 7b1146fffa81a138-SIN[\r][\n]"
20:46:16.469 [main] DEBUG org.apache.http.wire -  << "alt-svc: h3=":443"; ma=86400, h3-29=":443"; ma=86400[\r][\n]"
20:46:16.469 [main] DEBUG org.apache.http.wire -  << "[\r][\n]"
20:46:16.470 [main] DEBUG org.apache.http.impl.conn.DefaultClientConnection - Receiving response: HTTP/1.1 200 OK
20:46:16.470 [main] DEBUG org.apache.http.headers - << HTTP/1.1 200 OK
20:46:16.470 [main] DEBUG org.apache.http.headers - << Date: Sat, 01 Apr 2023 13:46:16 GMT
20:46:16.470 [main] DEBUG org.apache.http.headers - << Content-Type: application/json; charset=utf-8
20:46:16.470 [main] DEBUG org.apache.http.headers - << Transfer-Encoding: chunked
20:46:16.470 [main] DEBUG org.apache.http.headers - << Connection: keep-alive
20:46:16.470 [main] DEBUG org.apache.http.headers - << X-Powered-By: Express
20:46:16.470 [main] DEBUG org.apache.http.headers - << X-Ratelimit-Limit: 1000
20:46:16.470 [main] DEBUG org.apache.http.headers - << X-Ratelimit-Remaining: 999
20:46:16.470 [main] DEBUG org.apache.http.headers - << X-Ratelimit-Reset: 1677813520
20:46:16.470 [main] DEBUG org.apache.http.headers - << Vary: Origin, Accept-Encoding
20:46:16.470 [main] DEBUG org.apache.http.headers - << Access-Control-Allow-Credentials: true
20:46:16.470 [main] DEBUG org.apache.http.headers - << Cache-Control: max-age=43200
20:46:16.470 [main] DEBUG org.apache.http.headers - << Pragma: no-cache
20:46:16.470 [main] DEBUG org.apache.http.headers - << Expires: -1
20:46:16.470 [main] DEBUG org.apache.http.headers - << X-Content-Type-Options: nosniff
20:46:16.470 [main] DEBUG org.apache.http.headers - << Etag: W/"6b80-Ybsq/K6GwwqrYkAsFxqDXGC7DoM"
20:46:16.470 [main] DEBUG org.apache.http.headers - << Content-Encoding: gzip
20:46:16.470 [main] DEBUG org.apache.http.headers - << Via: 1.1 vegur
20:46:16.470 [main] DEBUG org.apache.http.headers - << CF-Cache-Status: HIT
20:46:16.470 [main] DEBUG org.apache.http.headers - << Age: 23564
20:46:16.470 [main] DEBUG org.apache.http.headers - << Report-To: {"endpoints":[{"url":"https:\/\/a.nel.cloudflare.com\/report\/v3?s=UAN9%2ByqnBaUmkeindUSQPu8RYyWbwZ3NCFyJN13NWmn4V1GbqRwTijivzOzEA1feu%2BLPGKsCux%2Fd%2FROwJzsgFw6maqsW6%2Futm4Cqyh3dfPgm%2BvQzIyz8GlWRZWKn%2BD9AyIO2K%2Fjz%2BeLDIAJHpwL%2B"}],"group":"cf-nel","max_age":604800}
20:46:16.470 [main] DEBUG org.apache.http.headers - << NEL: {"success_fraction":0,"report_to":"cf-nel","max_age":604800}
20:46:16.470 [main] DEBUG org.apache.http.headers - << Server: cloudflare
20:46:16.470 [main] DEBUG org.apache.http.headers - << CF-RAY: 7b1146fffa81a138-SIN
20:46:16.470 [main] DEBUG org.apache.http.headers - << alt-svc: h3=":443"; ma=86400, h3-29=":443"; ma=86400
20:46:16.471 [main] DEBUG org.apache.http.impl.client.DefaultHttpClient - Connection can be kept alive indefinitely
20:46:16.471 [main] DEBUG io.restassured.internal.RestAssuredHttpBuilder - Parsing response as: application/json; charset=utf-8
20:46:16.472 [main] DEBUG org.apache.http.wire -  << "1b9a[\r][\n]"
20:46:16.472 [main] DEBUG org.apache.http.wire -  << "[0x1f][0x8b][0x8][0x0][0x0][0x0][0x0][0x0][0x0][0x3][0x8d]]I[0x8e][0xe4][0xc8][0x8e][0xdd][0xff]S[0x8][0xb9][0xfe][0x8b][0x9a][0x87][0xbe]A[0x9f][0xa1][0xa3][0x17][0x16][0xee][0x96]U[0x2][0xdc][0xa5]([0x97][0x94][0x88]F[0xa3][0xef][0xde]$[0x1f]'[0x93][0xc9]=[0x5]d[0x15]b[0x90]K2[0x1a][0x87][0xc7]G[0xd2][0xe2][0xbf][0xfe]5[0xc][0xff]K[0xff][\r][0xc3][0x97]m[0xa9][0x8f][0xff][0xbc]~[0xf9][0x8f][0xe1][0xc7][0xe3][0x7]c[0xfe]f[0x1d][0xd7][[0xa5][0xef][0xbf],[0xdb][0xb4][0xe]e[[0x87][0xaf][0xe5]R[0x1f]ux[0xd4][0x8f]z[0xbb][0x95]u[0xf8]x[0xcc][0xdf][0xc6]k[0xa5][0xdf][0xce][0x97]K[0xa9][0x97][0xb2][0x8e]C[0xfd][0xbc][0xd4][0x8f]u{[0x8c][0xc3][0xfc][0xb1][0x8e]3_[0xfc][0xa8][0xd7][0xe9]Z[0x1f][0xe3][0xfa]Eo[0xfd]>_[0xff][0x87][0xef][0xfc][0xcf]6[0x96][0xa1][0xae][0xc3][0xb2]-[0x97][0xf1]c\[0xdf]&[0xfb][0x8a]>w[0xd9][0x96]2]K[0x1d].[0xf3][0xb4][0xd4]6z[0x8b][0xed]A[0xf7][0xff][0xa8][0xd7]q[0x95][0x8f]][0xb6][0xfb][0xdb][0xd4]<`[0xb8][0xcf][0xb7][0xba][0xac]#}[0x8a][0xde][0x97][0xfe][0xfd][0xb3][0x95]eX[0xe7][0xb5][0xd0][0x95][0xd3][0xbc][0xac][0x8f][0xed]N[0xb7][0xe6][0xff][0xd3]e[0xbc][0xa8]z[0x1f]d}[0xf][0xfa][0xa2]~[0xab][0xd3]H[0xf7]-[0x8f][0xcb][0xdf][0xe3]Z/[0xeb][0xfc][0x85][0xde][0xf7][0xff][0xfe][0xfd]=[0x89][0xfd][0xb4][0x97][0x18][0xad]K[0xee]_[0x97][0xa5][0xee][0xd7][0xcc]?[0xc7][0x1b][0xd0][0xb3]?f[0x92][0xe7]7ZN}[0x93]5[0x8e][0xc3]2[0xd2][0xcb]L[0xe3][0xdf][0xe3][0xad][0x15][0xdd]p[0x9d]o[0xf3]cx[0xaf][0x85].[0x1e]j[0xc1][0xf7]u[0x19]&[0xfa][0x18]}[0xfa][0xeb][0xf6][0xd7]H[[0xf2]~#[0x99][0x8d][0xeb]8.[0xc3][0xb7][0xf9][0xb6]}[0xac]e[0xad][0x3]=[0xe5]1[0xf][0xdf]"
20:46:16.472 [main] DEBUG org.apache.http.wire -  << "[0xea]Mo[0xdc][0x8][0xe9]Q[0xc7][0xcb]H[0xf][0x19][0x97][0xb7][0x89]_[0xa0]|[0xd0][0xe3][0xca]}[0x98][0xe6]i[0xb8][0xd6]w[0xba][0xd7]B7X[0x96][0xf1][0xbe]-[0x3]_ [0xf][0xa4];-[0xf4][0xe5]FzpNF?[0xef]eDK[0xb0][0xf7]Xd[0x9b]Xw[0xea][0xe3]B[0xc2] [0xbd][0x99][0xea]=[0xf4][0x8c][0x9f]:~,[0x85][0x84]#{[0xd6][0x89]t[0x1d][0xc6]mY[0xe7]a[0xa9]W[0xba]x[0xa6][0xef][0x1e]$[0x12][0x17][0xc0]=[0xe9][0xe7]|[0xa7]7[0x1f][0xea]m[0xfc][0x8b][0xd7],j][0xae][0xcd][0xb5]"[0xd8][0xf1][0x9d]V[0xcb][0x12]+[0x17][0xd1][0xc3]u[0xa4][\r][0xa3][0xf7] Y[0x14][0x12][0xf]i[0xe2][0xdb][0x14]b[0x84][0x80]+[0xbd][0xc4]0_I[0xe9][0xe9][0x85]n[0xe5][0x9d][0xf7][0x96][0xbe][0xa2][0xbb][0xe8]k[0x9f][0x12][0xd4]/[0x9d][0xa0]XYW[0xd1]'_[0xc6]^[0x2][0xbc][0xf]r[0xd5]RHhiO[0x87][0xb4][0xb0]r%[0xcb]"[0xf3]"U[0xe3][0x17][0xba]W3[0x80][0xb2],[0xdb][0x9d]./[0xc9][0xa2][0xa1][0xa2][0x97][0xed][0xf6]QD/[0x96][0xe1][0xef][0xf1]B[0xa6]x[0xbf][0xd3][\n]"
20:46:16.473 [main] DEBUG org.apache.http.wire -  << "I[0x7][0xe8]>f6k[0x9d]*[0x9b]&4[0xf2][0xce][0xda][0xc1][0xbb]u[0xd7]m[0x90][0xf][0x8b][0x8d][0xa5]w[0xc1][0xed][0xc7][0xdb]m[0x86]|[0xce][0xc9][0xe6][0xd7][0xbd]l[0xfc]=[0xc4][0xce]Y[0xf6]{[0xc9][0x90][0x12]m[0xd7][0x11][0x8e][0x84][0xcd][0xbb][0xf0]6[0x96][0xfa](+[0xde][0x89]T[0xe6]m*7VBqq0#U4v[0xe][0xa4]R$[0xfa]V[0x9b]D[0x87][0xdc]([0xd8][0xca]}m[0xa2]8[0xbc][0xe4][0xb7]I=L+[0x1f][0x98][0xcf][0xb9][0xe5][0xfe][0xb6]_[0xae]Jx`[0x95][0xb8][0x97][0xbf]&2[0x99]yq[0x8b]eo[0xda])[0x6][0xbd][0xc2]B[0xbf][0x9f]Xei[0xfb][0x1e][0xa4][0xaa][0xbc][0x97][0x85][0xc5][0xf]o[0x0][0xad][0xf6][0x8d][0x17]7$[0xca]M[0xdb]B[0xee]y[0x9a][0xdf][0xe9][0xf7]$![0xfa][0xf1]5\[0xc7][0xdb]Dw]>H[0xcf][\n]"
20:46:16.473 [main] DEBUG org.apache.http.wire -  << "{[0x8]VP[0xba][0xb6][0xde][0xe7][0xa1][0xbc][0xef]<WkBeI[0xb2]t/[0x6]#[0xa9]kV"[0xd6]9i[0xfd][0xbe][0x97][0x16]K[0x88][0xc4]BQk[0xbc][0x8d][0xb][0xf6]s/[0x1f]<n[0xf8][0xb8]Qh[0x83][0xa7][0xa1][0xfd][0xbb][0xb2]-[0x15][0xf1]$[0xea][0x9b]!l[0x91][0x14][0xe9][0x90][0x88][0x1a][0xdf][0xf1]5X[0xf5][0xa6][0xc6]'[\n]"
20:46:16.473 [main] DEBUG org.apache.http.wire -  << "[0xcd][0xee]+B[0xa2][0x4][0xa4][0xb1]p[0x98][0x9b]$<[0xc1][0xe7][0xf3]&[0xd2][0xf3][0xe0][0xbd][0xca]rn[0xb9]<S[0xe]][0x12]k[0x9f][0x98]a[0xb7][0xe4][0x91][0xd6][0xc2][0xaa][0x9b]T[0xc7]>+o[0xc3]Q[0xd5][0x84][0x16][0x2])[0xb4]n[\r]O[0x1e][0xa4]=`[0xb9]-HH6[0x3][0x83][0xd4][0xee]e[0x94]-v1[0xbc]Mp[0xf][0xb4]~[0xf3]'0[\r]S[0xb][0xd6][0xee]Y[0x9d][0xb3]l[0xc0]9[0x89][0xfc][0xf9][0xd4];[0xb0]#R[0xab][0xb5][0x95]"[0xf8][\n]"
20:46:16.473 [main] DEBUG org.apache.http.wire -  << "[0x8c]H[0xfa][0xb9][0x97][0x95]@[0x8f][0xcb]*[0xe6][0xb][0x1][0xb4][0xf7][0xc4][0xdd][0xc8][0xd4]U)[\n]"
20:46:16.473 [main] DEBUG org.apache.http.wire -  << "[0x82][0x9][0xfc][0xc][0x1c][0x8]@[0x88]|[0x7][[0xa2][0xab]WC[0x1f][0xac]?W[0xf9]"[0xc]P[0xa5][0xa0][\n]"
20:46:16.473 [main] DEBUG org.apache.http.wire -  << "[0xeb][0xdf][0x9e][0x93][0xc1][0x8f]?[0xec][0x85][0x0][0x18][0x16][0xa1]v[0xbc][0xe2]Ek[0xbf]ZVf~7[0x83]X[0xb2][0x9][0xb4][0xa3][0xc3][0xfc][0xf5]+[0x1b][0xba][0x4]D[0xd9][0xd4][0xb7])[0xa2]$+A[0xf2][0xb2][0xbc]|[\n]"
20:46:16.473 [main] DEBUG org.apache.http.wire -  << "[0x86][0x82][0xf][0x16][0x86]tt[0xd7]%\/-[0x97][0xf5][0x1c]2[0xbf]K[0x90]}H[0xc8]'[0x5][0xa1] [0xfa]x[0xba][0xcc][0x9f][0x9a]ev [0x15][0xe]H[0x1e]-[0xcb][0xbb][0x95][0xed][0xaa]>[0xe7][0xd8][0xf0][0xeb][0x8d]6[0x96][0x9e][0x9f]be[0x4][0xf4][0xc0][0xb][0xc][0x83][0xee]#moqx[0xc8][0xb][0xce][0xee][0x9e][0xe2][0x87][0xaf]f[0x9c][0xc4]9+L[0x93][0xf5][0xb3][0xd0][0x2]7[0xb9][0xeb][[0xb2][0xfe][0xb][0xc2][0x99].[0xe3][0x95]4[0xeb]mb[0xa7]-[0xca][0xa6][0xbf]>)[0x93][0xe][0x86][0xd2][0xcb][0x84][0xfd][0x1a][0xda][0xa4][0xfb]A[0xfd][0xd4][0x12][0xf6][0x82][0xa1][0xcd][0x90][0x8][0xe][0xb5][0x84][0xf]%g[0xff](u[0xa9][0xe][0x83][0x8a]:|[0xdc][0xc][0xa2]7[0xb5][0xad][0xc][0xe3][0xcb][0x7][0xc9][0x94][0xfc][0xbb]\[0x8b]8#[0x80]#[0x4]+[0xbf][0xa1][0xa7]D\%[0xbf][0xa0]"[0xe0][0xfb][0xc9]+[0x8e][0xb4][0x1d][0xd3][0x85][0x15]Xb[0xfb]99tPSV[0xba][0x89])[0x92]H[0xfc]E=[0xc4]9nb[0x3][0x10][0xc9][0xef][0x85][0xc2][0xa2][0xb8][0x8e][0x17][0xb2][0x9][0xf7]t[0xe2][0xf7][0xfc][0x16]~[0xd3][0xd8][0xd1]9[0xc5]2Z[0xda][0xb2]r&[0xf3]x[0xd0]e[0xe3][0x13][0x80]&[0x0]R[0x90][0x11] [0x1a][0x99][0x1e]o[0x85][0x18][0x8d]#V[0x1][0x96][0xec]!E)%[0xc][0xa5][0xac]L[0xee][0x95][0x92][0xa6][0xc0]t[0xd9][0x87][0x1][0xa8]F~[0xc3][0x11][0x82]q[0x98][0xc4][0x89]s[0xd2][0xed][0xf0]i^[0x80][0xbd][0xa4]8[0x9d][0xbd][0x10][0x9][%[0xcb]2[0xb4][0x8d][0xc9]k[0x0]&Tqr[0xd2]6eL[0x0]#B"Jv'[0xbe][0xcc]o[0x13][0xf6][0xb][0xfb][0xe3][0x9c][\n]"
20:46:16.473 [main] DEBUG org.apache.http.wire -  << "j[0xec][0xdb]#[0xa9][0xa0][0xc0];z[0xce]vv[0xcd][0x1d][0xee][0xc]W@[[0x3][0xcb]b;;[0x0][0x9f][0x9][0x7][0x89]#T[0xa4]!n[0x81][0xf3]U[0xb8][0x16]s[0xb0][0x6][0x87][0xc6][0xbb][0xb8][0xe0][0xec]W[0xd3][0xea][0xc4]"}Ii[0xd3][0x5][0x92][0x98]g{[0x9b]pW[0x87]{[0x8a]m_G[0xd4]v[0xe1][0x1d][0x2]m[0xe3][0x3][0x1][0xb1] [0xdb][0xb][0x5][0xf8][0x9c][0xb5][0x89][0xc6][0x8e]3[0x87][0xfc]#[0x84][0xee]wc[0xb0]&aC[0xcc]P[0x91][0x9][0xed][0x1e][0xed]3CXE[0x11]$C^[0xc8][0xea][0xb8]b[0x8f][0xbc]K[0x83][0xd5]E$H[0x8f][0xe0]d[0x7][0x80]}81[0x6][0xf6]J/[0x8]@V[0xc4]bV[0x1d][0x9a][0xca][0xe0][0x96]_-!Wv[0x7]'[0xc5][0xd8]AS[0xac][0xc0][0xb7][0x90][0xd5]4"tz{G[0x5]][0xca];/[0xd9][0xe3][0x8a][0x92][0x8b]3f[0xa0][0xcf][0xaf]+N$A1[0xbe][0x94][0xf8][0xb3]D([0x8a][0x93]SH[0x1e][0x87][0xa4]{P8[\n]"
20:46:16.473 [main] DEBUG org.apache.http.wire -  << "*@i[0x8][0xfd][0x95][0xc0]\l[0xf2][0x86][0x7][\n]"
20:46:16.473 [main] DEBUG org.apache.http.wire -  << "[0x94]8[0xeb][0x95];[0xbc][0x1a][0xa2][0xe4][0xfc][0x1d]QG[0xe2][0xb7]A[0xb3][0xc0][0xff][0xfb][0xc5][0x87][0xf5]i[0xaa]eN[0x11][0xe6][0x9d]w[0xd4][0xfd][0x87][0x84]UE^[\r]\[0xe1][0x1f]$[0x91]s[0xb8]6[0xde][0xa3]Z[0x0]<[0xb9][0xc6][0xe][0x81]Z[0xca][0xed][0x9][0x86]x[0x1d][0x11]^[\n]"
20:46:16.473 [main] DEBUG org.apache.http.wire -  << "[0x1][0xb4][0x86].[\n]"
20:46:16.473 [main] DEBUG org.apache.http.wire -  << "[0xcb]u[0xa2][0xbc][0x97][0xed]cd8[0xc6]DNdic[0xc4]fM[0x1d]D[0x5][0x18][0xe3]:[0x0]"
20:46:16.473 [main] DEBUG org.apache.http.wire -  << "5[0xb][0x81][0xfa]g[0xa9][0x94]U[0x82][0x92][0xbf][0x9e][0x90]&[0x1c][0xa1][0x1c][0xfb]-[0xe6][0xb0][0xbe][0x8b]?[0x1b][0x11][0xfc][0xd4][0xe1][0xcf][0x0][0x8a][0xe4][0xad][0xd3][0x2][0xcc][0xea][0xcb][0x11]+[0xd8]r~[0xd7][0xed]"!7[0xd3]P[0xb]@5c[\n]"
[...]
20:46:18.867 [main] DEBUG org.apache.http.wire -  >> "Host: jsonplaceholder.typicode.com[\r][\n]"
20:46:18.867 [main] DEBUG org.apache.http.wire -  >> "Connection: Keep-Alive[\r][\n]"
20:46:18.867 [main] DEBUG org.apache.http.wire -  >> "User-Agent: Apache-HttpClient/4.5.13 (Java/19.0.2)[\r][\n]"
20:46:18.867 [main] DEBUG org.apache.http.wire -  >> "Accept-Encoding: gzip,deflate[\r][\n]"
20:46:18.867 [main] DEBUG org.apache.http.wire -  >> "[\r][\n]"
20:46:18.867 [main] DEBUG org.apache.http.headers - >> PUT /posts/1 HTTP/1.1
20:46:18.867 [main] DEBUG org.apache.http.headers - >> Accept: */*
20:46:18.867 [main] DEBUG org.apache.http.headers - >> Content-Type: application/json
20:46:18.867 [main] DEBUG org.apache.http.headers - >> Content-Length: 55
20:46:18.867 [main] DEBUG org.apache.http.headers - >> Host: jsonplaceholder.typicode.com
20:46:18.867 [main] DEBUG org.apache.http.headers - >> Connection: Keep-Alive
20:46:18.867 [main] DEBUG org.apache.http.headers - >> User-Agent: Apache-HttpClient/4.5.13 (Java/19.0.2)
20:46:18.867 [main] DEBUG org.apache.http.headers - >> Accept-Encoding: gzip,deflate
20:46:18.867 [main] DEBUG org.apache.http.wire -  >> "{"id":1,"title":"Update","body":"Data baru","userId":1}"
20:46:19.428 [main] DEBUG org.apache.http.wire -  << "HTTP/1.1 200 OK[\r][\n]"
20:46:19.428 [main] DEBUG org.apache.http.wire -  << "Date: Sat, 01 Apr 2023 13:46:20 GMT[\r][\n]"
20:46:19.429 [main] DEBUG org.apache.http.wire -  << "Content-Type: application/json; charset=utf-8[\r][\n]"
20:46:19.429 [main] DEBUG org.apache.http.wire -  << "Transfer-Encoding: chunked[\r][\n]"
20:46:19.429 [main] DEBUG org.apache.http.wire -  << "Connection: keep-alive[\r][\n]"
20:46:19.429 [main] DEBUG org.apache.http.wire -  << "X-Powered-By: Express[\r][\n]"
20:46:19.429 [main] DEBUG org.apache.http.wire -  << "X-Ratelimit-Limit: 1000[\r][\n]"
20:46:19.429 [main] DEBUG org.apache.http.wire -  << "X-Ratelimit-Remaining: 995[\r][\n]"
20:46:19.429 [main] DEBUG org.apache.http.wire -  << "X-Ratelimit-Reset: 1680356830[\r][\n]"
20:46:19.429 [main] DEBUG org.apache.http.wire -  << "Vary: Origin, Accept-Encoding[\r][\n]"
20:46:19.429 [main] DEBUG org.apache.http.wire -  << "Access-Control-Allow-Credentials: true[\r][\n]"
20:46:19.429 [main] DEBUG org.apache.http.wire -  << "Cache-Control: no-cache[\r][\n]"
20:46:19.429 [main] DEBUG org.apache.http.wire -  << "Pragma: no-cache[\r][\n]"
20:46:19.429 [main] DEBUG org.apache.http.wire -  << "Expires: -1[\r][\n]"
20:46:19.429 [main] DEBUG org.apache.http.wire -  << "X-Content-Type-Options: nosniff[\r][\n]"
20:46:19.429 [main] DEBUG org.apache.http.wire -  << "Etag: W/"48-Zycg3U4Bo4RUzj7Af6hvT6QXl0M"[\r][\n]"
20:46:19.429 [main] DEBUG org.apache.http.wire -  << "Via: 1.1 vegur[\r][\n]"
20:46:19.429 [main] DEBUG org.apache.http.wire -  << "CF-Cache-Status: DYNAMIC[\r][\n]"
20:46:19.429 [main] DEBUG org.apache.http.wire -  << "Report-To: {"endpoints":[{"url":"https:\/\/a.nel.cloudflare.com\/report\/v3?s=hCV2wTu2ZwVYJa1bThAQ9%2FyvXDzcJzHLy5yCFBJSWjNlxA5YGCvglnP2PA%2FOmkTwxbcLhKMDoD5g%2FlSXjagE%2Bgwpat3LFOvfbwUOgvtdTn9lXGo32iczIlWPFkM2Gee5%2F0G3zsI1hkBcyjFqQ%2FXu"}],"group":"cf-nel","max_age":604800}[\r][\n]"
20:46:19.429 [main] DEBUG org.apache.http.wire -  << "NEL: {"success_fraction":0,"report_to":"cf-nel","max_age":604800}[\r][\n]"
20:46:19.429 [main] DEBUG org.apache.http.wire -  << "Server: cloudflare[\r][\n]"
20:46:19.429 [main] DEBUG org.apache.http.wire -  << "CF-RAY: 7b1147117b3c4487-SIN[\r][\n]"
20:46:19.429 [main] DEBUG org.apache.http.wire -  << "Content-Encoding: gzip[\r][\n]"
20:46:19.429 [main] DEBUG org.apache.http.wire -  << "alt-svc: h3=":443"; ma=86400, h3-29=":443"; ma=86400[\r][\n]"
20:46:19.429 [main] DEBUG org.apache.http.wire -  << "[\r][\n]"
20:46:19.429 [main] DEBUG org.apache.http.impl.conn.DefaultClientConnection - Receiving response: HTTP/1.1 200 OK
20:46:19.429 [main] DEBUG org.apache.http.headers - << HTTP/1.1 200 OK
20:46:19.429 [main] DEBUG org.apache.http.headers - << Date: Sat, 01 Apr 2023 13:46:20 GMT
20:46:19.429 [main] DEBUG org.apache.http.headers - << Content-Type: application/json; charset=utf-8
20:46:19.429 [main] DEBUG org.apache.http.headers - << Transfer-Encoding: chunked
20:46:19.429 [main] DEBUG org.apache.http.headers - << Connection: keep-alive
20:46:19.429 [main] DEBUG org.apache.http.headers - << X-Powered-By: Express
20:46:19.429 [main] DEBUG org.apache.http.headers - << X-Ratelimit-Limit: 1000
20:46:19.429 [main] DEBUG org.apache.http.headers - << X-Ratelimit-Remaining: 995
20:46:19.429 [main] DEBUG org.apache.http.headers - << X-Ratelimit-Reset: 1680356830
20:46:19.429 [main] DEBUG org.apache.http.headers - << Vary: Origin, Accept-Encoding
20:46:19.429 [main] DEBUG org.apache.http.headers - << Access-Control-Allow-Credentials: true
20:46:19.429 [main] DEBUG org.apache.http.headers - << Cache-Control: no-cache
20:46:19.429 [main] DEBUG org.apache.http.headers - << Pragma: no-cache
20:46:19.429 [main] DEBUG org.apache.http.headers - << Expires: -1
20:46:19.429 [main] DEBUG org.apache.http.headers - << X-Content-Type-Options: nosniff
20:46:19.429 [main] DEBUG org.apache.http.headers - << Etag: W/"48-Zycg3U4Bo4RUzj7Af6hvT6QXl0M"
20:46:19.429 [main] DEBUG org.apache.http.headers - << Via: 1.1 vegur
20:46:19.429 [main] DEBUG org.apache.http.headers - << CF-Cache-Status: DYNAMIC
20:46:19.429 [main] DEBUG org.apache.http.headers - << Report-To: {"endpoints":[{"url":"https:\/\/a.nel.cloudflare.com\/report\/v3?s=hCV2wTu2ZwVYJa1bThAQ9%2FyvXDzcJzHLy5yCFBJSWjNlxA5YGCvglnP2PA%2FOmkTwxbcLhKMDoD5g%2FlSXjagE%2Bgwpat3LFOvfbwUOgvtdTn9lXGo32iczIlWPFkM2Gee5%2F0G3zsI1hkBcyjFqQ%2FXu"}],"group":"cf-nel","max_age":604800}
20:46:19.429 [main] DEBUG org.apache.http.headers - << NEL: {"success_fraction":0,"report_to":"cf-nel","max_age":604800}
20:46:19.429 [main] DEBUG org.apache.http.headers - << Server: cloudflare
20:46:19.429 [main] DEBUG org.apache.http.headers - << CF-RAY: 7b1147117b3c4487-SIN
20:46:19.429 [main] DEBUG org.apache.http.headers - << Content-Encoding: gzip
20:46:19.429 [main] DEBUG org.apache.http.headers - << alt-svc: h3=":443"; ma=86400, h3-29=":443"; ma=86400
20:46:19.429 [main] DEBUG org.apache.http.impl.client.DefaultHttpClient - Connection can be kept alive indefinitely
20:46:19.429 [main] DEBUG io.restassured.internal.RestAssuredHttpBuilder - Parsing response as: application/json; charset=utf-8
20:46:19.429 [main] DEBUG org.apache.http.wire -  << "53[\r][\n]"
20:46:19.429 [main] DEBUG org.apache.http.wire -  << "[0x1f][0x8b][0x8][0x0][0x0][0x0][0x0][0x0][0x0][0x3][0xaa][0xe6]RPP[0xca]LQ[0xb2]R0[0xd4][0x1]1K2KrR[0x95][0xac][0x14][0x94]B[0xb]R[0x12]KR[0x95][0xc0][0x82]I[0xf9])[0x95] 1[0x97][0xc4][0x92]D[0x85][0xa4][0xc4][0xa2]R[0x88]piqj[0x91]'X+W-[0x0][0x0][0x0][0xff][0xff][0x3][0x0]s[0xea]8[0x94]H[0x0][0x0][0x0]"
20:46:19.429 [main] DEBUG org.apache.http.wire -  << "[\r][\n]"
20:46:19.429 [main] DEBUG org.apache.http.wire -  << "0[\r][\n]"
20:46:19.429 [main] DEBUG org.apache.http.wire -  << "[\r][\n]"
20:46:19.429 [main] DEBUG io.restassured.internal.RestAssuredHttpBuilder - Parsed data to instance of: class org.apache.http.conn.EofSensorInputStream
20:46:19.431 [main] DEBUG org.apache.http.impl.conn.BasicClientConnectionManager - Releasing connection org.apache.http.impl.conn.ManagedClientConnectionImpl@7a17ffee
20:46:19.431 [main] DEBUG org.apache.http.impl.conn.BasicClientConnectionManager - Connection can be kept alive indefinitely
20:46:19.431 [main] DEBUG net.thucydides.core.steps.StepInterceptor - STEP DONE: I send POST HTTP request url
  &amp#27;[32mWhen &amp#27;[0m&amp#27;[32mI send PUT HTTP request url&amp#27;[0m                        &amp#27;[90m# starter.stepdefinition.UserSteps.putHTTPrequest()&amp#27;[0m
20:46:19.435 [main] DEBUG net.thucydides.core.steps.StepInterceptor - STARTING STEP: UserSteps.putHTTPresponse200 - I receive valid HTTP response code 200
20:46:19.436 [main] DEBUG net.thucydides.core.steps.StepInterceptor - STEP DONE: I receive valid HTTP response code 200
  &amp#27;[32mThen &amp#27;[0m&amp#27;[32mI receive valid PUT HTTP response code 200&amp#27;[0m         &amp#27;[90m# starter.stepdefinition.UserSteps.putHTTPresponse200()&amp#27;[0m
20:46:19.439 [main] DEBUG net.thucydides.core.steps.StepInterceptor - STARTING STEP: UserSteps.validUpdatedData - I receive valid response
20:46:19.490 [main] DEBUG net.thucydides.core.steps.StepInterceptor - STEP DONE: I receive valid response
  &amp#27;[32mAnd &amp#27;[0m&amp#27;[32mI receive valid updated response body&amp#27;[0m               &amp#27;[90m# starter.stepdefinition.UserSteps.validUpdatedData()&amp#27;[0m
20:46:19.493 [main] INFO  - 
  _____   ___   ___   _____     ___     _     ___   ___   ___   ___  
 |_   _| | __| / __| |_   _|   | _ \   /_\   / __| / __| | __| |   \ 
   | |   | _|  \__ \   | |     |  _/  / _ \  \__ \ \__ \ | _|  | |) |
   |_|   |___| |___/   |_|     |_|   /_/ \_\ |___/ |___/ |___| |___/ 

PUT - As admin I have to be able to update data
----------------------------------------------------------------------
]]></system-out>
  </testcase>
  <testcase name="DELETE - As admin I have be able to delete user data" classname="User #2" time="1.456">
    <system-out><![CDATA[
Scenario: DELETE - As admin I have be able to delete user data &amp#27;[90m# src/test/resources/api/User.feature:29&amp#27;[0m
20:46:19.514 [main] INFO io.cucumber.core.plugin.SerenityReporter - Running feature from file:///C:/Users/User/IdeaProjects/Alterraaa/src/test/resources/api/User.feature
20:46:19.514 [main] WARN io.cucumber.core.plugin.SerenityReporter - Feature from file:///C:/Users/User/IdeaProjects/Alterraaa/src/test/resources/api/User.feature is not under the 'features' directory. Requirements report will not be correctly generated!
20:46:19.517 [main] INFO  - 
  _____   ___   ___   _____     ___   _____     _     ___   _____   ___   ___  
 |_   _| | __| / __| |_   _|   / __| |_   _|   /_\   | _ \ |_   _| | __| |   \ 
   | |   | _|  \__ \   | |     \__ \   | |    / _ \  |   /   | |   | _|  | |) |
   |_|   |___| |___/   |_|     |___/   |_|   /_/ \_\ |_|_\   |_|   |___| |___/ 

DELETE - As admin I have be able to delete user data(user;delete---as-admin-i-have-be-able-to-delete-user-data)
--------------------------------------------------------------------------------
20:46:19.564 [main] DEBUG net.thucydides.core.steps.StepInterceptor - STARTING STEP: UserSteps.setDeleteEndpoints - I set DELETE endpoints
20:46:19.564 [main] DEBUG net.thucydides.core.steps.StepInterceptor - STEP DONE: I set DELETE endpoints
  &amp#27;[32mGiven &amp#27;[0m&amp#27;[32mI set DELETE endpoints&amp#27;[0m                                 &amp#27;[90m# starter.stepdefinition.UserSteps.setDeleteEndpoints()&amp#27;[0m
20:46:19.570 [main] DEBUG net.thucydides.core.steps.StepInterceptor - STARTING STEP: UserSteps.deleteHTTPrequest - I send DELETE HTTP request
20:46:19.572 [main] DEBUG net.thucydides.core.steps.StepInterceptor - STARTING STEP: DELETE.deleteHttpRequest - I set DELETE endpoints
20:46:19.572 [main] DEBUG net.thucydides.core.steps.StepInterceptor - STEP DONE: I set DELETE endpoints
20:46:19.590 [main] DEBUG org.apache.http.impl.conn.BasicClientConnectionManager - Get connection for route {s}->https://jsonplaceholder.typicode.com:443
20:46:19.590 [main] DEBUG org.apache.http.impl.conn.DefaultClientConnectionOperator - Connecting to jsonplaceholder.typicode.com:443
20:46:20.148 [main] DEBUG org.apache.http.client.protocol.RequestAddCookies - CookieSpec selected: ignoreCookies
20:46:20.148 [main] DEBUG org.apache.http.client.protocol.RequestAuthCache - Auth cache not set in the context
20:46:20.148 [main] DEBUG org.apache.http.client.protocol.RequestTargetAuthentication - Target auth state: UNCHALLENGED
20:46:20.148 [main] DEBUG org.apache.http.client.protocol.RequestProxyAuthentication - Proxy auth state: UNCHALLENGED
20:46:20.148 [main] DEBUG org.apache.http.impl.client.DefaultHttpClient - Attempt 1 to execute request
20:46:20.148 [main] DEBUG org.apache.http.impl.conn.DefaultClientConnection - Sending request: DELETE /posts/1 HTTP/1.1
20:46:20.148 [main] DEBUG org.apache.http.wire -  >> "DELETE /posts/1 HTTP/1.1[\r][\n]"
20:46:20.148 [main] DEBUG org.apache.http.wire -  >> "Accept: */*[\r][\n]"
20:46:20.148 [main] DEBUG org.apache.http.wire -  >> "Host: jsonplaceholder.typicode.com[\r][\n]"
20:46:20.148 [main] DEBUG org.apache.http.wire -  >> "Connection: Keep-Alive[\r][\n]"
20:46:20.148 [main] DEBUG org.apache.http.wire -  >> "User-Agent: Apache-HttpClient/4.5.13 (Java/19.0.2)[\r][\n]"
20:46:20.148 [main] DEBUG org.apache.http.wire -  >> "Accept-Encoding: gzip,deflate[\r][\n]"
20:46:20.148 [main] DEBUG org.apache.http.wire -  >> "[\r][\n]"
20:46:20.148 [main] DEBUG org.apache.http.headers - >> DELETE /posts/1 HTTP/1.1
20:46:20.148 [main] DEBUG org.apache.http.headers - >> Accept: */*
20:46:20.148 [main] DEBUG org.apache.http.headers - >> Host: jsonplaceholder.typicode.com
20:46:20.148 [main] DEBUG org.apache.http.headers - >> Connection: Keep-Alive
20:46:20.148 [main] DEBUG org.apache.http.headers - >> User-Agent: Apache-HttpClient/4.5.13 (Java/19.0.2)
20:46:20.148 [main] DEBUG org.apache.http.headers - >> Accept-Encoding: gzip,deflate
20:46:20.940 [main] DEBUG org.apache.http.wire -  << "HTTP/1.1 200 OK[\r][\n]"
20:46:20.940 [main] DEBUG org.apache.http.wire -  << "Date: Sat, 01 Apr 2023 13:46:21 GMT[\r][\n]"
20:46:20.940 [main] DEBUG org.apache.http.wire -  << "Content-Type: application/json; charset=utf-8[\r][\n]"
20:46:20.940 [main] DEBUG org.apache.http.wire -  << "Content-Length: 2[\r][\n]"
20:46:20.940 [main] DEBUG org.apache.http.wire -  << "Connection: keep-alive[\r][\n]"
20:46:20.940 [main] DEBUG org.apache.http.wire -  << "X-Powered-By: Express[\r][\n]"
20:46:20.940 [main] DEBUG org.apache.http.wire -  << "X-Ratelimit-Limit: 1000[\r][\n]"
20:46:20.940 [main] DEBUG org.apache.http.wire -  << "X-Ratelimit-Remaining: 994[\r][\n]"
20:46:20.940 [main] DEBUG org.apache.http.wire -  << "X-Ratelimit-Reset: 1680356830[\r][\n]"
20:46:20.940 [main] DEBUG org.apache.http.wire -  << "Vary: Origin, Accept-Encoding[\r][\n]"
20:46:20.940 [main] DEBUG org.apache.http.wire -  << "Access-Control-Allow-Credentials: true[\r][\n]"
20:46:20.940 [main] DEBUG org.apache.http.wire -  << "Cache-Control: no-cache[\r][\n]"
20:46:20.940 [main] DEBUG org.apache.http.wire -  << "Pragma: no-cache[\r][\n]"
20:46:20.940 [main] DEBUG org.apache.http.wire -  << "Expires: -1[\r][\n]"
20:46:20.940 [main] DEBUG org.apache.http.wire -  << "X-Content-Type-Options: nosniff[\r][\n]"
20:46:20.940 [main] DEBUG org.apache.http.wire -  << "Etag: W/"2-vyGp6PvFo4RvsFtPoIWeCReyIC8"[\r][\n]"
20:46:20.940 [main] DEBUG org.apache.http.wire -  << "Via: 1.1 vegur[\r][\n]"
20:46:20.940 [main] DEBUG org.apache.http.wire -  << "CF-Cache-Status: DYNAMIC[\r][\n]"
20:46:20.940 [main] DEBUG org.apache.http.wire -  << "Report-To: {"endpoints":[{"url":"https:\/\/a.nel.cloudflare.com\/report\/v3?s=sf1nqk6NZdfBPhUXtwQPvzMBzqFeKaPN7vbVEeCqyCZ4BwNVbhpy9TgVAkCVP3umjlqq3uPl9VcIZFBbEtWdprmJ%2B9Hs3OEzTwOHuJgKmQG%2Bhfszq8pXahcpOzURj83dpbmvORermRTNx8qT%2Bzt%2B"}],"group":"cf-nel","max_age":604800}[\r][\n]"
20:46:20.940 [main] DEBUG org.apache.http.wire -  << "NEL: {"success_fraction":0,"report_to":"cf-nel","max_age":604800}[\r][\n]"
20:46:20.940 [main] DEBUG org.apache.http.wire -  << "Server: cloudflare[\r][\n]"
20:46:20.940 [main] DEBUG org.apache.http.wire -  << "CF-RAY: 7b1147197aa840a6-SIN[\r][\n]"
20:46:20.940 [main] DEBUG org.apache.http.wire -  << "alt-svc: h3=":443"; ma=86400, h3-29=":443"; ma=86400[\r][\n]"
20:46:20.940 [main] DEBUG org.apache.http.wire -  << "[\r][\n]"
20:46:20.940 [main] DEBUG org.apache.http.impl.conn.DefaultClientConnection - Receiving response: HTTP/1.1 200 OK
20:46:20.940 [main] DEBUG org.apache.http.headers - << HTTP/1.1 200 OK
20:46:20.940 [main] DEBUG org.apache.http.headers - << Date: Sat, 01 Apr 2023 13:46:21 GMT
20:46:20.940 [main] DEBUG org.apache.http.headers - << Content-Type: application/json; charset=utf-8
20:46:20.940 [main] DEBUG org.apache.http.headers - << Content-Length: 2
20:46:20.940 [main] DEBUG org.apache.http.headers - << Connection: keep-alive
20:46:20.940 [main] DEBUG org.apache.http.headers - << X-Powered-By: Express
20:46:20.940 [main] DEBUG org.apache.http.headers - << X-Ratelimit-Limit: 1000
20:46:20.940 [main] DEBUG org.apache.http.headers - << X-Ratelimit-Remaining: 994
20:46:20.940 [main] DEBUG org.apache.http.headers - << X-Ratelimit-Reset: 1680356830
20:46:20.940 [main] DEBUG org.apache.http.headers - << Vary: Origin, Accept-Encoding
20:46:20.940 [main] DEBUG org.apache.http.headers - << Access-Control-Allow-Credentials: true
20:46:20.940 [main] DEBUG org.apache.http.headers - << Cache-Control: no-cache
20:46:20.940 [main] DEBUG org.apache.http.headers - << Pragma: no-cache
20:46:20.940 [main] DEBUG org.apache.http.headers - << Expires: -1
20:46:20.940 [main] DEBUG org.apache.http.headers - << X-Content-Type-Options: nosniff
20:46:20.940 [main] DEBUG org.apache.http.headers - << Etag: W/"2-vyGp6PvFo4RvsFtPoIWeCReyIC8"
20:46:20.940 [main] DEBUG org.apache.http.headers - << Via: 1.1 vegur
20:46:20.940 [main] DEBUG org.apache.http.headers - << CF-Cache-Status: DYNAMIC
20:46:20.940 [main] DEBUG org.apache.http.headers - << Report-To: {"endpoints":[{"url":"https:\/\/a.nel.cloudflare.com\/report\/v3?s=sf1nqk6NZdfBPhUXtwQPvzMBzqFeKaPN7vbVEeCqyCZ4BwNVbhpy9TgVAkCVP3umjlqq3uPl9VcIZFBbEtWdprmJ%2B9Hs3OEzTwOHuJgKmQG%2Bhfszq8pXahcpOzURj83dpbmvORermRTNx8qT%2Bzt%2B"}],"group":"cf-nel","max_age":604800}
20:46:20.940 [main] DEBUG org.apache.http.headers - << NEL: {"success_fraction":0,"report_to":"cf-nel","max_age":604800}
20:46:20.940 [main] DEBUG org.apache.http.headers - << Server: cloudflare
20:46:20.940 [main] DEBUG org.apache.http.headers - << CF-RAY: 7b1147197aa840a6-SIN
20:46:20.940 [main] DEBUG org.apache.http.headers - << alt-svc: h3=":443"; ma=86400, h3-29=":443"; ma=86400
20:46:20.940 [main] DEBUG org.apache.http.impl.client.DefaultHttpClient - Connection can be kept alive indefinitely
20:46:20.940 [main] DEBUG io.restassured.internal.RestAssuredHttpBuilder - Parsing response as: application/json; charset=utf-8
20:46:20.940 [main] DEBUG io.restassured.internal.RestAssuredHttpBuilder - Parsed data to instance of: class org.apache.http.conn.EofSensorInputStream
20:46:20.942 [main] DEBUG org.apache.http.wire -  << "{}"
20:46:20.942 [main] DEBUG org.apache.http.impl.conn.BasicClientConnectionManager - Releasing connection org.apache.http.impl.conn.ManagedClientConnectionImpl@5eff5e4c
20:46:20.942 [main] DEBUG org.apache.http.impl.conn.BasicClientConnectionManager - Connection can be kept alive indefinitely
20:46:20.943 [main] DEBUG net.thucydides.core.steps.StepInterceptor - STEP DONE: I send DELETE HTTP request
  &amp#27;[32mWhen &amp#27;[0m&amp#27;[32mI send DELETE HTTP request&amp#27;[0m                              &amp#27;[90m# starter.stepdefinition.UserSteps.deleteHTTPrequest()&amp#27;[0m
20:46:20.947 [main] DEBUG net.thucydides.core.steps.StepInterceptor - STARTING STEP: UserSteps.deleteHTTPresponse200 - I receive valid delete HTTP response code 200
20:46:20.948 [main] DEBUG net.thucydides.core.steps.StepInterceptor - STEP DONE: I receive valid delete HTTP response code 200
  &amp#27;[32mThen &amp#27;[0m&amp#27;[32mI receive valid delete HTTP response code 200&amp#27;[0m           &amp#27;[90m# starter.stepdefinition.UserSteps.deleteHTTPresponse200()&amp#27;[0m
20:46:20.950 [main] INFO  - 
  _____   ___   ___   _____     ___     _     ___   ___   ___   ___  
 |_   _| | __| / __| |_   _|   | _ \   /_\   / __| / __| | __| |   \ 
   | |   | _|  \__ \   | |     |  _/  / _ \  \__ \ \__ \ | _|  | |) |
   |_|   |___| |___/   |_|     |_|   /_/ \_\ |___/ |___/ |___| |___/ 

DELETE - As admin I have be able to delete user data
----------------------------------------------------------------------
]]></system-out>
  </testcase>
</testsuite>