<?xml version="1.0" encoding="UTF-8" standalone="no"?><testsuite errors="0" failures="0" name="User" skipped="0" tests="14" time="12.72" timestamp="2023-04-15 10:00:18"><testcase name="LOGIN - As admin I have be able to login"/><testcase name="USER - GET detail data user"/><testcase name="USER - GET a single user with invalid endpoints"/><testcase name="USER - GET ALL detail data user"/><testcase name="USER - GET ALL detail data user with invalid url"/><testcase name="USER - GET limit result with valid param"/><testcase name="USER - GET limit result with invalid param"/><testcase name="USER - GET result user in descending sort"/><testcase name="USER - USER POST new product with valid data"/><testcase name="USER - USER POST new product with invalid data"/><testcase name="USER - USER PUT existing user"/><testcase name="USER - PUT existing user with invalid endpoints"/><testcase name="USER - DELETE existing user with valid id"/><testcase name="USER - DELETE existing user with invalid id"/></testsuite>